[2024-04-27T01:09:02.347+0000] {local_task_job_runner.py:120} INFO - ::group::Pre task execution logs
[2024-04-27T01:09:02.390+0000] {taskinstance.py:2073} INFO - Dependencies all met for dep_context=non-requeueable deps ti=<TaskInstance: crypto_etl_dag.obtener_datos manual__2024-04-27T01:08:53.866668+00:00 [queued]>
[2024-04-27T01:09:02.409+0000] {taskinstance.py:2073} INFO - Dependencies all met for dep_context=requeueable deps ti=<TaskInstance: crypto_etl_dag.obtener_datos manual__2024-04-27T01:08:53.866668+00:00 [queued]>
[2024-04-27T01:09:02.410+0000] {taskinstance.py:2303} INFO - Starting attempt 1 of 2
[2024-04-27T01:09:02.464+0000] {taskinstance.py:2327} INFO - Executing <Task(PythonOperator): obtener_datos> on 2024-04-27 01:08:53.866668+00:00
[2024-04-27T01:09:02.475+0000] {standard_task_runner.py:90} INFO - Running: ['airflow', 'tasks', 'run', 'crypto_etl_dag', 'obtener_datos', 'manual__2024-04-27T01:08:53.866668+00:00', '--job-id', '63', '--raw', '--subdir', 'DAGS_FOLDER/Crypto_etl_dag.py', '--cfg-path', '/tmp/tmpgv2dztwn']
[2024-04-27T01:09:02.476+0000] {standard_task_runner.py:91} INFO - Job 63: Subtask obtener_datos
[2024-04-27T01:09:02.496+0000] {logging_mixin.py:188} WARNING - /home/airflow/.local/lib/python3.12/site-packages/airflow/task/task_runner/standard_task_runner.py:61 DeprecationWarning: This process (pid=61) is multi-threaded, use of fork() may lead to deadlocks in the child.
[2024-04-27T01:09:02.497+0000] {standard_task_runner.py:63} INFO - Started process 66 to run task
[2024-04-27T01:09:02.636+0000] {task_command.py:426} INFO - Running <TaskInstance: crypto_etl_dag.obtener_datos manual__2024-04-27T01:08:53.866668+00:00 [running]> on host cfc50b94fda3
[2024-04-27T01:09:02.930+0000] {taskinstance.py:2644} INFO - Exporting env vars: AIRFLOW_CTX_DAG_OWNER='airflow' AIRFLOW_CTX_DAG_ID='crypto_etl_dag' AIRFLOW_CTX_TASK_ID='obtener_datos' AIRFLOW_CTX_EXECUTION_DATE='2024-04-27T01:08:53.866668+00:00' AIRFLOW_CTX_TRY_NUMBER='1' AIRFLOW_CTX_DAG_RUN_ID='manual__2024-04-27T01:08:53.866668+00:00'
[2024-04-27T01:09:02.932+0000] {taskinstance.py:430} INFO - ::endgroup::
[2024-04-27T01:09:03.144+0000] {python.py:237} INFO - Done. Returned value was:                          id  ...                                             quotes
0               btc-bitcoin  ...  {'USD': {'price': 63201.24672346525, 'volume_2...
1              eth-ethereum  ...  {'USD': {'price': 3110.360957818226, 'volume_2...
2               usdt-tether  ...  {'USD': {'price': 1.0011469398334496, 'volume_...
3          bnb-binance-coin  ...  {'USD': {'price': 592.9300241204569, 'volume_2...
4                sol-solana  ...  {'USD': {'price': 137.09332066683498, 'volume_...
5             usdc-usd-coin  ...  {'USD': {'price': 1.0017252228922027, 'volume_...
6   steth-lido-staked-ether  ...  {'USD': {'price': 3108.5794114697464, 'volume_...
7                   xrp-xrp  ...  {'USD': {'price': 0.5194294685322768, 'volume_...
8             doge-dogecoin  ...  {'USD': {'price': 0.14659067298353468, 'volume...
9  toncoin-the-open-network  ...  {'USD': {'price': 5.279908899592037, 'volume_2...

[10 rows x 10 columns]
[2024-04-27T01:09:03.179+0000] {taskinstance.py:441} INFO - ::group::Post task execution logs
[2024-04-27T01:09:03.322+0000] {taskinstance.py:1205} INFO - Marking task as SUCCESS. dag_id=crypto_etl_dag, task_id=obtener_datos, execution_date=20240427T010853, start_date=20240427T010902, end_date=20240427T010903
[2024-04-27T01:09:03.394+0000] {local_task_job_runner.py:240} INFO - Task exited with return code 0
[2024-04-27T01:09:03.446+0000] {taskinstance.py:3482} INFO - 1 downstream tasks scheduled from follow-on schedule check
[2024-04-27T01:09:03.460+0000] {local_task_job_runner.py:222} INFO - ::endgroup::
