[2024-04-26T16:30:48.355+0000] {processor.py:161} INFO - Started process (PID=40) to work on /opt/airflow/dags/Crypto_etl_dag.py
[2024-04-26T16:30:48.357+0000] {processor.py:830} INFO - Processing file /opt/airflow/dags/Crypto_etl_dag.py for tasks to queue
[2024-04-26T16:30:48.360+0000] {logging_mixin.py:188} INFO - [2024-04-26T16:30:48.359+0000] {dagbag.py:540} INFO - Filling up the DagBag from /opt/airflow/dags/Crypto_etl_dag.py
[2024-04-26T16:30:49.132+0000] {logging_mixin.py:188} INFO - Error al conectar a la base de datos: invalid integer value "None" for connection option "port"
[2024-04-26T16:30:49.469+0000] {processor.py:840} INFO - DAG(s) 'crypto_etl_dag' retrieved from /opt/airflow/dags/Crypto_etl_dag.py
[2024-04-26T16:30:49.529+0000] {logging_mixin.py:188} INFO - [2024-04-26T16:30:49.529+0000] {dag.py:3096} INFO - Sync 1 DAGs
[2024-04-26T16:30:49.929+0000] {logging_mixin.py:188} INFO - [2024-04-26T16:30:49.929+0000] {dag.py:3954} INFO - Setting next_dagrun for crypto_etl_dag to 2024-04-18 00:00:00+00:00, run_after=2024-04-19 00:00:00+00:00
[2024-04-26T16:30:50.349+0000] {processor.py:183} INFO - Processing /opt/airflow/dags/Crypto_etl_dag.py took 2.006 seconds
[2024-04-26T16:31:20.541+0000] {processor.py:161} INFO - Started process (PID=58) to work on /opt/airflow/dags/Crypto_etl_dag.py
[2024-04-26T16:31:20.542+0000] {processor.py:830} INFO - Processing file /opt/airflow/dags/Crypto_etl_dag.py for tasks to queue
[2024-04-26T16:31:20.544+0000] {logging_mixin.py:188} INFO - [2024-04-26T16:31:20.543+0000] {dagbag.py:540} INFO - Filling up the DagBag from /opt/airflow/dags/Crypto_etl_dag.py
[2024-04-26T16:31:21.875+0000] {logging_mixin.py:188} INFO - Error al conectar a la base de datos: invalid integer value "None" for connection option "port"
[2024-04-26T16:31:22.950+0000] {processor.py:840} INFO - DAG(s) 'crypto_etl_dag' retrieved from /opt/airflow/dags/Crypto_etl_dag.py
[2024-04-26T16:31:23.266+0000] {logging_mixin.py:188} INFO - [2024-04-26T16:31:23.265+0000] {dag.py:3096} INFO - Sync 1 DAGs
[2024-04-26T16:31:23.299+0000] {logging_mixin.py:188} INFO - [2024-04-26T16:31:23.299+0000] {dag.py:3954} INFO - Setting next_dagrun for crypto_etl_dag to 2024-04-18 00:00:00+00:00, run_after=2024-04-19 00:00:00+00:00
[2024-04-26T16:31:23.390+0000] {processor.py:183} INFO - Processing /opt/airflow/dags/Crypto_etl_dag.py took 2.857 seconds
[2024-04-26T16:31:53.498+0000] {processor.py:161} INFO - Started process (PID=61) to work on /opt/airflow/dags/Crypto_etl_dag.py
[2024-04-26T16:31:53.504+0000] {processor.py:830} INFO - Processing file /opt/airflow/dags/Crypto_etl_dag.py for tasks to queue
[2024-04-26T16:31:53.511+0000] {logging_mixin.py:188} INFO - [2024-04-26T16:31:53.510+0000] {dagbag.py:540} INFO - Filling up the DagBag from /opt/airflow/dags/Crypto_etl_dag.py
[2024-04-26T16:31:55.624+0000] {logging_mixin.py:188} INFO - Error al conectar a la base de datos: invalid integer value "None" for connection option "port"
[2024-04-26T16:31:55.889+0000] {processor.py:840} INFO - DAG(s) 'crypto_etl_dag' retrieved from /opt/airflow/dags/Crypto_etl_dag.py
[2024-04-26T16:31:55.976+0000] {logging_mixin.py:188} INFO - [2024-04-26T16:31:55.975+0000] {dag.py:3096} INFO - Sync 1 DAGs
[2024-04-26T16:31:56.006+0000] {logging_mixin.py:188} INFO - [2024-04-26T16:31:56.005+0000] {dag.py:3954} INFO - Setting next_dagrun for crypto_etl_dag to 2024-04-18 00:00:00+00:00, run_after=2024-04-19 00:00:00+00:00
[2024-04-26T16:31:56.101+0000] {processor.py:183} INFO - Processing /opt/airflow/dags/Crypto_etl_dag.py took 2.633 seconds
[2024-04-26T16:32:40.481+0000] {processor.py:161} INFO - Started process (PID=88) to work on /opt/airflow/dags/Crypto_etl_dag.py
[2024-04-26T16:32:40.483+0000] {processor.py:830} INFO - Processing file /opt/airflow/dags/Crypto_etl_dag.py for tasks to queue
[2024-04-26T16:32:40.491+0000] {logging_mixin.py:188} INFO - [2024-04-26T16:32:40.487+0000] {dagbag.py:540} INFO - Filling up the DagBag from /opt/airflow/dags/Crypto_etl_dag.py
[2024-04-26T16:32:41.433+0000] {logging_mixin.py:188} INFO - Error al conectar a la base de datos: invalid integer value "None" for connection option "port"
[2024-04-26T16:32:41.715+0000] {processor.py:840} INFO - DAG(s) 'crypto_etl_dag' retrieved from /opt/airflow/dags/Crypto_etl_dag.py
[2024-04-26T16:32:41.784+0000] {logging_mixin.py:188} INFO - [2024-04-26T16:32:41.783+0000] {dag.py:3096} INFO - Sync 1 DAGs
[2024-04-26T16:32:41.813+0000] {logging_mixin.py:188} INFO - [2024-04-26T16:32:41.812+0000] {dag.py:3954} INFO - Setting next_dagrun for crypto_etl_dag to 2024-04-20 00:00:00+00:00, run_after=2024-04-21 00:00:00+00:00
[2024-04-26T16:32:41.878+0000] {processor.py:183} INFO - Processing /opt/airflow/dags/Crypto_etl_dag.py took 1.407 seconds
[2024-04-26T16:33:12.005+0000] {processor.py:161} INFO - Started process (PID=115) to work on /opt/airflow/dags/Crypto_etl_dag.py
[2024-04-26T16:33:12.006+0000] {processor.py:830} INFO - Processing file /opt/airflow/dags/Crypto_etl_dag.py for tasks to queue
[2024-04-26T16:33:12.009+0000] {logging_mixin.py:188} INFO - [2024-04-26T16:33:12.008+0000] {dagbag.py:540} INFO - Filling up the DagBag from /opt/airflow/dags/Crypto_etl_dag.py
[2024-04-26T16:33:12.947+0000] {logging_mixin.py:188} INFO - Error al conectar a la base de datos: invalid integer value "None" for connection option "port"
[2024-04-26T16:33:13.424+0000] {processor.py:840} INFO - DAG(s) 'crypto_etl_dag' retrieved from /opt/airflow/dags/Crypto_etl_dag.py
[2024-04-26T16:33:13.523+0000] {logging_mixin.py:188} INFO - [2024-04-26T16:33:13.522+0000] {dag.py:3096} INFO - Sync 1 DAGs
[2024-04-26T16:33:13.549+0000] {logging_mixin.py:188} INFO - [2024-04-26T16:33:13.549+0000] {dag.py:3954} INFO - Setting next_dagrun for crypto_etl_dag to 2024-04-21 00:00:00+00:00, run_after=2024-04-22 00:00:00+00:00
[2024-04-26T16:33:13.623+0000] {processor.py:183} INFO - Processing /opt/airflow/dags/Crypto_etl_dag.py took 1.625 seconds
[2024-04-26T16:33:51.928+0000] {processor.py:161} INFO - Started process (PID=148) to work on /opt/airflow/dags/Crypto_etl_dag.py
[2024-04-26T16:33:51.929+0000] {processor.py:830} INFO - Processing file /opt/airflow/dags/Crypto_etl_dag.py for tasks to queue
[2024-04-26T16:33:51.931+0000] {logging_mixin.py:188} INFO - [2024-04-26T16:33:51.931+0000] {dagbag.py:540} INFO - Filling up the DagBag from /opt/airflow/dags/Crypto_etl_dag.py
[2024-04-26T16:33:52.846+0000] {logging_mixin.py:188} INFO - Error al conectar a la base de datos: invalid integer value "None" for connection option "port"
[2024-04-26T16:33:53.271+0000] {processor.py:840} INFO - DAG(s) 'crypto_etl_dag' retrieved from /opt/airflow/dags/Crypto_etl_dag.py
[2024-04-26T16:33:53.348+0000] {logging_mixin.py:188} INFO - [2024-04-26T16:33:53.347+0000] {dag.py:3096} INFO - Sync 1 DAGs
[2024-04-26T16:33:53.379+0000] {logging_mixin.py:188} INFO - [2024-04-26T16:33:53.378+0000] {dag.py:3954} INFO - Setting next_dagrun for crypto_etl_dag to 2024-04-24 00:00:00+00:00, run_after=2024-04-25 00:00:00+00:00
[2024-04-26T16:33:53.555+0000] {processor.py:183} INFO - Processing /opt/airflow/dags/Crypto_etl_dag.py took 1.635 seconds
[2024-04-26T16:34:24.624+0000] {processor.py:161} INFO - Started process (PID=175) to work on /opt/airflow/dags/Crypto_etl_dag.py
[2024-04-26T16:34:24.625+0000] {processor.py:830} INFO - Processing file /opt/airflow/dags/Crypto_etl_dag.py for tasks to queue
[2024-04-26T16:34:24.627+0000] {logging_mixin.py:188} INFO - [2024-04-26T16:34:24.626+0000] {dagbag.py:540} INFO - Filling up the DagBag from /opt/airflow/dags/Crypto_etl_dag.py
[2024-04-26T16:34:25.497+0000] {logging_mixin.py:188} INFO - Error al conectar a la base de datos: invalid integer value "None" for connection option "port"
[2024-04-26T16:34:25.779+0000] {processor.py:840} INFO - DAG(s) 'crypto_etl_dag' retrieved from /opt/airflow/dags/Crypto_etl_dag.py
[2024-04-26T16:34:25.853+0000] {logging_mixin.py:188} INFO - [2024-04-26T16:34:25.852+0000] {dag.py:3096} INFO - Sync 1 DAGs
[2024-04-26T16:34:25.899+0000] {logging_mixin.py:188} INFO - [2024-04-26T16:34:25.899+0000] {dag.py:3954} INFO - Setting next_dagrun for crypto_etl_dag to 2024-04-26 00:00:00+00:00, run_after=2024-04-27 00:00:00+00:00
[2024-04-26T16:34:26.149+0000] {processor.py:183} INFO - Processing /opt/airflow/dags/Crypto_etl_dag.py took 1.533 seconds
[2024-04-26T16:34:56.379+0000] {processor.py:161} INFO - Started process (PID=184) to work on /opt/airflow/dags/Crypto_etl_dag.py
[2024-04-26T16:34:56.381+0000] {processor.py:830} INFO - Processing file /opt/airflow/dags/Crypto_etl_dag.py for tasks to queue
[2024-04-26T16:34:56.387+0000] {logging_mixin.py:188} INFO - [2024-04-26T16:34:56.386+0000] {dagbag.py:540} INFO - Filling up the DagBag from /opt/airflow/dags/Crypto_etl_dag.py
[2024-04-26T16:34:57.418+0000] {logging_mixin.py:188} INFO - Error al conectar a la base de datos: invalid integer value "None" for connection option "port"
[2024-04-26T16:34:57.685+0000] {processor.py:840} INFO - DAG(s) 'crypto_etl_dag' retrieved from /opt/airflow/dags/Crypto_etl_dag.py
[2024-04-26T16:34:57.763+0000] {logging_mixin.py:188} INFO - [2024-04-26T16:34:57.762+0000] {dag.py:3096} INFO - Sync 1 DAGs
[2024-04-26T16:34:57.792+0000] {logging_mixin.py:188} INFO - [2024-04-26T16:34:57.792+0000] {dag.py:3954} INFO - Setting next_dagrun for crypto_etl_dag to 2024-04-26 00:00:00+00:00, run_after=2024-04-27 00:00:00+00:00
[2024-04-26T16:34:57.872+0000] {processor.py:183} INFO - Processing /opt/airflow/dags/Crypto_etl_dag.py took 1.510 seconds
[2024-04-26T16:35:28.814+0000] {processor.py:161} INFO - Started process (PID=187) to work on /opt/airflow/dags/Crypto_etl_dag.py
[2024-04-26T16:35:28.815+0000] {processor.py:830} INFO - Processing file /opt/airflow/dags/Crypto_etl_dag.py for tasks to queue
[2024-04-26T16:35:28.817+0000] {logging_mixin.py:188} INFO - [2024-04-26T16:35:28.817+0000] {dagbag.py:540} INFO - Filling up the DagBag from /opt/airflow/dags/Crypto_etl_dag.py
[2024-04-26T16:35:29.687+0000] {logging_mixin.py:188} INFO - Error al conectar a la base de datos: invalid integer value "None" for connection option "port"
[2024-04-26T16:35:29.975+0000] {processor.py:840} INFO - DAG(s) 'crypto_etl_dag' retrieved from /opt/airflow/dags/Crypto_etl_dag.py
[2024-04-26T16:35:30.046+0000] {logging_mixin.py:188} INFO - [2024-04-26T16:35:30.045+0000] {dag.py:3096} INFO - Sync 1 DAGs
[2024-04-26T16:35:30.072+0000] {logging_mixin.py:188} INFO - [2024-04-26T16:35:30.071+0000] {dag.py:3954} INFO - Setting next_dagrun for crypto_etl_dag to 2024-04-26 00:00:00+00:00, run_after=2024-04-27 00:00:00+00:00
[2024-04-26T16:35:30.141+0000] {processor.py:183} INFO - Processing /opt/airflow/dags/Crypto_etl_dag.py took 1.334 seconds
[2024-04-26T16:36:01.009+0000] {processor.py:161} INFO - Started process (PID=190) to work on /opt/airflow/dags/Crypto_etl_dag.py
[2024-04-26T16:36:01.011+0000] {processor.py:830} INFO - Processing file /opt/airflow/dags/Crypto_etl_dag.py for tasks to queue
[2024-04-26T16:36:01.013+0000] {logging_mixin.py:188} INFO - [2024-04-26T16:36:01.012+0000] {dagbag.py:540} INFO - Filling up the DagBag from /opt/airflow/dags/Crypto_etl_dag.py
[2024-04-26T16:36:02.127+0000] {logging_mixin.py:188} INFO - Error al conectar a la base de datos: invalid integer value "None" for connection option "port"
[2024-04-26T16:36:02.434+0000] {processor.py:840} INFO - DAG(s) 'crypto_etl_dag' retrieved from /opt/airflow/dags/Crypto_etl_dag.py
[2024-04-26T16:36:02.719+0000] {logging_mixin.py:188} INFO - [2024-04-26T16:36:02.719+0000] {dag.py:3096} INFO - Sync 1 DAGs
[2024-04-26T16:36:02.744+0000] {logging_mixin.py:188} INFO - [2024-04-26T16:36:02.744+0000] {dag.py:3954} INFO - Setting next_dagrun for crypto_etl_dag to 2024-04-26 00:00:00+00:00, run_after=2024-04-27 00:00:00+00:00
[2024-04-26T16:36:02.822+0000] {processor.py:183} INFO - Processing /opt/airflow/dags/Crypto_etl_dag.py took 1.823 seconds
[2024-04-26T16:36:34.346+0000] {processor.py:161} INFO - Started process (PID=193) to work on /opt/airflow/dags/Crypto_etl_dag.py
[2024-04-26T16:36:34.357+0000] {processor.py:830} INFO - Processing file /opt/airflow/dags/Crypto_etl_dag.py for tasks to queue
[2024-04-26T16:36:34.361+0000] {logging_mixin.py:188} INFO - [2024-04-26T16:36:34.360+0000] {dagbag.py:540} INFO - Filling up the DagBag from /opt/airflow/dags/Crypto_etl_dag.py
[2024-04-26T16:36:35.359+0000] {logging_mixin.py:188} INFO - Error al conectar a la base de datos: invalid integer value "None" for connection option "port"
[2024-04-26T16:36:35.636+0000] {processor.py:840} INFO - DAG(s) 'crypto_etl_dag' retrieved from /opt/airflow/dags/Crypto_etl_dag.py
[2024-04-26T16:36:35.704+0000] {logging_mixin.py:188} INFO - [2024-04-26T16:36:35.703+0000] {dag.py:3096} INFO - Sync 1 DAGs
[2024-04-26T16:36:35.731+0000] {logging_mixin.py:188} INFO - [2024-04-26T16:36:35.730+0000] {dag.py:3954} INFO - Setting next_dagrun for crypto_etl_dag to 2024-04-26 00:00:00+00:00, run_after=2024-04-27 00:00:00+00:00
[2024-04-26T16:36:35.794+0000] {processor.py:183} INFO - Processing /opt/airflow/dags/Crypto_etl_dag.py took 1.459 seconds
[2024-04-26T16:37:05.974+0000] {processor.py:161} INFO - Started process (PID=196) to work on /opt/airflow/dags/Crypto_etl_dag.py
[2024-04-26T16:37:05.976+0000] {processor.py:830} INFO - Processing file /opt/airflow/dags/Crypto_etl_dag.py for tasks to queue
[2024-04-26T16:37:05.978+0000] {logging_mixin.py:188} INFO - [2024-04-26T16:37:05.977+0000] {dagbag.py:540} INFO - Filling up the DagBag from /opt/airflow/dags/Crypto_etl_dag.py
[2024-04-26T16:37:06.774+0000] {logging_mixin.py:188} INFO - Error al conectar a la base de datos: invalid integer value "None" for connection option "port"
[2024-04-26T16:37:07.048+0000] {processor.py:840} INFO - DAG(s) 'crypto_etl_dag' retrieved from /opt/airflow/dags/Crypto_etl_dag.py
[2024-04-26T16:37:07.127+0000] {logging_mixin.py:188} INFO - [2024-04-26T16:37:07.126+0000] {dag.py:3096} INFO - Sync 1 DAGs
[2024-04-26T16:37:07.158+0000] {logging_mixin.py:188} INFO - [2024-04-26T16:37:07.158+0000] {dag.py:3954} INFO - Setting next_dagrun for crypto_etl_dag to 2024-04-26 00:00:00+00:00, run_after=2024-04-27 00:00:00+00:00
[2024-04-26T16:37:07.232+0000] {processor.py:183} INFO - Processing /opt/airflow/dags/Crypto_etl_dag.py took 1.264 seconds
[2024-04-26T16:37:37.671+0000] {processor.py:161} INFO - Started process (PID=199) to work on /opt/airflow/dags/Crypto_etl_dag.py
[2024-04-26T16:37:37.675+0000] {processor.py:830} INFO - Processing file /opt/airflow/dags/Crypto_etl_dag.py for tasks to queue
[2024-04-26T16:37:37.681+0000] {logging_mixin.py:188} INFO - [2024-04-26T16:37:37.679+0000] {dagbag.py:540} INFO - Filling up the DagBag from /opt/airflow/dags/Crypto_etl_dag.py
[2024-04-26T16:37:38.581+0000] {logging_mixin.py:188} INFO - Error al conectar a la base de datos: invalid integer value "None" for connection option "port"
[2024-04-26T16:37:38.880+0000] {processor.py:840} INFO - DAG(s) 'crypto_etl_dag' retrieved from /opt/airflow/dags/Crypto_etl_dag.py
[2024-04-26T16:37:38.970+0000] {logging_mixin.py:188} INFO - [2024-04-26T16:37:38.969+0000] {dag.py:3096} INFO - Sync 1 DAGs
[2024-04-26T16:37:38.994+0000] {logging_mixin.py:188} INFO - [2024-04-26T16:37:38.993+0000] {dag.py:3954} INFO - Setting next_dagrun for crypto_etl_dag to 2024-04-26 00:00:00+00:00, run_after=2024-04-27 00:00:00+00:00
[2024-04-26T16:37:39.154+0000] {processor.py:183} INFO - Processing /opt/airflow/dags/Crypto_etl_dag.py took 1.493 seconds
[2024-04-26T16:38:09.508+0000] {processor.py:161} INFO - Started process (PID=202) to work on /opt/airflow/dags/Crypto_etl_dag.py
[2024-04-26T16:38:09.509+0000] {processor.py:830} INFO - Processing file /opt/airflow/dags/Crypto_etl_dag.py for tasks to queue
[2024-04-26T16:38:09.513+0000] {logging_mixin.py:188} INFO - [2024-04-26T16:38:09.512+0000] {dagbag.py:540} INFO - Filling up the DagBag from /opt/airflow/dags/Crypto_etl_dag.py
[2024-04-26T16:38:10.336+0000] {logging_mixin.py:188} INFO - Error al conectar a la base de datos: invalid integer value "None" for connection option "port"
[2024-04-26T16:38:10.612+0000] {processor.py:840} INFO - DAG(s) 'crypto_etl_dag' retrieved from /opt/airflow/dags/Crypto_etl_dag.py
[2024-04-26T16:38:10.676+0000] {logging_mixin.py:188} INFO - [2024-04-26T16:38:10.675+0000] {dag.py:3096} INFO - Sync 1 DAGs
[2024-04-26T16:38:10.700+0000] {logging_mixin.py:188} INFO - [2024-04-26T16:38:10.700+0000] {dag.py:3954} INFO - Setting next_dagrun for crypto_etl_dag to 2024-04-26 00:00:00+00:00, run_after=2024-04-27 00:00:00+00:00
[2024-04-26T16:38:10.763+0000] {processor.py:183} INFO - Processing /opt/airflow/dags/Crypto_etl_dag.py took 1.263 seconds
[2024-04-26T16:38:41.038+0000] {processor.py:161} INFO - Started process (PID=205) to work on /opt/airflow/dags/Crypto_etl_dag.py
[2024-04-26T16:38:41.039+0000] {processor.py:830} INFO - Processing file /opt/airflow/dags/Crypto_etl_dag.py for tasks to queue
[2024-04-26T16:38:41.041+0000] {logging_mixin.py:188} INFO - [2024-04-26T16:38:41.041+0000] {dagbag.py:540} INFO - Filling up the DagBag from /opt/airflow/dags/Crypto_etl_dag.py
[2024-04-26T16:38:41.865+0000] {logging_mixin.py:188} INFO - Error al conectar a la base de datos: invalid integer value "None" for connection option "port"
[2024-04-26T16:38:42.211+0000] {processor.py:840} INFO - DAG(s) 'crypto_etl_dag' retrieved from /opt/airflow/dags/Crypto_etl_dag.py
[2024-04-26T16:38:42.295+0000] {logging_mixin.py:188} INFO - [2024-04-26T16:38:42.294+0000] {dag.py:3096} INFO - Sync 1 DAGs
[2024-04-26T16:38:42.319+0000] {logging_mixin.py:188} INFO - [2024-04-26T16:38:42.319+0000] {dag.py:3954} INFO - Setting next_dagrun for crypto_etl_dag to 2024-04-26 00:00:00+00:00, run_after=2024-04-27 00:00:00+00:00
[2024-04-26T16:38:42.384+0000] {processor.py:183} INFO - Processing /opt/airflow/dags/Crypto_etl_dag.py took 1.355 seconds
[2024-04-26T16:39:12.935+0000] {processor.py:161} INFO - Started process (PID=208) to work on /opt/airflow/dags/Crypto_etl_dag.py
[2024-04-26T16:39:12.936+0000] {processor.py:830} INFO - Processing file /opt/airflow/dags/Crypto_etl_dag.py for tasks to queue
[2024-04-26T16:39:12.938+0000] {logging_mixin.py:188} INFO - [2024-04-26T16:39:12.938+0000] {dagbag.py:540} INFO - Filling up the DagBag from /opt/airflow/dags/Crypto_etl_dag.py
[2024-04-26T16:39:13.754+0000] {logging_mixin.py:188} INFO - Error al conectar a la base de datos: invalid integer value "None" for connection option "port"
[2024-04-26T16:39:14.093+0000] {processor.py:840} INFO - DAG(s) 'crypto_etl_dag' retrieved from /opt/airflow/dags/Crypto_etl_dag.py
[2024-04-26T16:39:14.191+0000] {logging_mixin.py:188} INFO - [2024-04-26T16:39:14.191+0000] {dag.py:3096} INFO - Sync 1 DAGs
[2024-04-26T16:39:14.218+0000] {logging_mixin.py:188} INFO - [2024-04-26T16:39:14.217+0000] {dag.py:3954} INFO - Setting next_dagrun for crypto_etl_dag to 2024-04-26 00:00:00+00:00, run_after=2024-04-27 00:00:00+00:00
[2024-04-26T16:39:14.291+0000] {processor.py:183} INFO - Processing /opt/airflow/dags/Crypto_etl_dag.py took 1.362 seconds
[2024-04-26T16:39:44.495+0000] {processor.py:161} INFO - Started process (PID=211) to work on /opt/airflow/dags/Crypto_etl_dag.py
[2024-04-26T16:39:44.497+0000] {processor.py:830} INFO - Processing file /opt/airflow/dags/Crypto_etl_dag.py for tasks to queue
[2024-04-26T16:39:44.499+0000] {logging_mixin.py:188} INFO - [2024-04-26T16:39:44.498+0000] {dagbag.py:540} INFO - Filling up the DagBag from /opt/airflow/dags/Crypto_etl_dag.py
[2024-04-26T16:39:45.299+0000] {logging_mixin.py:188} INFO - Error al conectar a la base de datos: invalid integer value "None" for connection option "port"
[2024-04-26T16:39:45.561+0000] {logging_mixin.py:188} INFO - Error al obtener los datos del top 10 de criptos. Código de estado: 402
[2024-04-26T16:39:45.564+0000] {logging_mixin.py:188} INFO - Contenido de la respuesta: {
   "type":"payment_required",
   "hard_limit":"25k requests per month",
   "soft_limit":"60 requests per hour",
   "error":"Payment Required - this request could not be processed; request limits were reached. If you want to be able to process this API request please upgrade your plan at https://coinpaprika.com/api/",
   "block_duration":"1h"
}
[2024-04-26T16:40:15.943+0000] {processor.py:161} INFO - Started process (PID=214) to work on /opt/airflow/dags/Crypto_etl_dag.py
[2024-04-26T16:40:15.944+0000] {processor.py:830} INFO - Processing file /opt/airflow/dags/Crypto_etl_dag.py for tasks to queue
[2024-04-26T16:40:15.947+0000] {logging_mixin.py:188} INFO - [2024-04-26T16:40:15.947+0000] {dagbag.py:540} INFO - Filling up the DagBag from /opt/airflow/dags/Crypto_etl_dag.py
[2024-04-26T16:40:16.723+0000] {logging_mixin.py:188} INFO - Error al obtener los datos del top 10 de criptos. Código de estado: 402
[2024-04-26T16:40:16.724+0000] {logging_mixin.py:188} INFO - Contenido de la respuesta: {
   "type":"payment_required",
   "hard_limit":"25k requests per month",
   "soft_limit":"60 requests per hour",
   "error":"Payment Required - this request could not be processed; request limits were reached. If you want to be able to process this API request please upgrade your plan at https://coinpaprika.com/api/",
   "block_duration":"1h"
}
[2024-04-26T16:40:47.159+0000] {processor.py:161} INFO - Started process (PID=217) to work on /opt/airflow/dags/Crypto_etl_dag.py
[2024-04-26T16:40:47.161+0000] {processor.py:830} INFO - Processing file /opt/airflow/dags/Crypto_etl_dag.py for tasks to queue
[2024-04-26T16:40:47.163+0000] {logging_mixin.py:188} INFO - [2024-04-26T16:40:47.163+0000] {dagbag.py:540} INFO - Filling up the DagBag from /opt/airflow/dags/Crypto_etl_dag.py
[2024-04-26T16:40:47.966+0000] {logging_mixin.py:188} INFO - Error al obtener los datos del top 10 de criptos. Código de estado: 402
[2024-04-26T16:40:47.967+0000] {logging_mixin.py:188} INFO - Contenido de la respuesta: {
   "type":"payment_required",
   "hard_limit":"25k requests per month",
   "soft_limit":"60 requests per hour",
   "error":"Payment Required - this request could not be processed; request limits were reached. If you want to be able to process this API request please upgrade your plan at https://coinpaprika.com/api/",
   "block_duration":"1h"
}
[2024-04-26T16:41:18.120+0000] {processor.py:161} INFO - Started process (PID=220) to work on /opt/airflow/dags/Crypto_etl_dag.py
[2024-04-26T16:41:18.121+0000] {processor.py:830} INFO - Processing file /opt/airflow/dags/Crypto_etl_dag.py for tasks to queue
[2024-04-26T16:41:18.122+0000] {logging_mixin.py:188} INFO - [2024-04-26T16:41:18.122+0000] {dagbag.py:540} INFO - Filling up the DagBag from /opt/airflow/dags/Crypto_etl_dag.py
[2024-04-26T16:41:19.746+0000] {logging_mixin.py:188} INFO - Error al conectar a la base de datos: invalid integer value "None" for connection option "port"
[2024-04-26T16:41:19.934+0000] {processor.py:840} INFO - DAG(s) 'crypto_etl_dag' retrieved from /opt/airflow/dags/Crypto_etl_dag.py
[2024-04-26T16:41:20.111+0000] {logging_mixin.py:188} INFO - [2024-04-26T16:41:20.110+0000] {dag.py:3096} INFO - Sync 1 DAGs
[2024-04-26T16:41:20.138+0000] {logging_mixin.py:188} INFO - [2024-04-26T16:41:20.137+0000] {dag.py:3954} INFO - Setting next_dagrun for crypto_etl_dag to 2024-04-26 00:00:00+00:00, run_after=2024-04-27 00:00:00+00:00
[2024-04-26T16:41:20.212+0000] {processor.py:183} INFO - Processing /opt/airflow/dags/Crypto_etl_dag.py took 2.099 seconds
[2024-04-26T16:59:46.684+0000] {processor.py:161} INFO - Started process (PID=40) to work on /opt/airflow/dags/Crypto_etl_dag.py
[2024-04-26T16:59:46.685+0000] {processor.py:830} INFO - Processing file /opt/airflow/dags/Crypto_etl_dag.py for tasks to queue
[2024-04-26T16:59:46.688+0000] {logging_mixin.py:188} INFO - [2024-04-26T16:59:46.688+0000] {dagbag.py:540} INFO - Filling up the DagBag from /opt/airflow/dags/Crypto_etl_dag.py
[2024-04-26T16:59:48.591+0000] {logging_mixin.py:188} INFO - Conexión exitosa
[2024-04-26T16:59:53.419+0000] {logging_mixin.py:188} INFO - Datos cargados exitosamente en la tabla crypto_data
[2024-04-26T16:59:53.420+0000] {logging_mixin.py:188} INFO - Conexión cerrada
[2024-04-26T16:59:53.896+0000] {processor.py:840} INFO - DAG(s) 'crypto_etl_dag' retrieved from /opt/airflow/dags/Crypto_etl_dag.py
[2024-04-26T16:59:53.919+0000] {logging_mixin.py:188} INFO - [2024-04-26T16:59:53.919+0000] {dag.py:3096} INFO - Sync 1 DAGs
[2024-04-26T16:59:54.152+0000] {logging_mixin.py:188} INFO - [2024-04-26T16:59:54.152+0000] {dag.py:3954} INFO - Setting next_dagrun for crypto_etl_dag to 2024-04-26 00:00:00+00:00, run_after=2024-04-27 00:00:00+00:00
[2024-04-26T16:59:54.251+0000] {processor.py:183} INFO - Processing /opt/airflow/dags/Crypto_etl_dag.py took 7.575 seconds
[2024-04-26T17:00:24.879+0000] {processor.py:161} INFO - Started process (PID=58) to work on /opt/airflow/dags/Crypto_etl_dag.py
[2024-04-26T17:00:24.881+0000] {processor.py:830} INFO - Processing file /opt/airflow/dags/Crypto_etl_dag.py for tasks to queue
[2024-04-26T17:00:24.883+0000] {logging_mixin.py:188} INFO - [2024-04-26T17:00:24.882+0000] {dagbag.py:540} INFO - Filling up the DagBag from /opt/airflow/dags/Crypto_etl_dag.py
[2024-04-26T17:00:26.746+0000] {logging_mixin.py:188} INFO - Conexión exitosa
[2024-04-26T17:00:31.325+0000] {logging_mixin.py:188} INFO - Datos cargados exitosamente en la tabla crypto_data
[2024-04-26T17:00:31.328+0000] {logging_mixin.py:188} INFO - Conexión cerrada
[2024-04-26T17:00:31.769+0000] {processor.py:840} INFO - DAG(s) 'crypto_etl_dag' retrieved from /opt/airflow/dags/Crypto_etl_dag.py
[2024-04-26T17:00:31.936+0000] {logging_mixin.py:188} INFO - [2024-04-26T17:00:31.936+0000] {dag.py:3096} INFO - Sync 1 DAGs
[2024-04-26T17:00:31.959+0000] {logging_mixin.py:188} INFO - [2024-04-26T17:00:31.959+0000] {dag.py:3954} INFO - Setting next_dagrun for crypto_etl_dag to 2024-04-26 00:00:00+00:00, run_after=2024-04-27 00:00:00+00:00
[2024-04-26T17:00:32.024+0000] {processor.py:183} INFO - Processing /opt/airflow/dags/Crypto_etl_dag.py took 7.152 seconds
[2024-04-26T17:01:16.543+0000] {processor.py:161} INFO - Started process (PID=67) to work on /opt/airflow/dags/Crypto_etl_dag.py
[2024-04-26T17:01:16.544+0000] {processor.py:830} INFO - Processing file /opt/airflow/dags/Crypto_etl_dag.py for tasks to queue
[2024-04-26T17:01:16.548+0000] {logging_mixin.py:188} INFO - [2024-04-26T17:01:16.546+0000] {dagbag.py:540} INFO - Filling up the DagBag from /opt/airflow/dags/Crypto_etl_dag.py
[2024-04-26T17:01:19.018+0000] {logging_mixin.py:188} INFO - Conexión exitosa
[2024-04-26T17:01:23.583+0000] {logging_mixin.py:188} INFO - Datos cargados exitosamente en la tabla crypto_data
[2024-04-26T17:01:23.584+0000] {logging_mixin.py:188} INFO - Conexión cerrada
[2024-04-26T17:01:23.759+0000] {processor.py:840} INFO - DAG(s) 'crypto_etl_dag' retrieved from /opt/airflow/dags/Crypto_etl_dag.py
[2024-04-26T17:01:23.831+0000] {logging_mixin.py:188} INFO - [2024-04-26T17:01:23.831+0000] {dag.py:3096} INFO - Sync 1 DAGs
[2024-04-26T17:01:23.870+0000] {logging_mixin.py:188} INFO - [2024-04-26T17:01:23.870+0000] {dag.py:3954} INFO - Setting next_dagrun for crypto_etl_dag to 2024-04-26 00:00:00+00:00, run_after=2024-04-27 00:00:00+00:00
[2024-04-26T17:01:23.946+0000] {processor.py:183} INFO - Processing /opt/airflow/dags/Crypto_etl_dag.py took 7.410 seconds
[2024-04-26T17:01:54.790+0000] {processor.py:161} INFO - Started process (PID=76) to work on /opt/airflow/dags/Crypto_etl_dag.py
[2024-04-26T17:01:54.792+0000] {processor.py:830} INFO - Processing file /opt/airflow/dags/Crypto_etl_dag.py for tasks to queue
[2024-04-26T17:01:54.794+0000] {logging_mixin.py:188} INFO - [2024-04-26T17:01:54.794+0000] {dagbag.py:540} INFO - Filling up the DagBag from /opt/airflow/dags/Crypto_etl_dag.py
[2024-04-26T17:01:56.892+0000] {logging_mixin.py:188} INFO - Conexión exitosa
[2024-04-26T17:02:01.433+0000] {logging_mixin.py:188} INFO - Datos cargados exitosamente en la tabla crypto_data
[2024-04-26T17:02:01.435+0000] {logging_mixin.py:188} INFO - Conexión cerrada
[2024-04-26T17:02:01.606+0000] {processor.py:840} INFO - DAG(s) 'crypto_etl_dag' retrieved from /opt/airflow/dags/Crypto_etl_dag.py
[2024-04-26T17:02:01.673+0000] {logging_mixin.py:188} INFO - [2024-04-26T17:02:01.673+0000] {dag.py:3096} INFO - Sync 1 DAGs
[2024-04-26T17:02:01.698+0000] {logging_mixin.py:188} INFO - [2024-04-26T17:02:01.698+0000] {dag.py:3954} INFO - Setting next_dagrun for crypto_etl_dag to 2024-04-26 00:00:00+00:00, run_after=2024-04-27 00:00:00+00:00
[2024-04-26T17:02:01.769+0000] {processor.py:183} INFO - Processing /opt/airflow/dags/Crypto_etl_dag.py took 6.987 seconds
[2024-04-26T17:02:32.153+0000] {processor.py:161} INFO - Started process (PID=79) to work on /opt/airflow/dags/Crypto_etl_dag.py
[2024-04-26T17:02:32.155+0000] {processor.py:830} INFO - Processing file /opt/airflow/dags/Crypto_etl_dag.py for tasks to queue
[2024-04-26T17:02:32.158+0000] {logging_mixin.py:188} INFO - [2024-04-26T17:02:32.157+0000] {dagbag.py:540} INFO - Filling up the DagBag from /opt/airflow/dags/Crypto_etl_dag.py
[2024-04-26T17:02:34.360+0000] {logging_mixin.py:188} INFO - Conexión exitosa
[2024-04-26T17:02:38.893+0000] {logging_mixin.py:188} INFO - Datos cargados exitosamente en la tabla crypto_data
[2024-04-26T17:02:38.894+0000] {logging_mixin.py:188} INFO - Conexión cerrada
[2024-04-26T17:02:39.208+0000] {processor.py:840} INFO - DAG(s) 'crypto_etl_dag' retrieved from /opt/airflow/dags/Crypto_etl_dag.py
[2024-04-26T17:02:39.286+0000] {logging_mixin.py:188} INFO - [2024-04-26T17:02:39.285+0000] {dag.py:3096} INFO - Sync 1 DAGs
[2024-04-26T17:02:39.310+0000] {logging_mixin.py:188} INFO - [2024-04-26T17:02:39.310+0000] {dag.py:3954} INFO - Setting next_dagrun for crypto_etl_dag to 2024-04-26 00:00:00+00:00, run_after=2024-04-27 00:00:00+00:00
[2024-04-26T17:02:39.381+0000] {processor.py:183} INFO - Processing /opt/airflow/dags/Crypto_etl_dag.py took 7.241 seconds
[2024-04-26T17:03:09.464+0000] {processor.py:161} INFO - Started process (PID=82) to work on /opt/airflow/dags/Crypto_etl_dag.py
[2024-04-26T17:03:09.466+0000] {processor.py:830} INFO - Processing file /opt/airflow/dags/Crypto_etl_dag.py for tasks to queue
[2024-04-26T17:03:09.468+0000] {logging_mixin.py:188} INFO - [2024-04-26T17:03:09.467+0000] {dagbag.py:540} INFO - Filling up the DagBag from /opt/airflow/dags/Crypto_etl_dag.py
[2024-04-26T17:03:11.520+0000] {logging_mixin.py:188} INFO - Conexión exitosa
[2024-04-26T17:03:16.318+0000] {logging_mixin.py:188} INFO - Datos cargados exitosamente en la tabla crypto_data
[2024-04-26T17:03:16.320+0000] {logging_mixin.py:188} INFO - Conexión cerrada
[2024-04-26T17:03:16.542+0000] {processor.py:840} INFO - DAG(s) 'crypto_etl_dag' retrieved from /opt/airflow/dags/Crypto_etl_dag.py
[2024-04-26T17:03:16.612+0000] {logging_mixin.py:188} INFO - [2024-04-26T17:03:16.612+0000] {dag.py:3096} INFO - Sync 1 DAGs
[2024-04-26T17:03:16.638+0000] {logging_mixin.py:188} INFO - [2024-04-26T17:03:16.638+0000] {dag.py:3954} INFO - Setting next_dagrun for crypto_etl_dag to 2024-04-26 00:00:00+00:00, run_after=2024-04-27 00:00:00+00:00
[2024-04-26T17:03:16.705+0000] {processor.py:183} INFO - Processing /opt/airflow/dags/Crypto_etl_dag.py took 7.247 seconds
[2024-04-26T17:03:46.834+0000] {processor.py:161} INFO - Started process (PID=85) to work on /opt/airflow/dags/Crypto_etl_dag.py
[2024-04-26T17:03:46.835+0000] {processor.py:830} INFO - Processing file /opt/airflow/dags/Crypto_etl_dag.py for tasks to queue
[2024-04-26T17:03:46.838+0000] {logging_mixin.py:188} INFO - [2024-04-26T17:03:46.837+0000] {dagbag.py:540} INFO - Filling up the DagBag from /opt/airflow/dags/Crypto_etl_dag.py
[2024-04-26T17:03:48.865+0000] {logging_mixin.py:188} INFO - Conexión exitosa
[2024-04-26T17:03:53.634+0000] {logging_mixin.py:188} INFO - Datos cargados exitosamente en la tabla crypto_data
[2024-04-26T17:03:53.638+0000] {logging_mixin.py:188} INFO - Conexión cerrada
[2024-04-26T17:03:53.927+0000] {processor.py:840} INFO - DAG(s) 'crypto_etl_dag' retrieved from /opt/airflow/dags/Crypto_etl_dag.py
[2024-04-26T17:03:53.993+0000] {logging_mixin.py:188} INFO - [2024-04-26T17:03:53.992+0000] {dag.py:3096} INFO - Sync 1 DAGs
[2024-04-26T17:03:54.018+0000] {logging_mixin.py:188} INFO - [2024-04-26T17:03:54.018+0000] {dag.py:3954} INFO - Setting next_dagrun for crypto_etl_dag to 2024-04-26 00:00:00+00:00, run_after=2024-04-27 00:00:00+00:00
[2024-04-26T17:03:54.090+0000] {processor.py:183} INFO - Processing /opt/airflow/dags/Crypto_etl_dag.py took 7.263 seconds
[2024-04-26T17:51:33.873+0000] {processor.py:161} INFO - Started process (PID=40) to work on /opt/airflow/dags/Crypto_etl_dag.py
[2024-04-26T17:51:33.875+0000] {processor.py:830} INFO - Processing file /opt/airflow/dags/Crypto_etl_dag.py for tasks to queue
[2024-04-26T17:51:33.881+0000] {logging_mixin.py:188} INFO - [2024-04-26T17:51:33.879+0000] {dagbag.py:540} INFO - Filling up the DagBag from /opt/airflow/dags/Crypto_etl_dag.py
[2024-04-26T17:51:36.243+0000] {logging_mixin.py:188} INFO - Conexión exitosa
[2024-04-26T17:51:40.698+0000] {logging_mixin.py:188} INFO - Datos cargados exitosamente en la tabla crypto_data
[2024-04-26T17:51:40.699+0000] {logging_mixin.py:188} INFO - Conexión cerrada
[2024-04-26T17:51:41.021+0000] {processor.py:840} INFO - DAG(s) 'crypto_etl_dag' retrieved from /opt/airflow/dags/Crypto_etl_dag.py
[2024-04-26T17:51:41.040+0000] {logging_mixin.py:188} INFO - [2024-04-26T17:51:41.039+0000] {dag.py:3096} INFO - Sync 1 DAGs
[2024-04-26T17:51:41.306+0000] {logging_mixin.py:188} INFO - [2024-04-26T17:51:41.306+0000] {dag.py:3954} INFO - Setting next_dagrun for crypto_etl_dag to 2024-04-26 00:00:00+00:00, run_after=2024-04-27 00:00:00+00:00
[2024-04-26T17:51:41.576+0000] {processor.py:183} INFO - Processing /opt/airflow/dags/Crypto_etl_dag.py took 7.712 seconds
[2024-04-26T17:52:13.020+0000] {processor.py:161} INFO - Started process (PID=47) to work on /opt/airflow/dags/Crypto_etl_dag.py
[2024-04-26T17:52:13.049+0000] {processor.py:830} INFO - Processing file /opt/airflow/dags/Crypto_etl_dag.py for tasks to queue
[2024-04-26T17:52:13.070+0000] {logging_mixin.py:188} INFO - [2024-04-26T17:52:13.069+0000] {dagbag.py:540} INFO - Filling up the DagBag from /opt/airflow/dags/Crypto_etl_dag.py
[2024-04-26T17:52:17.587+0000] {logging_mixin.py:188} INFO - Conexión exitosa
[2024-04-26T17:52:22.417+0000] {logging_mixin.py:188} INFO - Datos cargados exitosamente en la tabla crypto_data
[2024-04-26T17:52:22.419+0000] {logging_mixin.py:188} INFO - Conexión cerrada
[2024-04-26T17:52:22.754+0000] {processor.py:840} INFO - DAG(s) 'crypto_etl_dag' retrieved from /opt/airflow/dags/Crypto_etl_dag.py
[2024-04-26T17:52:23.461+0000] {logging_mixin.py:188} INFO - [2024-04-26T17:52:23.460+0000] {dag.py:3096} INFO - Sync 1 DAGs
[2024-04-26T17:52:23.504+0000] {logging_mixin.py:188} INFO - [2024-04-26T17:52:23.503+0000] {dag.py:3954} INFO - Setting next_dagrun for crypto_etl_dag to 2024-04-26 00:00:00+00:00, run_after=2024-04-27 00:00:00+00:00
[2024-04-26T17:52:23.596+0000] {processor.py:183} INFO - Processing /opt/airflow/dags/Crypto_etl_dag.py took 10.695 seconds
[2024-04-26T17:52:54.314+0000] {processor.py:161} INFO - Started process (PID=50) to work on /opt/airflow/dags/Crypto_etl_dag.py
[2024-04-26T17:52:54.320+0000] {processor.py:830} INFO - Processing file /opt/airflow/dags/Crypto_etl_dag.py for tasks to queue
[2024-04-26T17:52:54.335+0000] {logging_mixin.py:188} INFO - [2024-04-26T17:52:54.332+0000] {dagbag.py:540} INFO - Filling up the DagBag from /opt/airflow/dags/Crypto_etl_dag.py
[2024-04-26T17:54:16.910+0000] {processor.py:161} INFO - Started process (PID=40) to work on /opt/airflow/dags/Crypto_etl_dag.py
[2024-04-26T17:54:16.912+0000] {processor.py:830} INFO - Processing file /opt/airflow/dags/Crypto_etl_dag.py for tasks to queue
[2024-04-26T17:54:16.915+0000] {logging_mixin.py:188} INFO - [2024-04-26T17:54:16.914+0000] {dagbag.py:540} INFO - Filling up the DagBag from /opt/airflow/dags/Crypto_etl_dag.py
[2024-04-26T17:54:19.117+0000] {logging_mixin.py:188} INFO - Conexión exitosa
[2024-04-26T17:54:23.711+0000] {logging_mixin.py:188} INFO - Datos cargados exitosamente en la tabla crypto_data
[2024-04-26T17:54:23.712+0000] {logging_mixin.py:188} INFO - Conexión cerrada
[2024-04-26T17:54:24.027+0000] {processor.py:840} INFO - DAG(s) 'crypto_etl_dag' retrieved from /opt/airflow/dags/Crypto_etl_dag.py
[2024-04-26T17:54:24.047+0000] {logging_mixin.py:188} INFO - [2024-04-26T17:54:24.046+0000] {dag.py:3096} INFO - Sync 1 DAGs
[2024-04-26T17:54:24.320+0000] {logging_mixin.py:188} INFO - [2024-04-26T17:54:24.320+0000] {dag.py:3954} INFO - Setting next_dagrun for crypto_etl_dag to 2024-04-26 00:00:00+00:00, run_after=2024-04-27 00:00:00+00:00
[2024-04-26T17:54:24.457+0000] {processor.py:183} INFO - Processing /opt/airflow/dags/Crypto_etl_dag.py took 7.555 seconds
[2024-04-26T17:54:55.000+0000] {processor.py:161} INFO - Started process (PID=58) to work on /opt/airflow/dags/Crypto_etl_dag.py
[2024-04-26T17:54:55.016+0000] {processor.py:830} INFO - Processing file /opt/airflow/dags/Crypto_etl_dag.py for tasks to queue
[2024-04-26T17:54:55.025+0000] {logging_mixin.py:188} INFO - [2024-04-26T17:54:55.024+0000] {dagbag.py:540} INFO - Filling up the DagBag from /opt/airflow/dags/Crypto_etl_dag.py
[2024-04-26T17:54:57.099+0000] {logging_mixin.py:188} INFO - Conexión exitosa
[2024-04-26T17:55:01.842+0000] {logging_mixin.py:188} INFO - Datos cargados exitosamente en la tabla crypto_data
[2024-04-26T17:55:01.844+0000] {logging_mixin.py:188} INFO - Conexión cerrada
[2024-04-26T17:55:02.360+0000] {processor.py:840} INFO - DAG(s) 'crypto_etl_dag' retrieved from /opt/airflow/dags/Crypto_etl_dag.py
[2024-04-26T17:55:03.153+0000] {logging_mixin.py:188} INFO - [2024-04-26T17:55:03.151+0000] {dag.py:3096} INFO - Sync 1 DAGs
[2024-04-26T17:55:03.194+0000] {logging_mixin.py:188} INFO - [2024-04-26T17:55:03.193+0000] {dag.py:3954} INFO - Setting next_dagrun for crypto_etl_dag to 2024-04-26 00:00:00+00:00, run_after=2024-04-27 00:00:00+00:00
[2024-04-26T17:55:03.278+0000] {processor.py:183} INFO - Processing /opt/airflow/dags/Crypto_etl_dag.py took 8.269 seconds
[2024-04-26T17:55:33.732+0000] {processor.py:161} INFO - Started process (PID=61) to work on /opt/airflow/dags/Crypto_etl_dag.py
[2024-04-26T17:55:33.735+0000] {processor.py:830} INFO - Processing file /opt/airflow/dags/Crypto_etl_dag.py for tasks to queue
[2024-04-26T17:55:33.739+0000] {logging_mixin.py:188} INFO - [2024-04-26T17:55:33.739+0000] {dagbag.py:540} INFO - Filling up the DagBag from /opt/airflow/dags/Crypto_etl_dag.py
[2024-04-26T17:55:36.410+0000] {logging_mixin.py:188} INFO - Conexión exitosa
[2024-04-26T17:55:41.614+0000] {logging_mixin.py:188} INFO - Datos cargados exitosamente en la tabla crypto_data
[2024-04-26T17:55:41.625+0000] {logging_mixin.py:188} INFO - Conexión cerrada
[2024-04-26T17:55:42.334+0000] {processor.py:840} INFO - DAG(s) 'crypto_etl_dag' retrieved from /opt/airflow/dags/Crypto_etl_dag.py
[2024-04-26T17:55:42.643+0000] {logging_mixin.py:188} INFO - [2024-04-26T17:55:42.642+0000] {dag.py:3096} INFO - Sync 1 DAGs
[2024-04-26T17:55:42.835+0000] {logging_mixin.py:188} INFO - [2024-04-26T17:55:42.835+0000] {dag.py:3954} INFO - Setting next_dagrun for crypto_etl_dag to 2024-04-26 00:00:00+00:00, run_after=2024-04-27 00:00:00+00:00
[2024-04-26T17:55:43.390+0000] {processor.py:183} INFO - Processing /opt/airflow/dags/Crypto_etl_dag.py took 9.670 seconds
[2024-04-26T17:56:16.654+0000] {processor.py:161} INFO - Started process (PID=64) to work on /opt/airflow/dags/Crypto_etl_dag.py
[2024-04-26T17:56:16.666+0000] {processor.py:830} INFO - Processing file /opt/airflow/dags/Crypto_etl_dag.py for tasks to queue
[2024-04-26T17:56:16.673+0000] {logging_mixin.py:188} INFO - [2024-04-26T17:56:16.671+0000] {dagbag.py:540} INFO - Filling up the DagBag from /opt/airflow/dags/Crypto_etl_dag.py
[2024-04-26T17:56:24.433+0000] {logging_mixin.py:188} INFO - Conexión exitosa
[2024-04-26T17:56:30.077+0000] {logging_mixin.py:188} INFO - Datos cargados exitosamente en la tabla crypto_data
[2024-04-26T17:56:30.078+0000] {logging_mixin.py:188} INFO - Conexión cerrada
[2024-04-26T17:56:33.008+0000] {processor.py:840} INFO - DAG(s) 'crypto_etl_dag' retrieved from /opt/airflow/dags/Crypto_etl_dag.py
[2024-04-26T17:56:35.526+0000] {logging_mixin.py:188} INFO - [2024-04-26T17:56:35.525+0000] {dag.py:3096} INFO - Sync 1 DAGs
[2024-04-26T17:56:35.558+0000] {logging_mixin.py:188} INFO - [2024-04-26T17:56:35.557+0000] {dag.py:3954} INFO - Setting next_dagrun for crypto_etl_dag to 2024-04-26 00:00:00+00:00, run_after=2024-04-27 00:00:00+00:00
[2024-04-26T17:56:35.851+0000] {processor.py:183} INFO - Processing /opt/airflow/dags/Crypto_etl_dag.py took 19.220 seconds
[2024-04-26T17:57:07.948+0000] {processor.py:161} INFO - Started process (PID=67) to work on /opt/airflow/dags/Crypto_etl_dag.py
[2024-04-26T17:57:07.961+0000] {processor.py:830} INFO - Processing file /opt/airflow/dags/Crypto_etl_dag.py for tasks to queue
[2024-04-26T17:57:08.031+0000] {logging_mixin.py:188} INFO - [2024-04-26T17:57:08.004+0000] {dagbag.py:540} INFO - Filling up the DagBag from /opt/airflow/dags/Crypto_etl_dag.py
[2024-04-26T17:57:16.576+0000] {logging_mixin.py:188} INFO - Conexión exitosa
[2024-04-26T17:57:22.520+0000] {logging_mixin.py:188} INFO - Datos cargados exitosamente en la tabla crypto_data
[2024-04-26T17:57:22.532+0000] {logging_mixin.py:188} INFO - Conexión cerrada
[2024-04-26T17:57:23.011+0000] {processor.py:840} INFO - DAG(s) 'crypto_etl_dag' retrieved from /opt/airflow/dags/Crypto_etl_dag.py
[2024-04-26T17:57:23.339+0000] {logging_mixin.py:188} INFO - [2024-04-26T17:57:23.338+0000] {dag.py:3096} INFO - Sync 1 DAGs
[2024-04-26T17:57:23.626+0000] {logging_mixin.py:188} INFO - [2024-04-26T17:57:23.622+0000] {dag.py:3954} INFO - Setting next_dagrun for crypto_etl_dag to 2024-04-26 00:00:00+00:00, run_after=2024-04-27 00:00:00+00:00
[2024-04-26T17:57:24.535+0000] {processor.py:183} INFO - Processing /opt/airflow/dags/Crypto_etl_dag.py took 16.736 seconds
[2024-04-26T17:57:55.326+0000] {processor.py:161} INFO - Started process (PID=70) to work on /opt/airflow/dags/Crypto_etl_dag.py
[2024-04-26T17:57:55.328+0000] {processor.py:830} INFO - Processing file /opt/airflow/dags/Crypto_etl_dag.py for tasks to queue
[2024-04-26T17:57:55.341+0000] {logging_mixin.py:188} INFO - [2024-04-26T17:57:55.340+0000] {dagbag.py:540} INFO - Filling up the DagBag from /opt/airflow/dags/Crypto_etl_dag.py
[2024-04-26T17:57:57.725+0000] {logging_mixin.py:188} INFO - Conexión exitosa
[2024-04-26T17:58:02.314+0000] {logging_mixin.py:188} INFO - Datos cargados exitosamente en la tabla crypto_data
[2024-04-26T17:58:02.315+0000] {logging_mixin.py:188} INFO - Conexión cerrada
[2024-04-26T17:58:02.689+0000] {processor.py:840} INFO - DAG(s) 'crypto_etl_dag' retrieved from /opt/airflow/dags/Crypto_etl_dag.py
[2024-04-26T17:58:02.786+0000] {logging_mixin.py:188} INFO - [2024-04-26T17:58:02.784+0000] {dag.py:3096} INFO - Sync 1 DAGs
[2024-04-26T17:58:02.829+0000] {logging_mixin.py:188} INFO - [2024-04-26T17:58:02.828+0000] {dag.py:3954} INFO - Setting next_dagrun for crypto_etl_dag to 2024-04-26 00:00:00+00:00, run_after=2024-04-27 00:00:00+00:00
[2024-04-26T17:58:02.906+0000] {processor.py:183} INFO - Processing /opt/airflow/dags/Crypto_etl_dag.py took 7.595 seconds
[2024-04-26T17:58:33.229+0000] {processor.py:161} INFO - Started process (PID=73) to work on /opt/airflow/dags/Crypto_etl_dag.py
[2024-04-26T17:58:33.231+0000] {processor.py:830} INFO - Processing file /opt/airflow/dags/Crypto_etl_dag.py for tasks to queue
[2024-04-26T17:58:33.233+0000] {logging_mixin.py:188} INFO - [2024-04-26T17:58:33.233+0000] {dagbag.py:540} INFO - Filling up the DagBag from /opt/airflow/dags/Crypto_etl_dag.py
[2024-04-26T17:58:35.532+0000] {logging_mixin.py:188} INFO - Conexión exitosa
[2024-04-26T17:58:39.963+0000] {logging_mixin.py:188} INFO - Datos cargados exitosamente en la tabla crypto_data
[2024-04-26T17:58:39.964+0000] {logging_mixin.py:188} INFO - Conexión cerrada
[2024-04-26T17:58:40.252+0000] {processor.py:840} INFO - DAG(s) 'crypto_etl_dag' retrieved from /opt/airflow/dags/Crypto_etl_dag.py
[2024-04-26T17:58:40.337+0000] {logging_mixin.py:188} INFO - [2024-04-26T17:58:40.337+0000] {dag.py:3096} INFO - Sync 1 DAGs
[2024-04-26T17:58:40.364+0000] {logging_mixin.py:188} INFO - [2024-04-26T17:58:40.364+0000] {dag.py:3954} INFO - Setting next_dagrun for crypto_etl_dag to 2024-04-26 00:00:00+00:00, run_after=2024-04-27 00:00:00+00:00
[2024-04-26T17:58:40.422+0000] {processor.py:183} INFO - Processing /opt/airflow/dags/Crypto_etl_dag.py took 7.203 seconds
[2024-04-26T17:59:10.589+0000] {processor.py:161} INFO - Started process (PID=76) to work on /opt/airflow/dags/Crypto_etl_dag.py
[2024-04-26T17:59:10.591+0000] {processor.py:830} INFO - Processing file /opt/airflow/dags/Crypto_etl_dag.py for tasks to queue
[2024-04-26T17:59:10.593+0000] {logging_mixin.py:188} INFO - [2024-04-26T17:59:10.593+0000] {dagbag.py:540} INFO - Filling up the DagBag from /opt/airflow/dags/Crypto_etl_dag.py
[2024-04-26T17:59:12.869+0000] {logging_mixin.py:188} INFO - Conexión exitosa
[2024-04-26T17:59:17.506+0000] {logging_mixin.py:188} INFO - Datos cargados exitosamente en la tabla crypto_data
[2024-04-26T17:59:17.507+0000] {logging_mixin.py:188} INFO - Conexión cerrada
[2024-04-26T17:59:17.832+0000] {processor.py:840} INFO - DAG(s) 'crypto_etl_dag' retrieved from /opt/airflow/dags/Crypto_etl_dag.py
[2024-04-26T17:59:17.901+0000] {logging_mixin.py:188} INFO - [2024-04-26T17:59:17.901+0000] {dag.py:3096} INFO - Sync 1 DAGs
[2024-04-26T17:59:17.932+0000] {logging_mixin.py:188} INFO - [2024-04-26T17:59:17.932+0000] {dag.py:3954} INFO - Setting next_dagrun for crypto_etl_dag to 2024-04-26 00:00:00+00:00, run_after=2024-04-27 00:00:00+00:00
[2024-04-26T17:59:17.995+0000] {processor.py:183} INFO - Processing /opt/airflow/dags/Crypto_etl_dag.py took 7.412 seconds
[2024-04-26T17:59:48.376+0000] {processor.py:161} INFO - Started process (PID=79) to work on /opt/airflow/dags/Crypto_etl_dag.py
[2024-04-26T17:59:48.378+0000] {processor.py:830} INFO - Processing file /opt/airflow/dags/Crypto_etl_dag.py for tasks to queue
[2024-04-26T17:59:48.381+0000] {logging_mixin.py:188} INFO - [2024-04-26T17:59:48.380+0000] {dagbag.py:540} INFO - Filling up the DagBag from /opt/airflow/dags/Crypto_etl_dag.py
[2024-04-26T18:08:45.930+0000] {processor.py:161} INFO - Started process (PID=40) to work on /opt/airflow/dags/Crypto_etl_dag.py
[2024-04-26T18:08:45.933+0000] {processor.py:830} INFO - Processing file /opt/airflow/dags/Crypto_etl_dag.py for tasks to queue
[2024-04-26T18:08:45.938+0000] {logging_mixin.py:188} INFO - [2024-04-26T18:08:45.937+0000] {dagbag.py:540} INFO - Filling up the DagBag from /opt/airflow/dags/Crypto_etl_dag.py
[2024-04-26T18:08:48.358+0000] {logging_mixin.py:188} INFO - Conexión exitosa
[2024-04-26T18:08:52.952+0000] {logging_mixin.py:188} INFO - Datos cargados exitosamente en la tabla crypto_data
[2024-04-26T18:08:52.953+0000] {logging_mixin.py:188} INFO - Conexión cerrada
[2024-04-26T18:08:53.198+0000] {processor.py:840} INFO - DAG(s) 'crypto_etl_dag' retrieved from /opt/airflow/dags/Crypto_etl_dag.py
[2024-04-26T18:08:53.239+0000] {logging_mixin.py:188} INFO - [2024-04-26T18:08:53.238+0000] {dag.py:3096} INFO - Sync 1 DAGs
[2024-04-26T18:08:53.596+0000] {logging_mixin.py:188} INFO - [2024-04-26T18:08:53.596+0000] {dag.py:3954} INFO - Setting next_dagrun for crypto_etl_dag to 2024-04-26 00:00:00+00:00, run_after=2024-04-27 00:00:00+00:00
[2024-04-26T18:08:53.761+0000] {processor.py:183} INFO - Processing /opt/airflow/dags/Crypto_etl_dag.py took 7.842 seconds
[2024-04-26T18:09:24.438+0000] {processor.py:161} INFO - Started process (PID=47) to work on /opt/airflow/dags/Crypto_etl_dag.py
[2024-04-26T18:09:24.461+0000] {processor.py:830} INFO - Processing file /opt/airflow/dags/Crypto_etl_dag.py for tasks to queue
[2024-04-26T18:09:24.464+0000] {logging_mixin.py:188} INFO - [2024-04-26T18:09:24.463+0000] {dagbag.py:540} INFO - Filling up the DagBag from /opt/airflow/dags/Crypto_etl_dag.py
[2024-04-26T18:09:27.517+0000] {logging_mixin.py:188} INFO - Conexión exitosa
[2024-04-26T18:09:32.338+0000] {logging_mixin.py:188} INFO - Datos cargados exitosamente en la tabla crypto_data
[2024-04-26T18:09:32.339+0000] {logging_mixin.py:188} INFO - Conexión cerrada
[2024-04-26T18:09:32.922+0000] {processor.py:840} INFO - DAG(s) 'crypto_etl_dag' retrieved from /opt/airflow/dags/Crypto_etl_dag.py
[2024-04-26T18:09:33.416+0000] {logging_mixin.py:188} INFO - [2024-04-26T18:09:33.414+0000] {dag.py:3096} INFO - Sync 1 DAGs
[2024-04-26T18:09:33.493+0000] {logging_mixin.py:188} INFO - [2024-04-26T18:09:33.492+0000] {dag.py:3954} INFO - Setting next_dagrun for crypto_etl_dag to 2024-04-26 00:00:00+00:00, run_after=2024-04-27 00:00:00+00:00
[2024-04-26T18:09:33.625+0000] {processor.py:183} INFO - Processing /opt/airflow/dags/Crypto_etl_dag.py took 9.199 seconds
[2024-04-26T22:35:15.189+0000] {processor.py:161} INFO - Started process (PID=40) to work on /opt/airflow/dags/Crypto_etl_dag.py
[2024-04-26T22:35:15.191+0000] {processor.py:830} INFO - Processing file /opt/airflow/dags/Crypto_etl_dag.py for tasks to queue
[2024-04-26T22:35:15.196+0000] {logging_mixin.py:188} INFO - [2024-04-26T22:35:15.195+0000] {dagbag.py:540} INFO - Filling up the DagBag from /opt/airflow/dags/Crypto_etl_dag.py
[2024-04-26T22:35:18.727+0000] {logging_mixin.py:188} INFO - Conexión exitosa
[2024-04-26T22:35:23.256+0000] {logging_mixin.py:188} INFO - Datos cargados exitosamente en la tabla crypto_data
[2024-04-26T22:35:23.257+0000] {logging_mixin.py:188} INFO - Conexión cerrada
[2024-04-26T22:35:23.465+0000] {processor.py:840} INFO - DAG(s) 'crypto_etl_dag' retrieved from /opt/airflow/dags/Crypto_etl_dag.py
[2024-04-26T22:35:23.484+0000] {logging_mixin.py:188} INFO - [2024-04-26T22:35:23.483+0000] {dag.py:3096} INFO - Sync 1 DAGs
[2024-04-26T22:35:23.737+0000] {logging_mixin.py:188} INFO - [2024-04-26T22:35:23.736+0000] {dag.py:3954} INFO - Setting next_dagrun for crypto_etl_dag to 2024-04-26 00:00:00+00:00, run_after=2024-04-27 00:00:00+00:00
[2024-04-26T22:35:23.831+0000] {processor.py:183} INFO - Processing /opt/airflow/dags/Crypto_etl_dag.py took 8.660 seconds
[2024-04-26T22:35:54.237+0000] {processor.py:161} INFO - Started process (PID=58) to work on /opt/airflow/dags/Crypto_etl_dag.py
[2024-04-26T22:35:54.239+0000] {processor.py:830} INFO - Processing file /opt/airflow/dags/Crypto_etl_dag.py for tasks to queue
[2024-04-26T22:35:54.242+0000] {logging_mixin.py:188} INFO - [2024-04-26T22:35:54.241+0000] {dagbag.py:540} INFO - Filling up the DagBag from /opt/airflow/dags/Crypto_etl_dag.py
[2024-04-26T22:35:56.138+0000] {logging_mixin.py:188} INFO - Conexión exitosa
[2024-04-26T22:36:00.756+0000] {logging_mixin.py:188} INFO - Datos cargados exitosamente en la tabla crypto_data
[2024-04-26T22:36:00.757+0000] {logging_mixin.py:188} INFO - Conexión cerrada
[2024-04-26T22:36:01.103+0000] {processor.py:840} INFO - DAG(s) 'crypto_etl_dag' retrieved from /opt/airflow/dags/Crypto_etl_dag.py
[2024-04-26T22:36:01.289+0000] {logging_mixin.py:188} INFO - [2024-04-26T22:36:01.288+0000] {dag.py:3096} INFO - Sync 1 DAGs
[2024-04-26T22:36:01.311+0000] {logging_mixin.py:188} INFO - [2024-04-26T22:36:01.311+0000] {dag.py:3954} INFO - Setting next_dagrun for crypto_etl_dag to 2024-04-26 00:00:00+00:00, run_after=2024-04-27 00:00:00+00:00
[2024-04-26T22:36:01.384+0000] {processor.py:183} INFO - Processing /opt/airflow/dags/Crypto_etl_dag.py took 7.154 seconds
[2024-04-26T22:41:19.724+0000] {processor.py:161} INFO - Started process (PID=40) to work on /opt/airflow/dags/Crypto_etl_dag.py
[2024-04-26T22:41:19.726+0000] {processor.py:830} INFO - Processing file /opt/airflow/dags/Crypto_etl_dag.py for tasks to queue
[2024-04-26T22:41:19.729+0000] {logging_mixin.py:188} INFO - [2024-04-26T22:41:19.729+0000] {dagbag.py:540} INFO - Filling up the DagBag from /opt/airflow/dags/Crypto_etl_dag.py
[2024-04-26T22:41:22.524+0000] {logging_mixin.py:188} INFO - Conexión exitosa
[2024-04-26T22:41:27.093+0000] {logging_mixin.py:188} INFO - Datos cargados exitosamente en la tabla crypto_data
[2024-04-26T22:41:27.094+0000] {logging_mixin.py:188} INFO - Conexión cerrada
[2024-04-26T22:41:27.305+0000] {processor.py:840} INFO - DAG(s) 'crypto_etl_dag' retrieved from /opt/airflow/dags/Crypto_etl_dag.py
[2024-04-26T22:41:27.326+0000] {logging_mixin.py:188} INFO - [2024-04-26T22:41:27.326+0000] {dag.py:3096} INFO - Sync 1 DAGs
[2024-04-26T22:41:27.626+0000] {logging_mixin.py:188} INFO - [2024-04-26T22:41:27.626+0000] {dag.py:3954} INFO - Setting next_dagrun for crypto_etl_dag to 2024-04-26 00:00:00+00:00, run_after=2024-04-27 00:00:00+00:00
[2024-04-26T22:41:27.762+0000] {processor.py:183} INFO - Processing /opt/airflow/dags/Crypto_etl_dag.py took 8.044 seconds
[2024-04-26T22:41:58.223+0000] {processor.py:161} INFO - Started process (PID=47) to work on /opt/airflow/dags/Crypto_etl_dag.py
[2024-04-26T22:41:58.224+0000] {processor.py:830} INFO - Processing file /opt/airflow/dags/Crypto_etl_dag.py for tasks to queue
[2024-04-26T22:41:58.226+0000] {logging_mixin.py:188} INFO - [2024-04-26T22:41:58.226+0000] {dagbag.py:540} INFO - Filling up the DagBag from /opt/airflow/dags/Crypto_etl_dag.py
[2024-04-26T22:42:00.444+0000] {logging_mixin.py:188} INFO - Conexión exitosa
[2024-04-26T22:42:06.668+0000] {logging_mixin.py:188} INFO - Datos cargados exitosamente en la tabla crypto_data
[2024-04-26T22:42:06.669+0000] {logging_mixin.py:188} INFO - Conexión cerrada
[2024-04-26T22:42:07.332+0000] {processor.py:840} INFO - DAG(s) 'crypto_etl_dag' retrieved from /opt/airflow/dags/Crypto_etl_dag.py
[2024-04-26T22:42:07.516+0000] {logging_mixin.py:188} INFO - [2024-04-26T22:42:07.516+0000] {dag.py:3096} INFO - Sync 1 DAGs
[2024-04-26T22:42:07.538+0000] {logging_mixin.py:188} INFO - [2024-04-26T22:42:07.538+0000] {dag.py:3954} INFO - Setting next_dagrun for crypto_etl_dag to 2024-04-26 00:00:00+00:00, run_after=2024-04-27 00:00:00+00:00
[2024-04-26T22:42:07.595+0000] {processor.py:183} INFO - Processing /opt/airflow/dags/Crypto_etl_dag.py took 9.380 seconds
[2024-04-26T22:42:37.960+0000] {processor.py:161} INFO - Started process (PID=50) to work on /opt/airflow/dags/Crypto_etl_dag.py
[2024-04-26T22:42:37.961+0000] {processor.py:830} INFO - Processing file /opt/airflow/dags/Crypto_etl_dag.py for tasks to queue
[2024-04-26T22:42:37.963+0000] {logging_mixin.py:188} INFO - [2024-04-26T22:42:37.963+0000] {dagbag.py:540} INFO - Filling up the DagBag from /opt/airflow/dags/Crypto_etl_dag.py
[2024-04-26T22:42:40.013+0000] {logging_mixin.py:188} INFO - Conexión exitosa
[2024-04-26T22:42:45.292+0000] {logging_mixin.py:188} INFO - Datos cargados exitosamente en la tabla crypto_data
[2024-04-26T22:42:45.295+0000] {logging_mixin.py:188} INFO - Conexión cerrada
[2024-04-26T22:42:45.535+0000] {processor.py:840} INFO - DAG(s) 'crypto_etl_dag' retrieved from /opt/airflow/dags/Crypto_etl_dag.py
[2024-04-26T22:42:45.603+0000] {logging_mixin.py:188} INFO - [2024-04-26T22:42:45.602+0000] {dag.py:3096} INFO - Sync 1 DAGs
[2024-04-26T22:42:45.625+0000] {logging_mixin.py:188} INFO - [2024-04-26T22:42:45.625+0000] {dag.py:3954} INFO - Setting next_dagrun for crypto_etl_dag to 2024-04-26 00:00:00+00:00, run_after=2024-04-27 00:00:00+00:00
[2024-04-26T22:42:45.688+0000] {processor.py:183} INFO - Processing /opt/airflow/dags/Crypto_etl_dag.py took 7.735 seconds
[2024-04-26T22:43:16.033+0000] {processor.py:161} INFO - Started process (PID=53) to work on /opt/airflow/dags/Crypto_etl_dag.py
[2024-04-26T22:43:16.034+0000] {processor.py:830} INFO - Processing file /opt/airflow/dags/Crypto_etl_dag.py for tasks to queue
[2024-04-26T22:43:16.037+0000] {logging_mixin.py:188} INFO - [2024-04-26T22:43:16.036+0000] {dagbag.py:540} INFO - Filling up the DagBag from /opt/airflow/dags/Crypto_etl_dag.py
[2024-04-26T22:43:17.935+0000] {logging_mixin.py:188} INFO - Conexión exitosa
[2024-04-26T22:43:22.910+0000] {logging_mixin.py:188} INFO - Datos cargados exitosamente en la tabla crypto_data
[2024-04-26T22:43:22.911+0000] {logging_mixin.py:188} INFO - Conexión cerrada
[2024-04-26T22:43:23.123+0000] {processor.py:840} INFO - DAG(s) 'crypto_etl_dag' retrieved from /opt/airflow/dags/Crypto_etl_dag.py
[2024-04-26T22:43:23.191+0000] {logging_mixin.py:188} INFO - [2024-04-26T22:43:23.190+0000] {dag.py:3096} INFO - Sync 1 DAGs
[2024-04-26T22:43:23.214+0000] {logging_mixin.py:188} INFO - [2024-04-26T22:43:23.214+0000] {dag.py:3954} INFO - Setting next_dagrun for crypto_etl_dag to 2024-04-26 00:00:00+00:00, run_after=2024-04-27 00:00:00+00:00
[2024-04-26T22:43:23.278+0000] {processor.py:183} INFO - Processing /opt/airflow/dags/Crypto_etl_dag.py took 7.251 seconds
[2024-04-26T22:43:53.678+0000] {processor.py:161} INFO - Started process (PID=56) to work on /opt/airflow/dags/Crypto_etl_dag.py
[2024-04-26T22:43:53.679+0000] {processor.py:830} INFO - Processing file /opt/airflow/dags/Crypto_etl_dag.py for tasks to queue
[2024-04-26T22:43:53.681+0000] {logging_mixin.py:188} INFO - [2024-04-26T22:43:53.681+0000] {dagbag.py:540} INFO - Filling up the DagBag from /opt/airflow/dags/Crypto_etl_dag.py
[2024-04-26T22:43:55.683+0000] {logging_mixin.py:188} INFO - Conexión exitosa
[2024-04-26T22:44:00.336+0000] {logging_mixin.py:188} INFO - Datos cargados exitosamente en la tabla crypto_data
[2024-04-26T22:44:00.338+0000] {logging_mixin.py:188} INFO - Conexión cerrada
[2024-04-26T22:44:00.602+0000] {processor.py:840} INFO - DAG(s) 'crypto_etl_dag' retrieved from /opt/airflow/dags/Crypto_etl_dag.py
[2024-04-26T22:44:00.666+0000] {logging_mixin.py:188} INFO - [2024-04-26T22:44:00.665+0000] {dag.py:3096} INFO - Sync 1 DAGs
[2024-04-26T22:44:00.692+0000] {logging_mixin.py:188} INFO - [2024-04-26T22:44:00.691+0000] {dag.py:3954} INFO - Setting next_dagrun for crypto_etl_dag to 2024-04-26 00:00:00+00:00, run_after=2024-04-27 00:00:00+00:00
[2024-04-26T22:44:00.764+0000] {processor.py:183} INFO - Processing /opt/airflow/dags/Crypto_etl_dag.py took 7.091 seconds
[2024-04-26T23:01:51.650+0000] {processor.py:161} INFO - Started process (PID=40) to work on /opt/airflow/dags/Crypto_etl_dag.py
[2024-04-26T23:01:51.653+0000] {processor.py:830} INFO - Processing file /opt/airflow/dags/Crypto_etl_dag.py for tasks to queue
[2024-04-26T23:01:51.656+0000] {logging_mixin.py:188} INFO - [2024-04-26T23:01:51.656+0000] {dagbag.py:540} INFO - Filling up the DagBag from /opt/airflow/dags/Crypto_etl_dag.py
[2024-04-26T23:01:53.825+0000] {logging_mixin.py:188} INFO - Conexión exitosa
[2024-04-26T23:01:58.410+0000] {logging_mixin.py:188} INFO - Datos cargados exitosamente en la tabla crypto_data
[2024-04-26T23:01:58.411+0000] {logging_mixin.py:188} INFO - Conexión cerrada
[2024-04-26T23:01:58.434+0000] {processor.py:840} INFO - DAG(s) 'crypto_etl_dag' retrieved from /opt/airflow/dags/Crypto_etl_dag.py
[2024-04-26T23:01:58.451+0000] {logging_mixin.py:188} INFO - [2024-04-26T23:01:58.450+0000] {dag.py:3096} INFO - Sync 1 DAGs
[2024-04-26T23:01:58.690+0000] {logging_mixin.py:188} INFO - [2024-04-26T23:01:58.690+0000] {dag.py:3954} INFO - Setting next_dagrun for crypto_etl_dag to 2024-04-26 00:00:00+00:00, run_after=2024-04-27 00:00:00+00:00
[2024-04-26T23:01:58.800+0000] {processor.py:183} INFO - Processing /opt/airflow/dags/Crypto_etl_dag.py took 7.162 seconds
[2024-04-26T23:02:29.581+0000] {processor.py:161} INFO - Started process (PID=58) to work on /opt/airflow/dags/Crypto_etl_dag.py
[2024-04-26T23:02:29.583+0000] {processor.py:830} INFO - Processing file /opt/airflow/dags/Crypto_etl_dag.py for tasks to queue
[2024-04-26T23:02:29.586+0000] {logging_mixin.py:188} INFO - [2024-04-26T23:02:29.585+0000] {dagbag.py:540} INFO - Filling up the DagBag from /opt/airflow/dags/Crypto_etl_dag.py
[2024-04-26T23:02:31.934+0000] {logging_mixin.py:188} INFO - Conexión exitosa
[2024-04-26T23:02:36.446+0000] {logging_mixin.py:188} INFO - Datos cargados exitosamente en la tabla crypto_data
[2024-04-26T23:02:36.447+0000] {logging_mixin.py:188} INFO - Conexión cerrada
[2024-04-26T23:02:36.467+0000] {processor.py:840} INFO - DAG(s) 'crypto_etl_dag' retrieved from /opt/airflow/dags/Crypto_etl_dag.py
[2024-04-26T23:02:36.731+0000] {logging_mixin.py:188} INFO - [2024-04-26T23:02:36.730+0000] {dag.py:3096} INFO - Sync 1 DAGs
[2024-04-26T23:02:36.755+0000] {logging_mixin.py:188} INFO - [2024-04-26T23:02:36.755+0000] {dag.py:3954} INFO - Setting next_dagrun for crypto_etl_dag to 2024-04-26 00:00:00+00:00, run_after=2024-04-27 00:00:00+00:00
[2024-04-26T23:02:36.814+0000] {processor.py:183} INFO - Processing /opt/airflow/dags/Crypto_etl_dag.py took 7.240 seconds
[2024-04-26T23:03:20.030+0000] {processor.py:161} INFO - Started process (PID=78) to work on /opt/airflow/dags/Crypto_etl_dag.py
[2024-04-26T23:03:20.031+0000] {processor.py:830} INFO - Processing file /opt/airflow/dags/Crypto_etl_dag.py for tasks to queue
[2024-04-26T23:03:20.033+0000] {logging_mixin.py:188} INFO - [2024-04-26T23:03:20.032+0000] {dagbag.py:540} INFO - Filling up the DagBag from /opt/airflow/dags/Crypto_etl_dag.py
[2024-04-26T23:03:21.947+0000] {logging_mixin.py:188} INFO - Conexión exitosa
[2024-04-26T23:03:26.601+0000] {logging_mixin.py:188} INFO - Datos cargados exitosamente en la tabla crypto_data
[2024-04-26T23:03:26.602+0000] {logging_mixin.py:188} INFO - Conexión cerrada
[2024-04-26T23:03:26.763+0000] {processor.py:840} INFO - DAG(s) 'crypto_etl_dag' retrieved from /opt/airflow/dags/Crypto_etl_dag.py
[2024-04-26T23:03:26.793+0000] {logging_mixin.py:188} INFO - [2024-04-26T23:03:26.792+0000] {dag.py:3096} INFO - Sync 1 DAGs
[2024-04-26T23:03:26.817+0000] {logging_mixin.py:188} INFO - [2024-04-26T23:03:26.817+0000] {dag.py:3954} INFO - Setting next_dagrun for crypto_etl_dag to 2024-04-26 00:00:00+00:00, run_after=2024-04-27 00:00:00+00:00
[2024-04-26T23:03:26.875+0000] {processor.py:183} INFO - Processing /opt/airflow/dags/Crypto_etl_dag.py took 6.850 seconds
[2024-04-26T23:03:57.385+0000] {processor.py:161} INFO - Started process (PID=81) to work on /opt/airflow/dags/Crypto_etl_dag.py
[2024-04-26T23:03:57.386+0000] {processor.py:830} INFO - Processing file /opt/airflow/dags/Crypto_etl_dag.py for tasks to queue
[2024-04-26T23:03:57.389+0000] {logging_mixin.py:188} INFO - [2024-04-26T23:03:57.388+0000] {dagbag.py:540} INFO - Filling up the DagBag from /opt/airflow/dags/Crypto_etl_dag.py
[2024-04-26T23:03:59.540+0000] {logging_mixin.py:188} INFO - Conexión exitosa
[2024-04-26T23:04:04.086+0000] {logging_mixin.py:188} INFO - Datos cargados exitosamente en la tabla crypto_data
[2024-04-26T23:04:04.087+0000] {logging_mixin.py:188} INFO - Conexión cerrada
[2024-04-26T23:04:04.119+0000] {processor.py:840} INFO - DAG(s) 'crypto_etl_dag' retrieved from /opt/airflow/dags/Crypto_etl_dag.py
[2024-04-26T23:04:04.156+0000] {logging_mixin.py:188} INFO - [2024-04-26T23:04:04.155+0000] {dag.py:3096} INFO - Sync 1 DAGs
[2024-04-26T23:04:04.188+0000] {logging_mixin.py:188} INFO - [2024-04-26T23:04:04.188+0000] {dag.py:3954} INFO - Setting next_dagrun for crypto_etl_dag to 2024-04-26 00:00:00+00:00, run_after=2024-04-27 00:00:00+00:00
[2024-04-26T23:04:04.265+0000] {processor.py:183} INFO - Processing /opt/airflow/dags/Crypto_etl_dag.py took 6.888 seconds
[2024-04-26T23:04:34.523+0000] {processor.py:161} INFO - Started process (PID=84) to work on /opt/airflow/dags/Crypto_etl_dag.py
[2024-04-26T23:04:34.524+0000] {processor.py:830} INFO - Processing file /opt/airflow/dags/Crypto_etl_dag.py for tasks to queue
[2024-04-26T23:04:34.529+0000] {logging_mixin.py:188} INFO - [2024-04-26T23:04:34.528+0000] {dagbag.py:540} INFO - Filling up the DagBag from /opt/airflow/dags/Crypto_etl_dag.py
[2024-04-26T23:04:36.933+0000] {logging_mixin.py:188} INFO - Conexión exitosa
[2024-04-26T23:04:42.084+0000] {logging_mixin.py:188} INFO - Datos cargados exitosamente en la tabla crypto_data
[2024-04-26T23:04:42.085+0000] {logging_mixin.py:188} INFO - Conexión cerrada
[2024-04-26T23:04:42.105+0000] {processor.py:840} INFO - DAG(s) 'crypto_etl_dag' retrieved from /opt/airflow/dags/Crypto_etl_dag.py
[2024-04-26T23:04:42.133+0000] {logging_mixin.py:188} INFO - [2024-04-26T23:04:42.133+0000] {dag.py:3096} INFO - Sync 1 DAGs
[2024-04-26T23:04:42.160+0000] {logging_mixin.py:188} INFO - [2024-04-26T23:04:42.159+0000] {dag.py:3954} INFO - Setting next_dagrun for crypto_etl_dag to 2024-04-26 00:00:00+00:00, run_after=2024-04-27 00:00:00+00:00
[2024-04-26T23:04:42.231+0000] {processor.py:183} INFO - Processing /opt/airflow/dags/Crypto_etl_dag.py took 7.718 seconds
[2024-04-26T23:05:12.599+0000] {processor.py:161} INFO - Started process (PID=87) to work on /opt/airflow/dags/Crypto_etl_dag.py
[2024-04-26T23:05:12.601+0000] {processor.py:830} INFO - Processing file /opt/airflow/dags/Crypto_etl_dag.py for tasks to queue
[2024-04-26T23:05:12.603+0000] {logging_mixin.py:188} INFO - [2024-04-26T23:05:12.603+0000] {dagbag.py:540} INFO - Filling up the DagBag from /opt/airflow/dags/Crypto_etl_dag.py
[2024-04-26T23:05:14.761+0000] {logging_mixin.py:188} INFO - Conexión exitosa
[2024-04-26T23:05:19.314+0000] {logging_mixin.py:188} INFO - Datos cargados exitosamente en la tabla crypto_data
[2024-04-26T23:05:19.316+0000] {logging_mixin.py:188} INFO - Conexión cerrada
[2024-04-26T23:05:19.384+0000] {processor.py:840} INFO - DAG(s) 'crypto_etl_dag' retrieved from /opt/airflow/dags/Crypto_etl_dag.py
[2024-04-26T23:05:19.464+0000] {logging_mixin.py:188} INFO - [2024-04-26T23:05:19.463+0000] {dag.py:3096} INFO - Sync 1 DAGs
[2024-04-26T23:05:19.565+0000] {logging_mixin.py:188} INFO - [2024-04-26T23:05:19.565+0000] {dag.py:3954} INFO - Setting next_dagrun for crypto_etl_dag to 2024-04-26 00:00:00+00:00, run_after=2024-04-27 00:00:00+00:00
[2024-04-26T23:05:19.854+0000] {processor.py:183} INFO - Processing /opt/airflow/dags/Crypto_etl_dag.py took 7.260 seconds
[2024-04-26T23:05:50.643+0000] {processor.py:161} INFO - Started process (PID=90) to work on /opt/airflow/dags/Crypto_etl_dag.py
[2024-04-26T23:05:50.645+0000] {processor.py:830} INFO - Processing file /opt/airflow/dags/Crypto_etl_dag.py for tasks to queue
[2024-04-26T23:05:50.648+0000] {logging_mixin.py:188} INFO - [2024-04-26T23:05:50.647+0000] {dagbag.py:540} INFO - Filling up the DagBag from /opt/airflow/dags/Crypto_etl_dag.py
[2024-04-26T23:05:53.147+0000] {logging_mixin.py:188} INFO - Conexión exitosa
[2024-04-26T23:05:57.883+0000] {logging_mixin.py:188} INFO - Datos cargados exitosamente en la tabla crypto_data
[2024-04-26T23:05:57.884+0000] {logging_mixin.py:188} INFO - Conexión cerrada
[2024-04-26T23:05:57.903+0000] {processor.py:840} INFO - DAG(s) 'crypto_etl_dag' retrieved from /opt/airflow/dags/Crypto_etl_dag.py
[2024-04-26T23:05:57.934+0000] {logging_mixin.py:188} INFO - [2024-04-26T23:05:57.934+0000] {dag.py:3096} INFO - Sync 1 DAGs
[2024-04-26T23:05:57.966+0000] {logging_mixin.py:188} INFO - [2024-04-26T23:05:57.966+0000] {dag.py:3954} INFO - Setting next_dagrun for crypto_etl_dag to 2024-04-26 00:00:00+00:00, run_after=2024-04-27 00:00:00+00:00
[2024-04-26T23:05:58.052+0000] {processor.py:183} INFO - Processing /opt/airflow/dags/Crypto_etl_dag.py took 7.419 seconds
[2024-04-26T23:06:28.581+0000] {processor.py:161} INFO - Started process (PID=93) to work on /opt/airflow/dags/Crypto_etl_dag.py
[2024-04-26T23:06:28.583+0000] {processor.py:830} INFO - Processing file /opt/airflow/dags/Crypto_etl_dag.py for tasks to queue
[2024-04-26T23:06:28.586+0000] {logging_mixin.py:188} INFO - [2024-04-26T23:06:28.585+0000] {dagbag.py:540} INFO - Filling up the DagBag from /opt/airflow/dags/Crypto_etl_dag.py
[2024-04-26T23:06:30.926+0000] {logging_mixin.py:188} INFO - Conexión exitosa
[2024-04-26T23:06:35.646+0000] {logging_mixin.py:188} INFO - Datos cargados exitosamente en la tabla crypto_data
[2024-04-26T23:06:35.646+0000] {logging_mixin.py:188} INFO - Conexión cerrada
[2024-04-26T23:06:35.665+0000] {processor.py:840} INFO - DAG(s) 'crypto_etl_dag' retrieved from /opt/airflow/dags/Crypto_etl_dag.py
[2024-04-26T23:06:35.700+0000] {logging_mixin.py:188} INFO - [2024-04-26T23:06:35.700+0000] {dag.py:3096} INFO - Sync 1 DAGs
[2024-04-26T23:06:35.744+0000] {logging_mixin.py:188} INFO - [2024-04-26T23:06:35.744+0000] {dag.py:3954} INFO - Setting next_dagrun for crypto_etl_dag to 2024-04-26 00:00:00+00:00, run_after=2024-04-27 00:00:00+00:00
[2024-04-26T23:06:35.825+0000] {processor.py:183} INFO - Processing /opt/airflow/dags/Crypto_etl_dag.py took 7.251 seconds
[2024-04-26T23:57:26.422+0000] {processor.py:161} INFO - Started process (PID=40) to work on /opt/airflow/dags/Crypto_etl_dag.py
[2024-04-26T23:57:26.425+0000] {processor.py:830} INFO - Processing file /opt/airflow/dags/Crypto_etl_dag.py for tasks to queue
[2024-04-26T23:57:26.428+0000] {logging_mixin.py:188} INFO - [2024-04-26T23:57:26.428+0000] {dagbag.py:540} INFO - Filling up the DagBag from /opt/airflow/dags/Crypto_etl_dag.py
[2024-04-26T23:57:28.949+0000] {logging_mixin.py:188} INFO - Conexión exitosa
[2024-04-26T23:57:33.542+0000] {logging_mixin.py:188} INFO - Datos cargados exitosamente en la tabla crypto_data
[2024-04-26T23:57:33.543+0000] {logging_mixin.py:188} INFO - Conexión cerrada
[2024-04-26T23:57:33.568+0000] {processor.py:840} INFO - DAG(s) 'crypto_etl_dag' retrieved from /opt/airflow/dags/Crypto_etl_dag.py
[2024-04-26T23:57:33.586+0000] {logging_mixin.py:188} INFO - [2024-04-26T23:57:33.586+0000] {dag.py:3096} INFO - Sync 1 DAGs
[2024-04-26T23:57:33.909+0000] {logging_mixin.py:188} INFO - [2024-04-26T23:57:33.908+0000] {dag.py:3954} INFO - Setting next_dagrun for crypto_etl_dag to 2024-04-26 00:00:00+00:00, run_after=2024-04-27 00:00:00+00:00
[2024-04-26T23:57:34.022+0000] {processor.py:183} INFO - Processing /opt/airflow/dags/Crypto_etl_dag.py took 7.618 seconds
[2024-04-26T23:58:04.175+0000] {processor.py:161} INFO - Started process (PID=47) to work on /opt/airflow/dags/Crypto_etl_dag.py
[2024-04-26T23:58:04.176+0000] {processor.py:830} INFO - Processing file /opt/airflow/dags/Crypto_etl_dag.py for tasks to queue
[2024-04-26T23:58:04.179+0000] {logging_mixin.py:188} INFO - [2024-04-26T23:58:04.178+0000] {dagbag.py:540} INFO - Filling up the DagBag from /opt/airflow/dags/Crypto_etl_dag.py
[2024-04-26T23:58:06.197+0000] {logging_mixin.py:188} INFO - Conexión exitosa
[2024-04-26T23:58:11.245+0000] {logging_mixin.py:188} INFO - Datos cargados exitosamente en la tabla crypto_data
[2024-04-26T23:58:11.247+0000] {logging_mixin.py:188} INFO - Conexión cerrada
[2024-04-26T23:58:11.608+0000] {processor.py:840} INFO - DAG(s) 'crypto_etl_dag' retrieved from /opt/airflow/dags/Crypto_etl_dag.py
[2024-04-26T23:58:11.754+0000] {logging_mixin.py:188} INFO - [2024-04-26T23:58:11.754+0000] {dag.py:3096} INFO - Sync 1 DAGs
[2024-04-26T23:58:11.787+0000] {logging_mixin.py:188} INFO - [2024-04-26T23:58:11.787+0000] {dag.py:3954} INFO - Setting next_dagrun for crypto_etl_dag to 2024-04-26 00:00:00+00:00, run_after=2024-04-27 00:00:00+00:00
[2024-04-26T23:58:11.895+0000] {processor.py:183} INFO - Processing /opt/airflow/dags/Crypto_etl_dag.py took 7.730 seconds
