[2024-04-26T13:50:06.845+0000] {processor.py:161} INFO - Started process (PID=55) to work on /opt/airflow/dags/welcome_dag.py
[2024-04-26T13:50:06.849+0000] {processor.py:830} INFO - Processing file /opt/airflow/dags/welcome_dag.py for tasks to queue
[2024-04-26T13:50:06.875+0000] {logging_mixin.py:188} INFO - [2024-04-26T13:50:06.864+0000] {dagbag.py:540} INFO - Filling up the DagBag from /opt/airflow/dags/welcome_dag.py
[2024-04-26T13:50:06.968+0000] {processor.py:840} INFO - DAG(s) 'welcome_dag' retrieved from /opt/airflow/dags/welcome_dag.py
[2024-04-26T13:50:07.303+0000] {logging_mixin.py:188} INFO - [2024-04-26T13:50:07.301+0000] {override.py:1829} INFO - Created Permission View: can read on DAG:welcome_dag
[2024-04-26T13:50:07.352+0000] {logging_mixin.py:188} INFO - [2024-04-26T13:50:07.352+0000] {override.py:1829} INFO - Created Permission View: can delete on DAG:welcome_dag
[2024-04-26T13:50:07.417+0000] {logging_mixin.py:188} INFO - [2024-04-26T13:50:07.417+0000] {override.py:1829} INFO - Created Permission View: can edit on DAG:welcome_dag
[2024-04-26T13:50:07.419+0000] {logging_mixin.py:188} INFO - [2024-04-26T13:50:07.418+0000] {dag.py:3096} INFO - Sync 1 DAGs
[2024-04-26T13:50:07.672+0000] {logging_mixin.py:188} INFO - [2024-04-26T13:50:07.671+0000] {dag.py:3118} INFO - Creating ORM DAG for welcome_dag
[2024-04-26T13:50:07.970+0000] {logging_mixin.py:188} INFO - [2024-04-26T13:50:07.969+0000] {dag.py:3954} INFO - Setting next_dagrun for welcome_dag to 2024-04-25 23:00:00+00:00, run_after=2024-04-26 23:00:00+00:00
[2024-04-26T13:50:08.134+0000] {processor.py:183} INFO - Processing /opt/airflow/dags/welcome_dag.py took 1.362 seconds
[2024-04-26T13:50:39.045+0000] {processor.py:161} INFO - Started process (PID=56) to work on /opt/airflow/dags/welcome_dag.py
[2024-04-26T13:50:39.047+0000] {processor.py:830} INFO - Processing file /opt/airflow/dags/welcome_dag.py for tasks to queue
[2024-04-26T13:50:39.054+0000] {logging_mixin.py:188} INFO - [2024-04-26T13:50:39.054+0000] {dagbag.py:540} INFO - Filling up the DagBag from /opt/airflow/dags/welcome_dag.py
[2024-04-26T13:50:39.222+0000] {processor.py:840} INFO - DAG(s) 'welcome_dag' retrieved from /opt/airflow/dags/welcome_dag.py
[2024-04-26T13:50:39.451+0000] {logging_mixin.py:188} INFO - [2024-04-26T13:50:39.450+0000] {dag.py:3096} INFO - Sync 1 DAGs
[2024-04-26T13:50:39.748+0000] {logging_mixin.py:188} INFO - [2024-04-26T13:50:39.747+0000] {dag.py:3954} INFO - Setting next_dagrun for welcome_dag to 2024-04-25 23:00:00+00:00, run_after=2024-04-26 23:00:00+00:00
[2024-04-26T13:50:40.238+0000] {processor.py:183} INFO - Processing /opt/airflow/dags/welcome_dag.py took 1.210 seconds
[2024-04-26T13:51:10.649+0000] {processor.py:161} INFO - Started process (PID=57) to work on /opt/airflow/dags/welcome_dag.py
[2024-04-26T13:51:10.650+0000] {processor.py:830} INFO - Processing file /opt/airflow/dags/welcome_dag.py for tasks to queue
[2024-04-26T13:51:10.652+0000] {logging_mixin.py:188} INFO - [2024-04-26T13:51:10.652+0000] {dagbag.py:540} INFO - Filling up the DagBag from /opt/airflow/dags/welcome_dag.py
[2024-04-26T13:51:10.678+0000] {processor.py:840} INFO - DAG(s) 'welcome_dag' retrieved from /opt/airflow/dags/welcome_dag.py
[2024-04-26T13:51:10.716+0000] {logging_mixin.py:188} INFO - [2024-04-26T13:51:10.716+0000] {dag.py:3096} INFO - Sync 1 DAGs
[2024-04-26T13:51:10.766+0000] {logging_mixin.py:188} INFO - [2024-04-26T13:51:10.765+0000] {dag.py:3954} INFO - Setting next_dagrun for welcome_dag to 2024-04-25 23:00:00+00:00, run_after=2024-04-26 23:00:00+00:00
[2024-04-26T13:51:10.853+0000] {processor.py:183} INFO - Processing /opt/airflow/dags/welcome_dag.py took 0.212 seconds
[2024-04-26T13:51:42.397+0000] {processor.py:161} INFO - Started process (PID=58) to work on /opt/airflow/dags/welcome_dag.py
[2024-04-26T13:51:42.399+0000] {processor.py:830} INFO - Processing file /opt/airflow/dags/welcome_dag.py for tasks to queue
[2024-04-26T13:51:42.402+0000] {logging_mixin.py:188} INFO - [2024-04-26T13:51:42.401+0000] {dagbag.py:540} INFO - Filling up the DagBag from /opt/airflow/dags/welcome_dag.py
[2024-04-26T13:51:42.465+0000] {processor.py:840} INFO - DAG(s) 'welcome_dag' retrieved from /opt/airflow/dags/welcome_dag.py
[2024-04-26T13:51:42.534+0000] {logging_mixin.py:188} INFO - [2024-04-26T13:51:42.534+0000] {dag.py:3096} INFO - Sync 1 DAGs
[2024-04-26T13:51:42.578+0000] {logging_mixin.py:188} INFO - [2024-04-26T13:51:42.577+0000] {dag.py:3954} INFO - Setting next_dagrun for welcome_dag to 2024-04-25 23:00:00+00:00, run_after=2024-04-26 23:00:00+00:00
[2024-04-26T13:51:42.808+0000] {processor.py:183} INFO - Processing /opt/airflow/dags/welcome_dag.py took 0.420 seconds
[2024-04-26T13:52:13.748+0000] {processor.py:161} INFO - Started process (PID=59) to work on /opt/airflow/dags/welcome_dag.py
[2024-04-26T13:52:13.750+0000] {processor.py:830} INFO - Processing file /opt/airflow/dags/welcome_dag.py for tasks to queue
[2024-04-26T13:52:13.754+0000] {logging_mixin.py:188} INFO - [2024-04-26T13:52:13.754+0000] {dagbag.py:540} INFO - Filling up the DagBag from /opt/airflow/dags/welcome_dag.py
[2024-04-26T13:52:13.794+0000] {processor.py:840} INFO - DAG(s) 'welcome_dag' retrieved from /opt/airflow/dags/welcome_dag.py
[2024-04-26T13:52:13.854+0000] {logging_mixin.py:188} INFO - [2024-04-26T13:52:13.854+0000] {dag.py:3096} INFO - Sync 1 DAGs
[2024-04-26T13:52:13.903+0000] {logging_mixin.py:188} INFO - [2024-04-26T13:52:13.903+0000] {dag.py:3954} INFO - Setting next_dagrun for welcome_dag to 2024-04-25 23:00:00+00:00, run_after=2024-04-26 23:00:00+00:00
[2024-04-26T13:52:14.015+0000] {processor.py:183} INFO - Processing /opt/airflow/dags/welcome_dag.py took 0.292 seconds
[2024-04-26T13:52:48.046+0000] {processor.py:161} INFO - Started process (PID=65) to work on /opt/airflow/dags/welcome_dag.py
[2024-04-26T13:52:48.048+0000] {processor.py:830} INFO - Processing file /opt/airflow/dags/welcome_dag.py for tasks to queue
[2024-04-26T13:52:48.052+0000] {logging_mixin.py:188} INFO - [2024-04-26T13:52:48.050+0000] {dagbag.py:540} INFO - Filling up the DagBag from /opt/airflow/dags/welcome_dag.py
[2024-04-26T13:52:48.097+0000] {processor.py:840} INFO - DAG(s) 'welcome_dag' retrieved from /opt/airflow/dags/welcome_dag.py
[2024-04-26T13:52:48.132+0000] {logging_mixin.py:188} INFO - [2024-04-26T13:52:48.132+0000] {dag.py:3096} INFO - Sync 1 DAGs
[2024-04-26T13:52:48.165+0000] {logging_mixin.py:188} INFO - [2024-04-26T13:52:48.164+0000] {dag.py:3954} INFO - Setting next_dagrun for welcome_dag to 2024-04-25 23:00:00+00:00, run_after=2024-04-26 23:00:00+00:00
[2024-04-26T13:52:48.230+0000] {processor.py:183} INFO - Processing /opt/airflow/dags/welcome_dag.py took 0.192 seconds
[2024-04-26T13:53:23.558+0000] {processor.py:161} INFO - Started process (PID=81) to work on /opt/airflow/dags/welcome_dag.py
[2024-04-26T13:53:23.559+0000] {processor.py:830} INFO - Processing file /opt/airflow/dags/welcome_dag.py for tasks to queue
[2024-04-26T13:53:23.562+0000] {logging_mixin.py:188} INFO - [2024-04-26T13:53:23.561+0000] {dagbag.py:540} INFO - Filling up the DagBag from /opt/airflow/dags/welcome_dag.py
[2024-04-26T13:53:23.589+0000] {processor.py:840} INFO - DAG(s) 'welcome_dag' retrieved from /opt/airflow/dags/welcome_dag.py
[2024-04-26T13:53:23.627+0000] {logging_mixin.py:188} INFO - [2024-04-26T13:53:23.627+0000] {dag.py:3096} INFO - Sync 1 DAGs
[2024-04-26T13:53:23.660+0000] {logging_mixin.py:188} INFO - [2024-04-26T13:53:23.660+0000] {dag.py:3954} INFO - Setting next_dagrun for welcome_dag to 2024-04-25 23:00:00+00:00, run_after=2024-04-26 23:00:00+00:00
[2024-04-26T13:53:23.771+0000] {processor.py:183} INFO - Processing /opt/airflow/dags/welcome_dag.py took 0.220 seconds
[2024-04-26T13:53:54.409+0000] {processor.py:161} INFO - Started process (PID=92) to work on /opt/airflow/dags/welcome_dag.py
[2024-04-26T13:53:54.410+0000] {processor.py:830} INFO - Processing file /opt/airflow/dags/welcome_dag.py for tasks to queue
[2024-04-26T13:53:54.413+0000] {logging_mixin.py:188} INFO - [2024-04-26T13:53:54.413+0000] {dagbag.py:540} INFO - Filling up the DagBag from /opt/airflow/dags/welcome_dag.py
[2024-04-26T13:53:54.441+0000] {processor.py:840} INFO - DAG(s) 'welcome_dag' retrieved from /opt/airflow/dags/welcome_dag.py
[2024-04-26T13:53:54.476+0000] {logging_mixin.py:188} INFO - [2024-04-26T13:53:54.476+0000] {dag.py:3096} INFO - Sync 1 DAGs
[2024-04-26T13:53:54.507+0000] {logging_mixin.py:188} INFO - [2024-04-26T13:53:54.507+0000] {dag.py:3954} INFO - Setting next_dagrun for welcome_dag to 2024-04-25 23:00:00+00:00, run_after=2024-04-26 23:00:00+00:00
[2024-04-26T13:53:54.584+0000] {processor.py:183} INFO - Processing /opt/airflow/dags/welcome_dag.py took 0.183 seconds
[2024-04-26T13:54:25.408+0000] {processor.py:161} INFO - Started process (PID=93) to work on /opt/airflow/dags/welcome_dag.py
[2024-04-26T13:54:25.409+0000] {processor.py:830} INFO - Processing file /opt/airflow/dags/welcome_dag.py for tasks to queue
[2024-04-26T13:54:25.411+0000] {logging_mixin.py:188} INFO - [2024-04-26T13:54:25.411+0000] {dagbag.py:540} INFO - Filling up the DagBag from /opt/airflow/dags/welcome_dag.py
[2024-04-26T13:54:25.438+0000] {processor.py:840} INFO - DAG(s) 'welcome_dag' retrieved from /opt/airflow/dags/welcome_dag.py
[2024-04-26T13:54:25.471+0000] {logging_mixin.py:188} INFO - [2024-04-26T13:54:25.470+0000] {dag.py:3096} INFO - Sync 1 DAGs
[2024-04-26T13:54:25.561+0000] {logging_mixin.py:188} INFO - [2024-04-26T13:54:25.560+0000] {dag.py:3954} INFO - Setting next_dagrun for welcome_dag to 2024-04-25 23:00:00+00:00, run_after=2024-04-26 23:00:00+00:00
[2024-04-26T13:54:25.690+0000] {processor.py:183} INFO - Processing /opt/airflow/dags/welcome_dag.py took 0.288 seconds
[2024-04-26T13:54:55.938+0000] {processor.py:161} INFO - Started process (PID=94) to work on /opt/airflow/dags/welcome_dag.py
[2024-04-26T13:54:55.940+0000] {processor.py:830} INFO - Processing file /opt/airflow/dags/welcome_dag.py for tasks to queue
[2024-04-26T13:54:55.943+0000] {logging_mixin.py:188} INFO - [2024-04-26T13:54:55.943+0000] {dagbag.py:540} INFO - Filling up the DagBag from /opt/airflow/dags/welcome_dag.py
[2024-04-26T13:54:55.984+0000] {processor.py:840} INFO - DAG(s) 'welcome_dag' retrieved from /opt/airflow/dags/welcome_dag.py
[2024-04-26T13:54:56.047+0000] {logging_mixin.py:188} INFO - [2024-04-26T13:54:56.046+0000] {dag.py:3096} INFO - Sync 1 DAGs
[2024-04-26T13:54:56.078+0000] {logging_mixin.py:188} INFO - [2024-04-26T13:54:56.077+0000] {dag.py:3954} INFO - Setting next_dagrun for welcome_dag to 2024-04-25 23:00:00+00:00, run_after=2024-04-26 23:00:00+00:00
[2024-04-26T13:54:56.150+0000] {processor.py:183} INFO - Processing /opt/airflow/dags/welcome_dag.py took 0.229 seconds
[2024-04-26T13:55:26.511+0000] {processor.py:161} INFO - Started process (PID=95) to work on /opt/airflow/dags/welcome_dag.py
[2024-04-26T13:55:26.512+0000] {processor.py:830} INFO - Processing file /opt/airflow/dags/welcome_dag.py for tasks to queue
[2024-04-26T13:55:26.514+0000] {logging_mixin.py:188} INFO - [2024-04-26T13:55:26.514+0000] {dagbag.py:540} INFO - Filling up the DagBag from /opt/airflow/dags/welcome_dag.py
[2024-04-26T13:55:26.539+0000] {processor.py:840} INFO - DAG(s) 'welcome_dag' retrieved from /opt/airflow/dags/welcome_dag.py
[2024-04-26T13:55:26.616+0000] {logging_mixin.py:188} INFO - [2024-04-26T13:55:26.616+0000] {dag.py:3096} INFO - Sync 1 DAGs
[2024-04-26T13:55:26.648+0000] {logging_mixin.py:188} INFO - [2024-04-26T13:55:26.648+0000] {dag.py:3954} INFO - Setting next_dagrun for welcome_dag to 2024-04-25 23:00:00+00:00, run_after=2024-04-26 23:00:00+00:00
[2024-04-26T13:55:26.743+0000] {processor.py:183} INFO - Processing /opt/airflow/dags/welcome_dag.py took 0.239 seconds
[2024-04-26T13:55:57.069+0000] {processor.py:161} INFO - Started process (PID=96) to work on /opt/airflow/dags/welcome_dag.py
[2024-04-26T13:55:57.070+0000] {processor.py:830} INFO - Processing file /opt/airflow/dags/welcome_dag.py for tasks to queue
[2024-04-26T13:55:57.072+0000] {logging_mixin.py:188} INFO - [2024-04-26T13:55:57.072+0000] {dagbag.py:540} INFO - Filling up the DagBag from /opt/airflow/dags/welcome_dag.py
[2024-04-26T13:55:57.099+0000] {processor.py:840} INFO - DAG(s) 'welcome_dag' retrieved from /opt/airflow/dags/welcome_dag.py
[2024-04-26T13:55:57.134+0000] {logging_mixin.py:188} INFO - [2024-04-26T13:55:57.134+0000] {dag.py:3096} INFO - Sync 1 DAGs
[2024-04-26T13:55:57.168+0000] {logging_mixin.py:188} INFO - [2024-04-26T13:55:57.167+0000] {dag.py:3954} INFO - Setting next_dagrun for welcome_dag to 2024-04-25 23:00:00+00:00, run_after=2024-04-26 23:00:00+00:00
[2024-04-26T13:55:57.251+0000] {processor.py:183} INFO - Processing /opt/airflow/dags/welcome_dag.py took 0.189 seconds
[2024-04-26T13:56:27.558+0000] {processor.py:161} INFO - Started process (PID=97) to work on /opt/airflow/dags/welcome_dag.py
[2024-04-26T13:56:27.562+0000] {processor.py:830} INFO - Processing file /opt/airflow/dags/welcome_dag.py for tasks to queue
[2024-04-26T13:56:27.572+0000] {logging_mixin.py:188} INFO - [2024-04-26T13:56:27.570+0000] {dagbag.py:540} INFO - Filling up the DagBag from /opt/airflow/dags/welcome_dag.py
[2024-04-26T13:56:28.148+0000] {processor.py:840} INFO - DAG(s) 'welcome_dag' retrieved from /opt/airflow/dags/welcome_dag.py
[2024-04-26T13:56:28.302+0000] {logging_mixin.py:188} INFO - [2024-04-26T13:56:28.302+0000] {dag.py:3096} INFO - Sync 1 DAGs
[2024-04-26T13:56:28.388+0000] {logging_mixin.py:188} INFO - [2024-04-26T13:56:28.388+0000] {dag.py:3954} INFO - Setting next_dagrun for welcome_dag to 2024-04-25 23:00:00+00:00, run_after=2024-04-26 23:00:00+00:00
[2024-04-26T13:56:28.490+0000] {processor.py:183} INFO - Processing /opt/airflow/dags/welcome_dag.py took 0.965 seconds
[2024-04-26T13:56:58.956+0000] {processor.py:161} INFO - Started process (PID=98) to work on /opt/airflow/dags/welcome_dag.py
[2024-04-26T13:56:58.957+0000] {processor.py:830} INFO - Processing file /opt/airflow/dags/welcome_dag.py for tasks to queue
[2024-04-26T13:56:58.976+0000] {logging_mixin.py:188} INFO - [2024-04-26T13:56:58.973+0000] {dagbag.py:540} INFO - Filling up the DagBag from /opt/airflow/dags/welcome_dag.py
[2024-04-26T13:56:59.175+0000] {processor.py:840} INFO - DAG(s) 'welcome_dag' retrieved from /opt/airflow/dags/welcome_dag.py
[2024-04-26T13:56:59.224+0000] {logging_mixin.py:188} INFO - [2024-04-26T13:56:59.223+0000] {dag.py:3096} INFO - Sync 1 DAGs
[2024-04-26T13:56:59.338+0000] {logging_mixin.py:188} INFO - [2024-04-26T13:56:59.336+0000] {dag.py:3954} INFO - Setting next_dagrun for welcome_dag to 2024-04-25 23:00:00+00:00, run_after=2024-04-26 23:00:00+00:00
[2024-04-26T13:56:59.467+0000] {processor.py:183} INFO - Processing /opt/airflow/dags/welcome_dag.py took 0.545 seconds
[2024-04-26T13:57:29.823+0000] {processor.py:161} INFO - Started process (PID=99) to work on /opt/airflow/dags/welcome_dag.py
[2024-04-26T13:57:29.825+0000] {processor.py:830} INFO - Processing file /opt/airflow/dags/welcome_dag.py for tasks to queue
[2024-04-26T13:57:29.827+0000] {logging_mixin.py:188} INFO - [2024-04-26T13:57:29.827+0000] {dagbag.py:540} INFO - Filling up the DagBag from /opt/airflow/dags/welcome_dag.py
[2024-04-26T13:57:29.860+0000] {processor.py:840} INFO - DAG(s) 'welcome_dag' retrieved from /opt/airflow/dags/welcome_dag.py
[2024-04-26T13:57:29.895+0000] {logging_mixin.py:188} INFO - [2024-04-26T13:57:29.895+0000] {dag.py:3096} INFO - Sync 1 DAGs
[2024-04-26T13:57:29.930+0000] {logging_mixin.py:188} INFO - [2024-04-26T13:57:29.930+0000] {dag.py:3954} INFO - Setting next_dagrun for welcome_dag to 2024-04-25 23:00:00+00:00, run_after=2024-04-26 23:00:00+00:00
[2024-04-26T13:57:30.007+0000] {processor.py:183} INFO - Processing /opt/airflow/dags/welcome_dag.py took 0.191 seconds
[2024-04-26T16:30:51.731+0000] {processor.py:161} INFO - Started process (PID=43) to work on /opt/airflow/dags/welcome_dag.py
[2024-04-26T16:30:51.739+0000] {processor.py:830} INFO - Processing file /opt/airflow/dags/welcome_dag.py for tasks to queue
[2024-04-26T16:30:51.745+0000] {logging_mixin.py:188} INFO - [2024-04-26T16:30:51.744+0000] {dagbag.py:540} INFO - Filling up the DagBag from /opt/airflow/dags/welcome_dag.py
[2024-04-26T16:30:52.125+0000] {processor.py:840} INFO - DAG(s) 'welcome_dag' retrieved from /opt/airflow/dags/welcome_dag.py
[2024-04-26T16:30:52.193+0000] {logging_mixin.py:188} INFO - [2024-04-26T16:30:52.193+0000] {dag.py:3096} INFO - Sync 1 DAGs
[2024-04-26T16:30:52.303+0000] {logging_mixin.py:188} INFO - [2024-04-26T16:30:52.303+0000] {dag.py:3954} INFO - Setting next_dagrun for welcome_dag to 2024-04-25 23:00:00+00:00, run_after=2024-04-26 23:00:00+00:00
[2024-04-26T16:30:52.474+0000] {processor.py:183} INFO - Processing /opt/airflow/dags/welcome_dag.py took 0.765 seconds
[2024-04-26T16:31:24.591+0000] {processor.py:161} INFO - Started process (PID=60) to work on /opt/airflow/dags/welcome_dag.py
[2024-04-26T16:31:24.594+0000] {processor.py:830} INFO - Processing file /opt/airflow/dags/welcome_dag.py for tasks to queue
[2024-04-26T16:31:24.598+0000] {logging_mixin.py:188} INFO - [2024-04-26T16:31:24.597+0000] {dagbag.py:540} INFO - Filling up the DagBag from /opt/airflow/dags/welcome_dag.py
[2024-04-26T16:31:24.646+0000] {processor.py:840} INFO - DAG(s) 'welcome_dag' retrieved from /opt/airflow/dags/welcome_dag.py
[2024-04-26T16:31:24.801+0000] {logging_mixin.py:188} INFO - [2024-04-26T16:31:24.801+0000] {dag.py:3096} INFO - Sync 1 DAGs
[2024-04-26T16:31:24.830+0000] {logging_mixin.py:188} INFO - [2024-04-26T16:31:24.830+0000] {dag.py:3954} INFO - Setting next_dagrun for welcome_dag to 2024-04-25 23:00:00+00:00, run_after=2024-04-26 23:00:00+00:00
[2024-04-26T16:31:24.909+0000] {processor.py:183} INFO - Processing /opt/airflow/dags/welcome_dag.py took 0.334 seconds
[2024-04-26T16:31:56.367+0000] {processor.py:161} INFO - Started process (PID=63) to work on /opt/airflow/dags/welcome_dag.py
[2024-04-26T16:31:56.368+0000] {processor.py:830} INFO - Processing file /opt/airflow/dags/welcome_dag.py for tasks to queue
[2024-04-26T16:31:56.370+0000] {logging_mixin.py:188} INFO - [2024-04-26T16:31:56.370+0000] {dagbag.py:540} INFO - Filling up the DagBag from /opt/airflow/dags/welcome_dag.py
[2024-04-26T16:31:56.401+0000] {processor.py:840} INFO - DAG(s) 'welcome_dag' retrieved from /opt/airflow/dags/welcome_dag.py
[2024-04-26T16:31:56.442+0000] {logging_mixin.py:188} INFO - [2024-04-26T16:31:56.441+0000] {dag.py:3096} INFO - Sync 1 DAGs
[2024-04-26T16:31:56.481+0000] {logging_mixin.py:188} INFO - [2024-04-26T16:31:56.481+0000] {dag.py:3954} INFO - Setting next_dagrun for welcome_dag to 2024-04-25 23:00:00+00:00, run_after=2024-04-26 23:00:00+00:00
[2024-04-26T16:31:56.548+0000] {processor.py:183} INFO - Processing /opt/airflow/dags/welcome_dag.py took 0.189 seconds
[2024-04-26T16:33:04.723+0000] {processor.py:161} INFO - Started process (PID=108) to work on /opt/airflow/dags/welcome_dag.py
[2024-04-26T16:33:04.724+0000] {processor.py:830} INFO - Processing file /opt/airflow/dags/welcome_dag.py for tasks to queue
[2024-04-26T16:33:04.727+0000] {logging_mixin.py:188} INFO - [2024-04-26T16:33:04.727+0000] {dagbag.py:540} INFO - Filling up the DagBag from /opt/airflow/dags/welcome_dag.py
[2024-04-26T16:33:04.752+0000] {processor.py:840} INFO - DAG(s) 'welcome_dag' retrieved from /opt/airflow/dags/welcome_dag.py
[2024-04-26T16:33:04.788+0000] {logging_mixin.py:188} INFO - [2024-04-26T16:33:04.787+0000] {dag.py:3096} INFO - Sync 1 DAGs
[2024-04-26T16:33:04.818+0000] {logging_mixin.py:188} INFO - [2024-04-26T16:33:04.817+0000] {dag.py:3954} INFO - Setting next_dagrun for welcome_dag to 2024-04-25 23:00:00+00:00, run_after=2024-04-26 23:00:00+00:00
[2024-04-26T16:33:04.897+0000] {processor.py:183} INFO - Processing /opt/airflow/dags/welcome_dag.py took 0.181 seconds
[2024-04-26T16:33:36.177+0000] {processor.py:161} INFO - Started process (PID=135) to work on /opt/airflow/dags/welcome_dag.py
[2024-04-26T16:33:36.178+0000] {processor.py:830} INFO - Processing file /opt/airflow/dags/welcome_dag.py for tasks to queue
[2024-04-26T16:33:36.182+0000] {logging_mixin.py:188} INFO - [2024-04-26T16:33:36.180+0000] {dagbag.py:540} INFO - Filling up the DagBag from /opt/airflow/dags/welcome_dag.py
[2024-04-26T16:33:36.254+0000] {processor.py:840} INFO - DAG(s) 'welcome_dag' retrieved from /opt/airflow/dags/welcome_dag.py
[2024-04-26T16:33:36.370+0000] {logging_mixin.py:188} INFO - [2024-04-26T16:33:36.369+0000] {dag.py:3096} INFO - Sync 1 DAGs
[2024-04-26T16:33:36.460+0000] {logging_mixin.py:188} INFO - [2024-04-26T16:33:36.460+0000] {dag.py:3954} INFO - Setting next_dagrun for welcome_dag to 2024-04-25 23:00:00+00:00, run_after=2024-04-26 23:00:00+00:00
[2024-04-26T16:33:36.606+0000] {processor.py:183} INFO - Processing /opt/airflow/dags/welcome_dag.py took 0.438 seconds
[2024-04-26T16:34:09.054+0000] {processor.py:161} INFO - Started process (PID=162) to work on /opt/airflow/dags/welcome_dag.py
[2024-04-26T16:34:09.055+0000] {processor.py:830} INFO - Processing file /opt/airflow/dags/welcome_dag.py for tasks to queue
[2024-04-26T16:34:09.057+0000] {logging_mixin.py:188} INFO - [2024-04-26T16:34:09.057+0000] {dagbag.py:540} INFO - Filling up the DagBag from /opt/airflow/dags/welcome_dag.py
[2024-04-26T16:34:09.091+0000] {processor.py:840} INFO - DAG(s) 'welcome_dag' retrieved from /opt/airflow/dags/welcome_dag.py
[2024-04-26T16:34:09.143+0000] {logging_mixin.py:188} INFO - [2024-04-26T16:34:09.142+0000] {dag.py:3096} INFO - Sync 1 DAGs
[2024-04-26T16:34:09.299+0000] {logging_mixin.py:188} INFO - [2024-04-26T16:34:09.298+0000] {dag.py:3954} INFO - Setting next_dagrun for welcome_dag to 2024-04-25 23:00:00+00:00, run_after=2024-04-26 23:00:00+00:00
[2024-04-26T16:34:09.673+0000] {processor.py:183} INFO - Processing /opt/airflow/dags/welcome_dag.py took 0.630 seconds
[2024-04-26T16:34:40.772+0000] {processor.py:161} INFO - Started process (PID=183) to work on /opt/airflow/dags/welcome_dag.py
[2024-04-26T16:34:40.773+0000] {processor.py:830} INFO - Processing file /opt/airflow/dags/welcome_dag.py for tasks to queue
[2024-04-26T16:34:40.776+0000] {logging_mixin.py:188} INFO - [2024-04-26T16:34:40.775+0000] {dagbag.py:540} INFO - Filling up the DagBag from /opt/airflow/dags/welcome_dag.py
[2024-04-26T16:34:40.801+0000] {processor.py:840} INFO - DAG(s) 'welcome_dag' retrieved from /opt/airflow/dags/welcome_dag.py
[2024-04-26T16:34:40.837+0000] {logging_mixin.py:188} INFO - [2024-04-26T16:34:40.837+0000] {dag.py:3096} INFO - Sync 1 DAGs
[2024-04-26T16:34:40.871+0000] {logging_mixin.py:188} INFO - [2024-04-26T16:34:40.871+0000] {dag.py:3954} INFO - Setting next_dagrun for welcome_dag to 2024-04-25 23:00:00+00:00, run_after=2024-04-26 23:00:00+00:00
[2024-04-26T16:34:40.945+0000] {processor.py:183} INFO - Processing /opt/airflow/dags/welcome_dag.py took 0.179 seconds
[2024-04-26T16:35:11.419+0000] {processor.py:161} INFO - Started process (PID=186) to work on /opt/airflow/dags/welcome_dag.py
[2024-04-26T16:35:11.421+0000] {processor.py:830} INFO - Processing file /opt/airflow/dags/welcome_dag.py for tasks to queue
[2024-04-26T16:35:11.429+0000] {logging_mixin.py:188} INFO - [2024-04-26T16:35:11.429+0000] {dagbag.py:540} INFO - Filling up the DagBag from /opt/airflow/dags/welcome_dag.py
[2024-04-26T16:35:11.459+0000] {processor.py:840} INFO - DAG(s) 'welcome_dag' retrieved from /opt/airflow/dags/welcome_dag.py
[2024-04-26T16:35:11.494+0000] {logging_mixin.py:188} INFO - [2024-04-26T16:35:11.493+0000] {dag.py:3096} INFO - Sync 1 DAGs
[2024-04-26T16:35:11.524+0000] {logging_mixin.py:188} INFO - [2024-04-26T16:35:11.524+0000] {dag.py:3954} INFO - Setting next_dagrun for welcome_dag to 2024-04-25 23:00:00+00:00, run_after=2024-04-26 23:00:00+00:00
[2024-04-26T16:35:11.604+0000] {processor.py:183} INFO - Processing /opt/airflow/dags/welcome_dag.py took 0.199 seconds
[2024-04-26T16:35:42.324+0000] {processor.py:161} INFO - Started process (PID=189) to work on /opt/airflow/dags/welcome_dag.py
[2024-04-26T16:35:42.327+0000] {processor.py:830} INFO - Processing file /opt/airflow/dags/welcome_dag.py for tasks to queue
[2024-04-26T16:35:42.340+0000] {logging_mixin.py:188} INFO - [2024-04-26T16:35:42.338+0000] {dagbag.py:540} INFO - Filling up the DagBag from /opt/airflow/dags/welcome_dag.py
[2024-04-26T16:35:42.450+0000] {processor.py:840} INFO - DAG(s) 'welcome_dag' retrieved from /opt/airflow/dags/welcome_dag.py
[2024-04-26T16:35:42.635+0000] {logging_mixin.py:188} INFO - [2024-04-26T16:35:42.635+0000] {dag.py:3096} INFO - Sync 1 DAGs
[2024-04-26T16:35:42.672+0000] {logging_mixin.py:188} INFO - [2024-04-26T16:35:42.671+0000] {dag.py:3954} INFO - Setting next_dagrun for welcome_dag to 2024-04-25 23:00:00+00:00, run_after=2024-04-26 23:00:00+00:00
[2024-04-26T16:35:42.748+0000] {processor.py:183} INFO - Processing /opt/airflow/dags/welcome_dag.py took 0.456 seconds
[2024-04-26T16:36:13.262+0000] {processor.py:161} INFO - Started process (PID=192) to work on /opt/airflow/dags/welcome_dag.py
[2024-04-26T16:36:13.263+0000] {processor.py:830} INFO - Processing file /opt/airflow/dags/welcome_dag.py for tasks to queue
[2024-04-26T16:36:13.266+0000] {logging_mixin.py:188} INFO - [2024-04-26T16:36:13.265+0000] {dagbag.py:540} INFO - Filling up the DagBag from /opt/airflow/dags/welcome_dag.py
[2024-04-26T16:36:13.295+0000] {processor.py:840} INFO - DAG(s) 'welcome_dag' retrieved from /opt/airflow/dags/welcome_dag.py
[2024-04-26T16:36:13.334+0000] {logging_mixin.py:188} INFO - [2024-04-26T16:36:13.333+0000] {dag.py:3096} INFO - Sync 1 DAGs
[2024-04-26T16:36:13.372+0000] {logging_mixin.py:188} INFO - [2024-04-26T16:36:13.371+0000] {dag.py:3954} INFO - Setting next_dagrun for welcome_dag to 2024-04-25 23:00:00+00:00, run_after=2024-04-26 23:00:00+00:00
[2024-04-26T16:36:13.439+0000] {processor.py:183} INFO - Processing /opt/airflow/dags/welcome_dag.py took 0.183 seconds
[2024-04-26T16:36:44.073+0000] {processor.py:161} INFO - Started process (PID=195) to work on /opt/airflow/dags/welcome_dag.py
[2024-04-26T16:36:44.075+0000] {processor.py:830} INFO - Processing file /opt/airflow/dags/welcome_dag.py for tasks to queue
[2024-04-26T16:36:44.078+0000] {logging_mixin.py:188} INFO - [2024-04-26T16:36:44.077+0000] {dagbag.py:540} INFO - Filling up the DagBag from /opt/airflow/dags/welcome_dag.py
[2024-04-26T16:36:44.115+0000] {processor.py:840} INFO - DAG(s) 'welcome_dag' retrieved from /opt/airflow/dags/welcome_dag.py
[2024-04-26T16:36:44.153+0000] {logging_mixin.py:188} INFO - [2024-04-26T16:36:44.153+0000] {dag.py:3096} INFO - Sync 1 DAGs
[2024-04-26T16:36:44.184+0000] {logging_mixin.py:188} INFO - [2024-04-26T16:36:44.183+0000] {dag.py:3954} INFO - Setting next_dagrun for welcome_dag to 2024-04-25 23:00:00+00:00, run_after=2024-04-26 23:00:00+00:00
[2024-04-26T16:36:44.253+0000] {processor.py:183} INFO - Processing /opt/airflow/dags/welcome_dag.py took 0.188 seconds
[2024-04-26T16:37:15.055+0000] {processor.py:161} INFO - Started process (PID=198) to work on /opt/airflow/dags/welcome_dag.py
[2024-04-26T16:37:15.060+0000] {processor.py:830} INFO - Processing file /opt/airflow/dags/welcome_dag.py for tasks to queue
[2024-04-26T16:37:15.064+0000] {logging_mixin.py:188} INFO - [2024-04-26T16:37:15.064+0000] {dagbag.py:540} INFO - Filling up the DagBag from /opt/airflow/dags/welcome_dag.py
[2024-04-26T16:37:15.135+0000] {processor.py:840} INFO - DAG(s) 'welcome_dag' retrieved from /opt/airflow/dags/welcome_dag.py
[2024-04-26T16:37:15.181+0000] {logging_mixin.py:188} INFO - [2024-04-26T16:37:15.181+0000] {dag.py:3096} INFO - Sync 1 DAGs
[2024-04-26T16:37:15.217+0000] {logging_mixin.py:188} INFO - [2024-04-26T16:37:15.217+0000] {dag.py:3954} INFO - Setting next_dagrun for welcome_dag to 2024-04-25 23:00:00+00:00, run_after=2024-04-26 23:00:00+00:00
[2024-04-26T16:37:15.296+0000] {processor.py:183} INFO - Processing /opt/airflow/dags/welcome_dag.py took 0.262 seconds
[2024-04-26T16:37:45.722+0000] {processor.py:161} INFO - Started process (PID=201) to work on /opt/airflow/dags/welcome_dag.py
[2024-04-26T16:37:45.723+0000] {processor.py:830} INFO - Processing file /opt/airflow/dags/welcome_dag.py for tasks to queue
[2024-04-26T16:37:45.726+0000] {logging_mixin.py:188} INFO - [2024-04-26T16:37:45.726+0000] {dagbag.py:540} INFO - Filling up the DagBag from /opt/airflow/dags/welcome_dag.py
[2024-04-26T16:37:45.752+0000] {processor.py:840} INFO - DAG(s) 'welcome_dag' retrieved from /opt/airflow/dags/welcome_dag.py
[2024-04-26T16:37:45.790+0000] {logging_mixin.py:188} INFO - [2024-04-26T16:37:45.790+0000] {dag.py:3096} INFO - Sync 1 DAGs
[2024-04-26T16:37:45.846+0000] {logging_mixin.py:188} INFO - [2024-04-26T16:37:45.845+0000] {dag.py:3954} INFO - Setting next_dagrun for welcome_dag to 2024-04-25 23:00:00+00:00, run_after=2024-04-26 23:00:00+00:00
[2024-04-26T16:37:45.920+0000] {processor.py:183} INFO - Processing /opt/airflow/dags/welcome_dag.py took 0.204 seconds
[2024-04-26T16:38:17.101+0000] {processor.py:161} INFO - Started process (PID=204) to work on /opt/airflow/dags/welcome_dag.py
[2024-04-26T16:38:17.102+0000] {processor.py:830} INFO - Processing file /opt/airflow/dags/welcome_dag.py for tasks to queue
[2024-04-26T16:38:17.104+0000] {logging_mixin.py:188} INFO - [2024-04-26T16:38:17.104+0000] {dagbag.py:540} INFO - Filling up the DagBag from /opt/airflow/dags/welcome_dag.py
[2024-04-26T16:38:17.127+0000] {processor.py:840} INFO - DAG(s) 'welcome_dag' retrieved from /opt/airflow/dags/welcome_dag.py
[2024-04-26T16:38:17.158+0000] {logging_mixin.py:188} INFO - [2024-04-26T16:38:17.157+0000] {dag.py:3096} INFO - Sync 1 DAGs
[2024-04-26T16:38:17.188+0000] {logging_mixin.py:188} INFO - [2024-04-26T16:38:17.188+0000] {dag.py:3954} INFO - Setting next_dagrun for welcome_dag to 2024-04-25 23:00:00+00:00, run_after=2024-04-26 23:00:00+00:00
[2024-04-26T16:38:17.251+0000] {processor.py:183} INFO - Processing /opt/airflow/dags/welcome_dag.py took 0.156 seconds
[2024-04-26T16:38:47.411+0000] {processor.py:161} INFO - Started process (PID=207) to work on /opt/airflow/dags/welcome_dag.py
[2024-04-26T16:38:47.412+0000] {processor.py:830} INFO - Processing file /opt/airflow/dags/welcome_dag.py for tasks to queue
[2024-04-26T16:38:47.414+0000] {logging_mixin.py:188} INFO - [2024-04-26T16:38:47.414+0000] {dagbag.py:540} INFO - Filling up the DagBag from /opt/airflow/dags/welcome_dag.py
[2024-04-26T16:38:47.441+0000] {processor.py:840} INFO - DAG(s) 'welcome_dag' retrieved from /opt/airflow/dags/welcome_dag.py
[2024-04-26T16:38:47.475+0000] {logging_mixin.py:188} INFO - [2024-04-26T16:38:47.475+0000] {dag.py:3096} INFO - Sync 1 DAGs
[2024-04-26T16:38:47.505+0000] {logging_mixin.py:188} INFO - [2024-04-26T16:38:47.505+0000] {dag.py:3954} INFO - Setting next_dagrun for welcome_dag to 2024-04-25 23:00:00+00:00, run_after=2024-04-26 23:00:00+00:00
[2024-04-26T16:38:47.576+0000] {processor.py:183} INFO - Processing /opt/airflow/dags/welcome_dag.py took 0.171 seconds
[2024-04-26T16:39:17.664+0000] {processor.py:161} INFO - Started process (PID=210) to work on /opt/airflow/dags/welcome_dag.py
[2024-04-26T16:39:17.665+0000] {processor.py:830} INFO - Processing file /opt/airflow/dags/welcome_dag.py for tasks to queue
[2024-04-26T16:39:17.668+0000] {logging_mixin.py:188} INFO - [2024-04-26T16:39:17.667+0000] {dagbag.py:540} INFO - Filling up the DagBag from /opt/airflow/dags/welcome_dag.py
[2024-04-26T16:39:17.700+0000] {processor.py:840} INFO - DAG(s) 'welcome_dag' retrieved from /opt/airflow/dags/welcome_dag.py
[2024-04-26T16:39:17.734+0000] {logging_mixin.py:188} INFO - [2024-04-26T16:39:17.734+0000] {dag.py:3096} INFO - Sync 1 DAGs
[2024-04-26T16:39:17.765+0000] {logging_mixin.py:188} INFO - [2024-04-26T16:39:17.764+0000] {dag.py:3954} INFO - Setting next_dagrun for welcome_dag to 2024-04-25 23:00:00+00:00, run_after=2024-04-26 23:00:00+00:00
[2024-04-26T16:39:17.835+0000] {processor.py:183} INFO - Processing /opt/airflow/dags/welcome_dag.py took 0.179 seconds
[2024-04-26T16:39:47.961+0000] {processor.py:161} INFO - Started process (PID=213) to work on /opt/airflow/dags/welcome_dag.py
[2024-04-26T16:39:47.962+0000] {processor.py:830} INFO - Processing file /opt/airflow/dags/welcome_dag.py for tasks to queue
[2024-04-26T16:39:47.965+0000] {logging_mixin.py:188} INFO - [2024-04-26T16:39:47.964+0000] {dagbag.py:540} INFO - Filling up the DagBag from /opt/airflow/dags/welcome_dag.py
[2024-04-26T16:39:47.988+0000] {processor.py:840} INFO - DAG(s) 'welcome_dag' retrieved from /opt/airflow/dags/welcome_dag.py
[2024-04-26T16:39:48.021+0000] {logging_mixin.py:188} INFO - [2024-04-26T16:39:48.020+0000] {dag.py:3096} INFO - Sync 1 DAGs
[2024-04-26T16:39:48.049+0000] {logging_mixin.py:188} INFO - [2024-04-26T16:39:48.049+0000] {dag.py:3954} INFO - Setting next_dagrun for welcome_dag to 2024-04-25 23:00:00+00:00, run_after=2024-04-26 23:00:00+00:00
[2024-04-26T16:39:48.113+0000] {processor.py:183} INFO - Processing /opt/airflow/dags/welcome_dag.py took 0.158 seconds
[2024-04-26T16:40:19.140+0000] {processor.py:161} INFO - Started process (PID=216) to work on /opt/airflow/dags/welcome_dag.py
[2024-04-26T16:40:19.141+0000] {processor.py:830} INFO - Processing file /opt/airflow/dags/welcome_dag.py for tasks to queue
[2024-04-26T16:40:19.143+0000] {logging_mixin.py:188} INFO - [2024-04-26T16:40:19.143+0000] {dagbag.py:540} INFO - Filling up the DagBag from /opt/airflow/dags/welcome_dag.py
[2024-04-26T16:40:19.168+0000] {processor.py:840} INFO - DAG(s) 'welcome_dag' retrieved from /opt/airflow/dags/welcome_dag.py
[2024-04-26T16:40:19.200+0000] {logging_mixin.py:188} INFO - [2024-04-26T16:40:19.200+0000] {dag.py:3096} INFO - Sync 1 DAGs
[2024-04-26T16:40:19.230+0000] {logging_mixin.py:188} INFO - [2024-04-26T16:40:19.230+0000] {dag.py:3954} INFO - Setting next_dagrun for welcome_dag to 2024-04-25 23:00:00+00:00, run_after=2024-04-26 23:00:00+00:00
[2024-04-26T16:40:19.297+0000] {processor.py:183} INFO - Processing /opt/airflow/dags/welcome_dag.py took 0.164 seconds
[2024-04-26T16:40:49.631+0000] {processor.py:161} INFO - Started process (PID=219) to work on /opt/airflow/dags/welcome_dag.py
[2024-04-26T16:40:49.633+0000] {processor.py:830} INFO - Processing file /opt/airflow/dags/welcome_dag.py for tasks to queue
[2024-04-26T16:40:49.635+0000] {logging_mixin.py:188} INFO - [2024-04-26T16:40:49.634+0000] {dagbag.py:540} INFO - Filling up the DagBag from /opt/airflow/dags/welcome_dag.py
[2024-04-26T16:40:49.663+0000] {processor.py:840} INFO - DAG(s) 'welcome_dag' retrieved from /opt/airflow/dags/welcome_dag.py
[2024-04-26T16:40:49.696+0000] {logging_mixin.py:188} INFO - [2024-04-26T16:40:49.696+0000] {dag.py:3096} INFO - Sync 1 DAGs
[2024-04-26T16:40:49.727+0000] {logging_mixin.py:188} INFO - [2024-04-26T16:40:49.727+0000] {dag.py:3954} INFO - Setting next_dagrun for welcome_dag to 2024-04-25 23:00:00+00:00, run_after=2024-04-26 23:00:00+00:00
[2024-04-26T16:40:49.797+0000] {processor.py:183} INFO - Processing /opt/airflow/dags/welcome_dag.py took 0.172 seconds
[2024-04-26T16:41:21.530+0000] {processor.py:161} INFO - Started process (PID=222) to work on /opt/airflow/dags/welcome_dag.py
[2024-04-26T16:41:21.531+0000] {processor.py:830} INFO - Processing file /opt/airflow/dags/welcome_dag.py for tasks to queue
[2024-04-26T16:41:21.533+0000] {logging_mixin.py:188} INFO - [2024-04-26T16:41:21.532+0000] {dagbag.py:540} INFO - Filling up the DagBag from /opt/airflow/dags/welcome_dag.py
[2024-04-26T16:41:21.560+0000] {processor.py:840} INFO - DAG(s) 'welcome_dag' retrieved from /opt/airflow/dags/welcome_dag.py
[2024-04-26T16:41:21.594+0000] {logging_mixin.py:188} INFO - [2024-04-26T16:41:21.594+0000] {dag.py:3096} INFO - Sync 1 DAGs
[2024-04-26T16:41:21.625+0000] {logging_mixin.py:188} INFO - [2024-04-26T16:41:21.624+0000] {dag.py:3954} INFO - Setting next_dagrun for welcome_dag to 2024-04-25 23:00:00+00:00, run_after=2024-04-26 23:00:00+00:00
[2024-04-26T16:41:21.730+0000] {processor.py:183} INFO - Processing /opt/airflow/dags/welcome_dag.py took 0.206 seconds
[2024-04-26T16:59:55.522+0000] {processor.py:161} INFO - Started process (PID=46) to work on /opt/airflow/dags/welcome_dag.py
[2024-04-26T16:59:55.524+0000] {processor.py:830} INFO - Processing file /opt/airflow/dags/welcome_dag.py for tasks to queue
[2024-04-26T16:59:55.526+0000] {logging_mixin.py:188} INFO - [2024-04-26T16:59:55.526+0000] {dagbag.py:540} INFO - Filling up the DagBag from /opt/airflow/dags/welcome_dag.py
[2024-04-26T16:59:55.567+0000] {processor.py:840} INFO - DAG(s) 'welcome_dag' retrieved from /opt/airflow/dags/welcome_dag.py
[2024-04-26T16:59:55.588+0000] {logging_mixin.py:188} INFO - [2024-04-26T16:59:55.587+0000] {dag.py:3096} INFO - Sync 1 DAGs
[2024-04-26T16:59:55.638+0000] {logging_mixin.py:188} INFO - [2024-04-26T16:59:55.638+0000] {dag.py:3954} INFO - Setting next_dagrun for welcome_dag to 2024-04-25 23:00:00+00:00, run_after=2024-04-26 23:00:00+00:00
[2024-04-26T16:59:55.736+0000] {processor.py:183} INFO - Processing /opt/airflow/dags/welcome_dag.py took 0.223 seconds
[2024-04-26T17:00:33.263+0000] {processor.py:161} INFO - Started process (PID=60) to work on /opt/airflow/dags/welcome_dag.py
[2024-04-26T17:00:33.264+0000] {processor.py:830} INFO - Processing file /opt/airflow/dags/welcome_dag.py for tasks to queue
[2024-04-26T17:00:33.266+0000] {logging_mixin.py:188} INFO - [2024-04-26T17:00:33.265+0000] {dagbag.py:540} INFO - Filling up the DagBag from /opt/airflow/dags/welcome_dag.py
[2024-04-26T17:00:33.289+0000] {processor.py:840} INFO - DAG(s) 'welcome_dag' retrieved from /opt/airflow/dags/welcome_dag.py
[2024-04-26T17:00:33.429+0000] {logging_mixin.py:188} INFO - [2024-04-26T17:00:33.428+0000] {dag.py:3096} INFO - Sync 1 DAGs
[2024-04-26T17:00:33.456+0000] {logging_mixin.py:188} INFO - [2024-04-26T17:00:33.455+0000] {dag.py:3954} INFO - Setting next_dagrun for welcome_dag to 2024-04-25 23:00:00+00:00, run_after=2024-04-26 23:00:00+00:00
[2024-04-26T17:00:33.535+0000] {processor.py:183} INFO - Processing /opt/airflow/dags/welcome_dag.py took 0.279 seconds
[2024-04-26T17:01:36.081+0000] {processor.py:161} INFO - Started process (PID=75) to work on /opt/airflow/dags/welcome_dag.py
[2024-04-26T17:01:36.082+0000] {processor.py:830} INFO - Processing file /opt/airflow/dags/welcome_dag.py for tasks to queue
[2024-04-26T17:01:36.085+0000] {logging_mixin.py:188} INFO - [2024-04-26T17:01:36.085+0000] {dagbag.py:540} INFO - Filling up the DagBag from /opt/airflow/dags/welcome_dag.py
[2024-04-26T17:01:36.114+0000] {processor.py:840} INFO - DAG(s) 'welcome_dag' retrieved from /opt/airflow/dags/welcome_dag.py
[2024-04-26T17:01:36.151+0000] {logging_mixin.py:188} INFO - [2024-04-26T17:01:36.150+0000] {dag.py:3096} INFO - Sync 1 DAGs
[2024-04-26T17:01:36.181+0000] {logging_mixin.py:188} INFO - [2024-04-26T17:01:36.181+0000] {dag.py:3954} INFO - Setting next_dagrun for welcome_dag to 2024-04-25 23:00:00+00:00, run_after=2024-04-26 23:00:00+00:00
[2024-04-26T17:01:36.257+0000] {processor.py:183} INFO - Processing /opt/airflow/dags/welcome_dag.py took 0.183 seconds
[2024-04-26T17:02:06.316+0000] {processor.py:161} INFO - Started process (PID=78) to work on /opt/airflow/dags/welcome_dag.py
[2024-04-26T17:02:06.317+0000] {processor.py:830} INFO - Processing file /opt/airflow/dags/welcome_dag.py for tasks to queue
[2024-04-26T17:02:06.320+0000] {logging_mixin.py:188} INFO - [2024-04-26T17:02:06.319+0000] {dagbag.py:540} INFO - Filling up the DagBag from /opt/airflow/dags/welcome_dag.py
[2024-04-26T17:02:06.345+0000] {processor.py:840} INFO - DAG(s) 'welcome_dag' retrieved from /opt/airflow/dags/welcome_dag.py
[2024-04-26T17:02:06.381+0000] {logging_mixin.py:188} INFO - [2024-04-26T17:02:06.381+0000] {dag.py:3096} INFO - Sync 1 DAGs
[2024-04-26T17:02:06.413+0000] {logging_mixin.py:188} INFO - [2024-04-26T17:02:06.413+0000] {dag.py:3954} INFO - Setting next_dagrun for welcome_dag to 2024-04-25 23:00:00+00:00, run_after=2024-04-26 23:00:00+00:00
[2024-04-26T17:02:06.480+0000] {processor.py:183} INFO - Processing /opt/airflow/dags/welcome_dag.py took 0.171 seconds
[2024-04-26T17:02:40.676+0000] {processor.py:161} INFO - Started process (PID=81) to work on /opt/airflow/dags/welcome_dag.py
[2024-04-26T17:02:40.678+0000] {processor.py:830} INFO - Processing file /opt/airflow/dags/welcome_dag.py for tasks to queue
[2024-04-26T17:02:40.681+0000] {logging_mixin.py:188} INFO - [2024-04-26T17:02:40.680+0000] {dagbag.py:540} INFO - Filling up the DagBag from /opt/airflow/dags/welcome_dag.py
[2024-04-26T17:02:40.712+0000] {processor.py:840} INFO - DAG(s) 'welcome_dag' retrieved from /opt/airflow/dags/welcome_dag.py
[2024-04-26T17:02:40.784+0000] {logging_mixin.py:188} INFO - [2024-04-26T17:02:40.784+0000] {dag.py:3096} INFO - Sync 1 DAGs
[2024-04-26T17:02:40.823+0000] {logging_mixin.py:188} INFO - [2024-04-26T17:02:40.822+0000] {dag.py:3954} INFO - Setting next_dagrun for welcome_dag to 2024-04-25 23:00:00+00:00, run_after=2024-04-26 23:00:00+00:00
[2024-04-26T17:02:40.906+0000] {processor.py:183} INFO - Processing /opt/airflow/dags/welcome_dag.py took 0.239 seconds
[2024-04-26T17:03:17.988+0000] {processor.py:161} INFO - Started process (PID=84) to work on /opt/airflow/dags/welcome_dag.py
[2024-04-26T17:03:17.990+0000] {processor.py:830} INFO - Processing file /opt/airflow/dags/welcome_dag.py for tasks to queue
[2024-04-26T17:03:17.992+0000] {logging_mixin.py:188} INFO - [2024-04-26T17:03:17.992+0000] {dagbag.py:540} INFO - Filling up the DagBag from /opt/airflow/dags/welcome_dag.py
[2024-04-26T17:03:18.038+0000] {processor.py:840} INFO - DAG(s) 'welcome_dag' retrieved from /opt/airflow/dags/welcome_dag.py
[2024-04-26T17:03:18.078+0000] {logging_mixin.py:188} INFO - [2024-04-26T17:03:18.077+0000] {dag.py:3096} INFO - Sync 1 DAGs
[2024-04-26T17:03:18.111+0000] {logging_mixin.py:188} INFO - [2024-04-26T17:03:18.110+0000] {dag.py:3954} INFO - Setting next_dagrun for welcome_dag to 2024-04-25 23:00:00+00:00, run_after=2024-04-26 23:00:00+00:00
[2024-04-26T17:03:18.183+0000] {processor.py:183} INFO - Processing /opt/airflow/dags/welcome_dag.py took 0.201 seconds
[2024-04-26T17:03:55.441+0000] {processor.py:161} INFO - Started process (PID=87) to work on /opt/airflow/dags/welcome_dag.py
[2024-04-26T17:03:55.443+0000] {processor.py:830} INFO - Processing file /opt/airflow/dags/welcome_dag.py for tasks to queue
[2024-04-26T17:03:55.447+0000] {logging_mixin.py:188} INFO - [2024-04-26T17:03:55.446+0000] {dagbag.py:540} INFO - Filling up the DagBag from /opt/airflow/dags/welcome_dag.py
[2024-04-26T17:03:55.498+0000] {processor.py:840} INFO - DAG(s) 'welcome_dag' retrieved from /opt/airflow/dags/welcome_dag.py
[2024-04-26T17:03:55.545+0000] {logging_mixin.py:188} INFO - [2024-04-26T17:03:55.544+0000] {dag.py:3096} INFO - Sync 1 DAGs
[2024-04-26T17:03:55.583+0000] {logging_mixin.py:188} INFO - [2024-04-26T17:03:55.583+0000] {dag.py:3954} INFO - Setting next_dagrun for welcome_dag to 2024-04-25 23:00:00+00:00, run_after=2024-04-26 23:00:00+00:00
[2024-04-26T17:03:55.652+0000] {processor.py:183} INFO - Processing /opt/airflow/dags/welcome_dag.py took 0.221 seconds
[2024-04-26T17:51:43.071+0000] {processor.py:161} INFO - Started process (PID=46) to work on /opt/airflow/dags/welcome_dag.py
[2024-04-26T17:51:43.073+0000] {processor.py:830} INFO - Processing file /opt/airflow/dags/welcome_dag.py for tasks to queue
[2024-04-26T17:51:43.076+0000] {logging_mixin.py:188} INFO - [2024-04-26T17:51:43.075+0000] {dagbag.py:540} INFO - Filling up the DagBag from /opt/airflow/dags/welcome_dag.py
[2024-04-26T17:51:43.121+0000] {processor.py:840} INFO - DAG(s) 'welcome_dag' retrieved from /opt/airflow/dags/welcome_dag.py
[2024-04-26T17:51:43.146+0000] {logging_mixin.py:188} INFO - [2024-04-26T17:51:43.145+0000] {dag.py:3096} INFO - Sync 1 DAGs
[2024-04-26T17:51:43.196+0000] {logging_mixin.py:188} INFO - [2024-04-26T17:51:43.195+0000] {dag.py:3954} INFO - Setting next_dagrun for welcome_dag to 2024-04-25 23:00:00+00:00, run_after=2024-04-26 23:00:00+00:00
[2024-04-26T17:51:43.293+0000] {processor.py:183} INFO - Processing /opt/airflow/dags/welcome_dag.py took 0.230 seconds
[2024-04-26T17:52:25.024+0000] {processor.py:161} INFO - Started process (PID=49) to work on /opt/airflow/dags/welcome_dag.py
[2024-04-26T17:52:25.026+0000] {processor.py:830} INFO - Processing file /opt/airflow/dags/welcome_dag.py for tasks to queue
[2024-04-26T17:52:25.029+0000] {logging_mixin.py:188} INFO - [2024-04-26T17:52:25.028+0000] {dagbag.py:540} INFO - Filling up the DagBag from /opt/airflow/dags/welcome_dag.py
[2024-04-26T17:52:25.064+0000] {processor.py:840} INFO - DAG(s) 'welcome_dag' retrieved from /opt/airflow/dags/welcome_dag.py
[2024-04-26T17:52:25.254+0000] {logging_mixin.py:188} INFO - [2024-04-26T17:52:25.254+0000] {dag.py:3096} INFO - Sync 1 DAGs
[2024-04-26T17:52:25.288+0000] {logging_mixin.py:188} INFO - [2024-04-26T17:52:25.288+0000] {dag.py:3954} INFO - Setting next_dagrun for welcome_dag to 2024-04-25 23:00:00+00:00, run_after=2024-04-26 23:00:00+00:00
[2024-04-26T17:52:25.362+0000] {processor.py:183} INFO - Processing /opt/airflow/dags/welcome_dag.py took 0.346 seconds
[2024-04-26T17:54:25.861+0000] {processor.py:161} INFO - Started process (PID=46) to work on /opt/airflow/dags/welcome_dag.py
[2024-04-26T17:54:25.876+0000] {processor.py:830} INFO - Processing file /opt/airflow/dags/welcome_dag.py for tasks to queue
[2024-04-26T17:54:25.878+0000] {logging_mixin.py:188} INFO - [2024-04-26T17:54:25.877+0000] {dagbag.py:540} INFO - Filling up the DagBag from /opt/airflow/dags/welcome_dag.py
[2024-04-26T17:54:25.918+0000] {processor.py:840} INFO - DAG(s) 'welcome_dag' retrieved from /opt/airflow/dags/welcome_dag.py
[2024-04-26T17:54:25.934+0000] {logging_mixin.py:188} INFO - [2024-04-26T17:54:25.933+0000] {dag.py:3096} INFO - Sync 1 DAGs
[2024-04-26T17:54:25.967+0000] {logging_mixin.py:188} INFO - [2024-04-26T17:54:25.966+0000] {dag.py:3954} INFO - Setting next_dagrun for welcome_dag to 2024-04-25 23:00:00+00:00, run_after=2024-04-26 23:00:00+00:00
[2024-04-26T17:54:26.194+0000] {processor.py:183} INFO - Processing /opt/airflow/dags/welcome_dag.py took 0.341 seconds
[2024-04-26T17:55:04.605+0000] {processor.py:161} INFO - Started process (PID=60) to work on /opt/airflow/dags/welcome_dag.py
[2024-04-26T17:55:04.620+0000] {processor.py:830} INFO - Processing file /opt/airflow/dags/welcome_dag.py for tasks to queue
[2024-04-26T17:55:04.622+0000] {logging_mixin.py:188} INFO - [2024-04-26T17:55:04.622+0000] {dagbag.py:540} INFO - Filling up the DagBag from /opt/airflow/dags/welcome_dag.py
[2024-04-26T17:55:04.666+0000] {processor.py:840} INFO - DAG(s) 'welcome_dag' retrieved from /opt/airflow/dags/welcome_dag.py
[2024-04-26T17:55:05.173+0000] {logging_mixin.py:188} INFO - [2024-04-26T17:55:05.173+0000] {dag.py:3096} INFO - Sync 1 DAGs
[2024-04-26T17:55:05.218+0000] {logging_mixin.py:188} INFO - [2024-04-26T17:55:05.218+0000] {dag.py:3954} INFO - Setting next_dagrun for welcome_dag to 2024-04-25 23:00:00+00:00, run_after=2024-04-26 23:00:00+00:00
[2024-04-26T17:55:05.410+0000] {processor.py:183} INFO - Processing /opt/airflow/dags/welcome_dag.py took 0.812 seconds
[2024-04-26T17:55:45.327+0000] {processor.py:161} INFO - Started process (PID=63) to work on /opt/airflow/dags/welcome_dag.py
[2024-04-26T17:55:45.333+0000] {processor.py:830} INFO - Processing file /opt/airflow/dags/welcome_dag.py for tasks to queue
[2024-04-26T17:55:45.341+0000] {logging_mixin.py:188} INFO - [2024-04-26T17:55:45.339+0000] {dagbag.py:540} INFO - Filling up the DagBag from /opt/airflow/dags/welcome_dag.py
[2024-04-26T17:55:45.541+0000] {processor.py:840} INFO - DAG(s) 'welcome_dag' retrieved from /opt/airflow/dags/welcome_dag.py
[2024-04-26T17:55:45.812+0000] {logging_mixin.py:188} INFO - [2024-04-26T17:55:45.811+0000] {dag.py:3096} INFO - Sync 1 DAGs
[2024-04-26T17:55:45.995+0000] {logging_mixin.py:188} INFO - [2024-04-26T17:55:45.995+0000] {dag.py:3954} INFO - Setting next_dagrun for welcome_dag to 2024-04-25 23:00:00+00:00, run_after=2024-04-26 23:00:00+00:00
[2024-04-26T17:55:46.707+0000] {processor.py:183} INFO - Processing /opt/airflow/dags/welcome_dag.py took 1.402 seconds
[2024-04-26T17:56:39.129+0000] {processor.py:161} INFO - Started process (PID=66) to work on /opt/airflow/dags/welcome_dag.py
[2024-04-26T17:56:39.136+0000] {processor.py:830} INFO - Processing file /opt/airflow/dags/welcome_dag.py for tasks to queue
[2024-04-26T17:56:39.148+0000] {logging_mixin.py:188} INFO - [2024-04-26T17:56:39.144+0000] {dagbag.py:540} INFO - Filling up the DagBag from /opt/airflow/dags/welcome_dag.py
[2024-04-26T17:56:39.271+0000] {processor.py:840} INFO - DAG(s) 'welcome_dag' retrieved from /opt/airflow/dags/welcome_dag.py
[2024-04-26T17:56:39.434+0000] {logging_mixin.py:188} INFO - [2024-04-26T17:56:39.434+0000] {dag.py:3096} INFO - Sync 1 DAGs
[2024-04-26T17:56:39.614+0000] {logging_mixin.py:188} INFO - [2024-04-26T17:56:39.614+0000] {dag.py:3954} INFO - Setting next_dagrun for welcome_dag to 2024-04-25 23:00:00+00:00, run_after=2024-04-26 23:00:00+00:00
[2024-04-26T17:56:40.256+0000] {processor.py:183} INFO - Processing /opt/airflow/dags/welcome_dag.py took 1.181 seconds
[2024-04-26T17:57:26.369+0000] {processor.py:161} INFO - Started process (PID=69) to work on /opt/airflow/dags/welcome_dag.py
[2024-04-26T17:57:26.372+0000] {processor.py:830} INFO - Processing file /opt/airflow/dags/welcome_dag.py for tasks to queue
[2024-04-26T17:57:26.383+0000] {logging_mixin.py:188} INFO - [2024-04-26T17:57:26.379+0000] {dagbag.py:540} INFO - Filling up the DagBag from /opt/airflow/dags/welcome_dag.py
[2024-04-26T17:57:26.523+0000] {processor.py:840} INFO - DAG(s) 'welcome_dag' retrieved from /opt/airflow/dags/welcome_dag.py
[2024-04-26T17:57:26.730+0000] {logging_mixin.py:188} INFO - [2024-04-26T17:57:26.729+0000] {dag.py:3096} INFO - Sync 1 DAGs
[2024-04-26T17:57:26.862+0000] {logging_mixin.py:188} INFO - [2024-04-26T17:57:26.861+0000] {dag.py:3954} INFO - Setting next_dagrun for welcome_dag to 2024-04-25 23:00:00+00:00, run_after=2024-04-26 23:00:00+00:00
[2024-04-26T17:57:27.098+0000] {processor.py:183} INFO - Processing /opt/airflow/dags/welcome_dag.py took 0.740 seconds
[2024-04-26T17:58:04.156+0000] {processor.py:161} INFO - Started process (PID=72) to work on /opt/airflow/dags/welcome_dag.py
[2024-04-26T17:58:04.157+0000] {processor.py:830} INFO - Processing file /opt/airflow/dags/welcome_dag.py for tasks to queue
[2024-04-26T17:58:04.163+0000] {logging_mixin.py:188} INFO - [2024-04-26T17:58:04.162+0000] {dagbag.py:540} INFO - Filling up the DagBag from /opt/airflow/dags/welcome_dag.py
[2024-04-26T17:58:04.195+0000] {processor.py:840} INFO - DAG(s) 'welcome_dag' retrieved from /opt/airflow/dags/welcome_dag.py
[2024-04-26T17:58:04.240+0000] {logging_mixin.py:188} INFO - [2024-04-26T17:58:04.240+0000] {dag.py:3096} INFO - Sync 1 DAGs
[2024-04-26T17:58:04.273+0000] {logging_mixin.py:188} INFO - [2024-04-26T17:58:04.273+0000] {dag.py:3954} INFO - Setting next_dagrun for welcome_dag to 2024-04-25 23:00:00+00:00, run_after=2024-04-26 23:00:00+00:00
[2024-04-26T17:58:04.346+0000] {processor.py:183} INFO - Processing /opt/airflow/dags/welcome_dag.py took 0.198 seconds
[2024-04-26T17:58:41.853+0000] {processor.py:161} INFO - Started process (PID=75) to work on /opt/airflow/dags/welcome_dag.py
[2024-04-26T17:58:41.855+0000] {processor.py:830} INFO - Processing file /opt/airflow/dags/welcome_dag.py for tasks to queue
[2024-04-26T17:58:41.857+0000] {logging_mixin.py:188} INFO - [2024-04-26T17:58:41.856+0000] {dagbag.py:540} INFO - Filling up the DagBag from /opt/airflow/dags/welcome_dag.py
[2024-04-26T17:58:41.882+0000] {processor.py:840} INFO - DAG(s) 'welcome_dag' retrieved from /opt/airflow/dags/welcome_dag.py
[2024-04-26T17:58:41.918+0000] {logging_mixin.py:188} INFO - [2024-04-26T17:58:41.917+0000] {dag.py:3096} INFO - Sync 1 DAGs
[2024-04-26T17:58:41.955+0000] {logging_mixin.py:188} INFO - [2024-04-26T17:58:41.953+0000] {dag.py:3954} INFO - Setting next_dagrun for welcome_dag to 2024-04-25 23:00:00+00:00, run_after=2024-04-26 23:00:00+00:00
[2024-04-26T17:58:42.046+0000] {processor.py:183} INFO - Processing /opt/airflow/dags/welcome_dag.py took 0.200 seconds
[2024-04-26T17:59:19.557+0000] {processor.py:161} INFO - Started process (PID=78) to work on /opt/airflow/dags/welcome_dag.py
[2024-04-26T17:59:19.559+0000] {processor.py:830} INFO - Processing file /opt/airflow/dags/welcome_dag.py for tasks to queue
[2024-04-26T17:59:19.562+0000] {logging_mixin.py:188} INFO - [2024-04-26T17:59:19.561+0000] {dagbag.py:540} INFO - Filling up the DagBag from /opt/airflow/dags/welcome_dag.py
[2024-04-26T17:59:19.586+0000] {processor.py:840} INFO - DAG(s) 'welcome_dag' retrieved from /opt/airflow/dags/welcome_dag.py
[2024-04-26T17:59:19.620+0000] {logging_mixin.py:188} INFO - [2024-04-26T17:59:19.620+0000] {dag.py:3096} INFO - Sync 1 DAGs
[2024-04-26T17:59:19.652+0000] {logging_mixin.py:188} INFO - [2024-04-26T17:59:19.652+0000] {dag.py:3954} INFO - Setting next_dagrun for welcome_dag to 2024-04-25 23:00:00+00:00, run_after=2024-04-26 23:00:00+00:00
[2024-04-26T17:59:19.725+0000] {processor.py:183} INFO - Processing /opt/airflow/dags/welcome_dag.py took 0.174 seconds
[2024-04-26T18:08:55.305+0000] {processor.py:161} INFO - Started process (PID=46) to work on /opt/airflow/dags/welcome_dag.py
[2024-04-26T18:08:55.312+0000] {processor.py:830} INFO - Processing file /opt/airflow/dags/welcome_dag.py for tasks to queue
[2024-04-26T18:08:55.315+0000] {logging_mixin.py:188} INFO - [2024-04-26T18:08:55.314+0000] {dagbag.py:540} INFO - Filling up the DagBag from /opt/airflow/dags/welcome_dag.py
[2024-04-26T18:08:55.380+0000] {processor.py:840} INFO - DAG(s) 'welcome_dag' retrieved from /opt/airflow/dags/welcome_dag.py
[2024-04-26T18:08:55.402+0000] {logging_mixin.py:188} INFO - [2024-04-26T18:08:55.401+0000] {dag.py:3096} INFO - Sync 1 DAGs
[2024-04-26T18:08:55.455+0000] {logging_mixin.py:188} INFO - [2024-04-26T18:08:55.455+0000] {dag.py:3954} INFO - Setting next_dagrun for welcome_dag to 2024-04-25 23:00:00+00:00, run_after=2024-04-26 23:00:00+00:00
[2024-04-26T18:08:55.678+0000] {processor.py:183} INFO - Processing /opt/airflow/dags/welcome_dag.py took 0.381 seconds
[2024-04-26T18:09:34.928+0000] {processor.py:161} INFO - Started process (PID=49) to work on /opt/airflow/dags/welcome_dag.py
[2024-04-26T18:09:34.930+0000] {processor.py:830} INFO - Processing file /opt/airflow/dags/welcome_dag.py for tasks to queue
[2024-04-26T18:09:34.934+0000] {logging_mixin.py:188} INFO - [2024-04-26T18:09:34.933+0000] {dagbag.py:540} INFO - Filling up the DagBag from /opt/airflow/dags/welcome_dag.py
[2024-04-26T18:09:34.973+0000] {processor.py:840} INFO - DAG(s) 'welcome_dag' retrieved from /opt/airflow/dags/welcome_dag.py
[2024-04-26T18:09:35.211+0000] {logging_mixin.py:188} INFO - [2024-04-26T18:09:35.211+0000] {dag.py:3096} INFO - Sync 1 DAGs
[2024-04-26T18:09:35.252+0000] {logging_mixin.py:188} INFO - [2024-04-26T18:09:35.252+0000] {dag.py:3954} INFO - Setting next_dagrun for welcome_dag to 2024-04-25 23:00:00+00:00, run_after=2024-04-26 23:00:00+00:00
[2024-04-26T18:09:35.337+0000] {processor.py:183} INFO - Processing /opt/airflow/dags/welcome_dag.py took 0.422 seconds
[2024-04-26T22:35:24.648+0000] {processor.py:161} INFO - Started process (PID=46) to work on /opt/airflow/dags/welcome_dag.py
[2024-04-26T22:35:24.650+0000] {processor.py:830} INFO - Processing file /opt/airflow/dags/welcome_dag.py for tasks to queue
[2024-04-26T22:35:24.652+0000] {logging_mixin.py:188} INFO - [2024-04-26T22:35:24.651+0000] {dagbag.py:540} INFO - Filling up the DagBag from /opt/airflow/dags/welcome_dag.py
[2024-04-26T22:35:24.678+0000] {processor.py:840} INFO - DAG(s) 'welcome_dag' retrieved from /opt/airflow/dags/welcome_dag.py
[2024-04-26T22:35:24.692+0000] {logging_mixin.py:188} INFO - [2024-04-26T22:35:24.691+0000] {dag.py:3096} INFO - Sync 1 DAGs
[2024-04-26T22:35:24.729+0000] {logging_mixin.py:188} INFO - [2024-04-26T22:35:24.729+0000] {dag.py:3954} INFO - Setting next_dagrun for welcome_dag to 2024-04-25 23:00:00+00:00, run_after=2024-04-26 23:00:00+00:00
[2024-04-26T22:35:24.838+0000] {processor.py:183} INFO - Processing /opt/airflow/dags/welcome_dag.py took 0.198 seconds
[2024-04-26T22:36:02.667+0000] {processor.py:161} INFO - Started process (PID=60) to work on /opt/airflow/dags/welcome_dag.py
[2024-04-26T22:36:02.668+0000] {processor.py:830} INFO - Processing file /opt/airflow/dags/welcome_dag.py for tasks to queue
[2024-04-26T22:36:02.671+0000] {logging_mixin.py:188} INFO - [2024-04-26T22:36:02.670+0000] {dagbag.py:540} INFO - Filling up the DagBag from /opt/airflow/dags/welcome_dag.py
[2024-04-26T22:36:02.701+0000] {processor.py:840} INFO - DAG(s) 'welcome_dag' retrieved from /opt/airflow/dags/welcome_dag.py
[2024-04-26T22:36:02.840+0000] {logging_mixin.py:188} INFO - [2024-04-26T22:36:02.840+0000] {dag.py:3096} INFO - Sync 1 DAGs
[2024-04-26T22:36:02.867+0000] {logging_mixin.py:188} INFO - [2024-04-26T22:36:02.867+0000] {dag.py:3954} INFO - Setting next_dagrun for welcome_dag to 2024-04-25 23:00:00+00:00, run_after=2024-04-26 23:00:00+00:00
[2024-04-26T22:36:02.953+0000] {processor.py:183} INFO - Processing /opt/airflow/dags/welcome_dag.py took 0.294 seconds
[2024-04-26T22:41:29.256+0000] {processor.py:161} INFO - Started process (PID=46) to work on /opt/airflow/dags/welcome_dag.py
[2024-04-26T22:41:29.261+0000] {processor.py:830} INFO - Processing file /opt/airflow/dags/welcome_dag.py for tasks to queue
[2024-04-26T22:41:29.265+0000] {logging_mixin.py:188} INFO - [2024-04-26T22:41:29.264+0000] {dagbag.py:540} INFO - Filling up the DagBag from /opt/airflow/dags/welcome_dag.py
[2024-04-26T22:41:29.296+0000] {processor.py:840} INFO - DAG(s) 'welcome_dag' retrieved from /opt/airflow/dags/welcome_dag.py
[2024-04-26T22:41:29.310+0000] {logging_mixin.py:188} INFO - [2024-04-26T22:41:29.310+0000] {dag.py:3096} INFO - Sync 1 DAGs
[2024-04-26T22:41:29.344+0000] {logging_mixin.py:188} INFO - [2024-04-26T22:41:29.343+0000] {dag.py:3954} INFO - Setting next_dagrun for welcome_dag to 2024-04-25 23:00:00+00:00, run_after=2024-04-26 23:00:00+00:00
[2024-04-26T22:41:29.492+0000] {processor.py:183} INFO - Processing /opt/airflow/dags/welcome_dag.py took 0.243 seconds
[2024-04-26T22:42:08.809+0000] {processor.py:161} INFO - Started process (PID=49) to work on /opt/airflow/dags/welcome_dag.py
[2024-04-26T22:42:08.810+0000] {processor.py:830} INFO - Processing file /opt/airflow/dags/welcome_dag.py for tasks to queue
[2024-04-26T22:42:08.813+0000] {logging_mixin.py:188} INFO - [2024-04-26T22:42:08.812+0000] {dagbag.py:540} INFO - Filling up the DagBag from /opt/airflow/dags/welcome_dag.py
[2024-04-26T22:42:08.841+0000] {processor.py:840} INFO - DAG(s) 'welcome_dag' retrieved from /opt/airflow/dags/welcome_dag.py
[2024-04-26T22:42:08.994+0000] {logging_mixin.py:188} INFO - [2024-04-26T22:42:08.994+0000] {dag.py:3096} INFO - Sync 1 DAGs
[2024-04-26T22:42:09.021+0000] {logging_mixin.py:188} INFO - [2024-04-26T22:42:09.021+0000] {dag.py:3954} INFO - Setting next_dagrun for welcome_dag to 2024-04-25 23:00:00+00:00, run_after=2024-04-26 23:00:00+00:00
[2024-04-26T22:42:09.094+0000] {processor.py:183} INFO - Processing /opt/airflow/dags/welcome_dag.py took 0.292 seconds
[2024-04-26T22:42:46.996+0000] {processor.py:161} INFO - Started process (PID=52) to work on /opt/airflow/dags/welcome_dag.py
[2024-04-26T22:42:46.997+0000] {processor.py:830} INFO - Processing file /opt/airflow/dags/welcome_dag.py for tasks to queue
[2024-04-26T22:42:47.000+0000] {logging_mixin.py:188} INFO - [2024-04-26T22:42:46.999+0000] {dagbag.py:540} INFO - Filling up the DagBag from /opt/airflow/dags/welcome_dag.py
[2024-04-26T22:42:47.028+0000] {processor.py:840} INFO - DAG(s) 'welcome_dag' retrieved from /opt/airflow/dags/welcome_dag.py
[2024-04-26T22:42:47.062+0000] {logging_mixin.py:188} INFO - [2024-04-26T22:42:47.061+0000] {dag.py:3096} INFO - Sync 1 DAGs
[2024-04-26T22:42:47.090+0000] {logging_mixin.py:188} INFO - [2024-04-26T22:42:47.090+0000] {dag.py:3954} INFO - Setting next_dagrun for welcome_dag to 2024-04-25 23:00:00+00:00, run_after=2024-04-26 23:00:00+00:00
[2024-04-26T22:42:47.154+0000] {processor.py:183} INFO - Processing /opt/airflow/dags/welcome_dag.py took 0.164 seconds
[2024-04-26T22:43:24.591+0000] {processor.py:161} INFO - Started process (PID=55) to work on /opt/airflow/dags/welcome_dag.py
[2024-04-26T22:43:24.592+0000] {processor.py:830} INFO - Processing file /opt/airflow/dags/welcome_dag.py for tasks to queue
[2024-04-26T22:43:24.595+0000] {logging_mixin.py:188} INFO - [2024-04-26T22:43:24.594+0000] {dagbag.py:540} INFO - Filling up the DagBag from /opt/airflow/dags/welcome_dag.py
[2024-04-26T22:43:24.623+0000] {processor.py:840} INFO - DAG(s) 'welcome_dag' retrieved from /opt/airflow/dags/welcome_dag.py
[2024-04-26T22:43:24.652+0000] {logging_mixin.py:188} INFO - [2024-04-26T22:43:24.651+0000] {dag.py:3096} INFO - Sync 1 DAGs
[2024-04-26T22:43:24.680+0000] {logging_mixin.py:188} INFO - [2024-04-26T22:43:24.680+0000] {dag.py:3954} INFO - Setting next_dagrun for welcome_dag to 2024-04-25 23:00:00+00:00, run_after=2024-04-26 23:00:00+00:00
[2024-04-26T22:43:24.741+0000] {processor.py:183} INFO - Processing /opt/airflow/dags/welcome_dag.py took 0.158 seconds
[2024-04-26T22:44:01.979+0000] {processor.py:161} INFO - Started process (PID=58) to work on /opt/airflow/dags/welcome_dag.py
[2024-04-26T22:44:01.980+0000] {processor.py:830} INFO - Processing file /opt/airflow/dags/welcome_dag.py for tasks to queue
[2024-04-26T22:44:01.982+0000] {logging_mixin.py:188} INFO - [2024-04-26T22:44:01.982+0000] {dagbag.py:540} INFO - Filling up the DagBag from /opt/airflow/dags/welcome_dag.py
[2024-04-26T22:44:02.012+0000] {processor.py:840} INFO - DAG(s) 'welcome_dag' retrieved from /opt/airflow/dags/welcome_dag.py
[2024-04-26T22:44:02.047+0000] {logging_mixin.py:188} INFO - [2024-04-26T22:44:02.047+0000] {dag.py:3096} INFO - Sync 1 DAGs
[2024-04-26T22:44:02.082+0000] {logging_mixin.py:188} INFO - [2024-04-26T22:44:02.082+0000] {dag.py:3954} INFO - Setting next_dagrun for welcome_dag to 2024-04-25 23:00:00+00:00, run_after=2024-04-26 23:00:00+00:00
[2024-04-26T22:44:02.191+0000] {processor.py:183} INFO - Processing /opt/airflow/dags/welcome_dag.py took 0.218 seconds
[2024-04-26T23:02:00.273+0000] {processor.py:161} INFO - Started process (PID=47) to work on /opt/airflow/dags/welcome_dag.py
[2024-04-26T23:02:00.275+0000] {processor.py:830} INFO - Processing file /opt/airflow/dags/welcome_dag.py for tasks to queue
[2024-04-26T23:02:00.278+0000] {logging_mixin.py:188} INFO - [2024-04-26T23:02:00.277+0000] {dagbag.py:540} INFO - Filling up the DagBag from /opt/airflow/dags/welcome_dag.py
[2024-04-26T23:02:00.338+0000] {processor.py:840} INFO - DAG(s) 'welcome_dag' retrieved from /opt/airflow/dags/welcome_dag.py
[2024-04-26T23:02:00.430+0000] {logging_mixin.py:188} INFO - [2024-04-26T23:02:00.429+0000] {dag.py:3096} INFO - Sync 1 DAGs
[2024-04-26T23:02:00.505+0000] {logging_mixin.py:188} INFO - [2024-04-26T23:02:00.505+0000] {dag.py:3954} INFO - Setting next_dagrun for welcome_dag to 2024-04-25 23:00:00+00:00, run_after=2024-04-26 23:00:00+00:00
[2024-04-26T23:02:01.298+0000] {processor.py:183} INFO - Processing /opt/airflow/dags/welcome_dag.py took 1.036 seconds
[2024-04-26T23:02:38.213+0000] {processor.py:161} INFO - Started process (PID=60) to work on /opt/airflow/dags/welcome_dag.py
[2024-04-26T23:02:38.215+0000] {processor.py:830} INFO - Processing file /opt/airflow/dags/welcome_dag.py for tasks to queue
[2024-04-26T23:02:38.217+0000] {logging_mixin.py:188} INFO - [2024-04-26T23:02:38.217+0000] {dagbag.py:540} INFO - Filling up the DagBag from /opt/airflow/dags/welcome_dag.py
[2024-04-26T23:02:38.248+0000] {processor.py:840} INFO - DAG(s) 'welcome_dag' retrieved from /opt/airflow/dags/welcome_dag.py
[2024-04-26T23:02:38.388+0000] {logging_mixin.py:188} INFO - [2024-04-26T23:02:38.387+0000] {dag.py:3096} INFO - Sync 1 DAGs
[2024-04-26T23:02:38.414+0000] {logging_mixin.py:188} INFO - [2024-04-26T23:02:38.414+0000] {dag.py:3954} INFO - Setting next_dagrun for welcome_dag to 2024-04-25 23:00:00+00:00, run_after=2024-04-26 23:00:00+00:00
[2024-04-26T23:02:38.498+0000] {processor.py:183} INFO - Processing /opt/airflow/dags/welcome_dag.py took 0.290 seconds
[2024-04-26T23:03:28.228+0000] {processor.py:161} INFO - Started process (PID=80) to work on /opt/airflow/dags/welcome_dag.py
[2024-04-26T23:03:28.229+0000] {processor.py:830} INFO - Processing file /opt/airflow/dags/welcome_dag.py for tasks to queue
[2024-04-26T23:03:28.232+0000] {logging_mixin.py:188} INFO - [2024-04-26T23:03:28.231+0000] {dagbag.py:540} INFO - Filling up the DagBag from /opt/airflow/dags/welcome_dag.py
[2024-04-26T23:03:28.255+0000] {processor.py:840} INFO - DAG(s) 'welcome_dag' retrieved from /opt/airflow/dags/welcome_dag.py
[2024-04-26T23:03:28.288+0000] {logging_mixin.py:188} INFO - [2024-04-26T23:03:28.288+0000] {dag.py:3096} INFO - Sync 1 DAGs
[2024-04-26T23:03:28.319+0000] {logging_mixin.py:188} INFO - [2024-04-26T23:03:28.319+0000] {dag.py:3954} INFO - Setting next_dagrun for welcome_dag to 2024-04-25 23:00:00+00:00, run_after=2024-04-26 23:00:00+00:00
[2024-04-26T23:03:28.405+0000] {processor.py:183} INFO - Processing /opt/airflow/dags/welcome_dag.py took 0.189 seconds
[2024-04-26T23:04:05.567+0000] {processor.py:161} INFO - Started process (PID=83) to work on /opt/airflow/dags/welcome_dag.py
[2024-04-26T23:04:05.569+0000] {processor.py:830} INFO - Processing file /opt/airflow/dags/welcome_dag.py for tasks to queue
[2024-04-26T23:04:05.572+0000] {logging_mixin.py:188} INFO - [2024-04-26T23:04:05.571+0000] {dagbag.py:540} INFO - Filling up the DagBag from /opt/airflow/dags/welcome_dag.py
[2024-04-26T23:04:05.610+0000] {processor.py:840} INFO - DAG(s) 'welcome_dag' retrieved from /opt/airflow/dags/welcome_dag.py
[2024-04-26T23:04:05.655+0000] {logging_mixin.py:188} INFO - [2024-04-26T23:04:05.654+0000] {dag.py:3096} INFO - Sync 1 DAGs
[2024-04-26T23:04:05.685+0000] {logging_mixin.py:188} INFO - [2024-04-26T23:04:05.685+0000] {dag.py:3954} INFO - Setting next_dagrun for welcome_dag to 2024-04-25 23:00:00+00:00, run_after=2024-04-26 23:00:00+00:00
[2024-04-26T23:04:05.753+0000] {processor.py:183} INFO - Processing /opt/airflow/dags/welcome_dag.py took 0.196 seconds
[2024-04-26T23:04:43.506+0000] {processor.py:161} INFO - Started process (PID=86) to work on /opt/airflow/dags/welcome_dag.py
[2024-04-26T23:04:43.507+0000] {processor.py:830} INFO - Processing file /opt/airflow/dags/welcome_dag.py for tasks to queue
[2024-04-26T23:04:43.510+0000] {logging_mixin.py:188} INFO - [2024-04-26T23:04:43.509+0000] {dagbag.py:540} INFO - Filling up the DagBag from /opt/airflow/dags/welcome_dag.py
[2024-04-26T23:04:43.541+0000] {processor.py:840} INFO - DAG(s) 'welcome_dag' retrieved from /opt/airflow/dags/welcome_dag.py
[2024-04-26T23:04:43.578+0000] {logging_mixin.py:188} INFO - [2024-04-26T23:04:43.578+0000] {dag.py:3096} INFO - Sync 1 DAGs
[2024-04-26T23:04:43.612+0000] {logging_mixin.py:188} INFO - [2024-04-26T23:04:43.611+0000] {dag.py:3954} INFO - Setting next_dagrun for welcome_dag to 2024-04-25 23:00:00+00:00, run_after=2024-04-26 23:00:00+00:00
[2024-04-26T23:04:43.704+0000] {processor.py:183} INFO - Processing /opt/airflow/dags/welcome_dag.py took 0.205 seconds
[2024-04-26T23:05:21.597+0000] {processor.py:161} INFO - Started process (PID=89) to work on /opt/airflow/dags/welcome_dag.py
[2024-04-26T23:05:21.610+0000] {processor.py:830} INFO - Processing file /opt/airflow/dags/welcome_dag.py for tasks to queue
[2024-04-26T23:05:21.614+0000] {logging_mixin.py:188} INFO - [2024-04-26T23:05:21.613+0000] {dagbag.py:540} INFO - Filling up the DagBag from /opt/airflow/dags/welcome_dag.py
[2024-04-26T23:05:21.701+0000] {processor.py:840} INFO - DAG(s) 'welcome_dag' retrieved from /opt/airflow/dags/welcome_dag.py
[2024-04-26T23:05:21.873+0000] {logging_mixin.py:188} INFO - [2024-04-26T23:05:21.872+0000] {dag.py:3096} INFO - Sync 1 DAGs
[2024-04-26T23:05:21.968+0000] {logging_mixin.py:188} INFO - [2024-04-26T23:05:21.968+0000] {dag.py:3954} INFO - Setting next_dagrun for welcome_dag to 2024-04-25 23:00:00+00:00, run_after=2024-04-26 23:00:00+00:00
[2024-04-26T23:05:22.128+0000] {processor.py:183} INFO - Processing /opt/airflow/dags/welcome_dag.py took 0.542 seconds
[2024-04-26T23:05:59.415+0000] {processor.py:161} INFO - Started process (PID=92) to work on /opt/airflow/dags/welcome_dag.py
[2024-04-26T23:05:59.417+0000] {processor.py:830} INFO - Processing file /opt/airflow/dags/welcome_dag.py for tasks to queue
[2024-04-26T23:05:59.420+0000] {logging_mixin.py:188} INFO - [2024-04-26T23:05:59.420+0000] {dagbag.py:540} INFO - Filling up the DagBag from /opt/airflow/dags/welcome_dag.py
[2024-04-26T23:05:59.472+0000] {processor.py:840} INFO - DAG(s) 'welcome_dag' retrieved from /opt/airflow/dags/welcome_dag.py
[2024-04-26T23:05:59.619+0000] {logging_mixin.py:188} INFO - [2024-04-26T23:05:59.618+0000] {dag.py:3096} INFO - Sync 1 DAGs
[2024-04-26T23:05:59.742+0000] {logging_mixin.py:188} INFO - [2024-04-26T23:05:59.742+0000] {dag.py:3954} INFO - Setting next_dagrun for welcome_dag to 2024-04-25 23:00:00+00:00, run_after=2024-04-26 23:00:00+00:00
[2024-04-26T23:06:00.484+0000] {processor.py:183} INFO - Processing /opt/airflow/dags/welcome_dag.py took 1.081 seconds
[2024-04-26T23:06:37.091+0000] {processor.py:161} INFO - Started process (PID=95) to work on /opt/airflow/dags/welcome_dag.py
[2024-04-26T23:06:37.092+0000] {processor.py:830} INFO - Processing file /opt/airflow/dags/welcome_dag.py for tasks to queue
[2024-04-26T23:06:37.094+0000] {logging_mixin.py:188} INFO - [2024-04-26T23:06:37.094+0000] {dagbag.py:540} INFO - Filling up the DagBag from /opt/airflow/dags/welcome_dag.py
[2024-04-26T23:06:37.117+0000] {processor.py:840} INFO - DAG(s) 'welcome_dag' retrieved from /opt/airflow/dags/welcome_dag.py
[2024-04-26T23:06:37.148+0000] {logging_mixin.py:188} INFO - [2024-04-26T23:06:37.148+0000] {dag.py:3096} INFO - Sync 1 DAGs
[2024-04-26T23:06:37.177+0000] {logging_mixin.py:188} INFO - [2024-04-26T23:06:37.177+0000] {dag.py:3954} INFO - Setting next_dagrun for welcome_dag to 2024-04-25 23:00:00+00:00, run_after=2024-04-26 23:00:00+00:00
[2024-04-26T23:06:37.249+0000] {processor.py:183} INFO - Processing /opt/airflow/dags/welcome_dag.py took 0.164 seconds
[2024-04-26T23:57:35.295+0000] {processor.py:161} INFO - Started process (PID=46) to work on /opt/airflow/dags/welcome_dag.py
[2024-04-26T23:57:35.296+0000] {processor.py:830} INFO - Processing file /opt/airflow/dags/welcome_dag.py for tasks to queue
[2024-04-26T23:57:35.299+0000] {logging_mixin.py:188} INFO - [2024-04-26T23:57:35.298+0000] {dagbag.py:540} INFO - Filling up the DagBag from /opt/airflow/dags/welcome_dag.py
[2024-04-26T23:57:35.327+0000] {processor.py:840} INFO - DAG(s) 'welcome_dag' retrieved from /opt/airflow/dags/welcome_dag.py
[2024-04-26T23:57:35.344+0000] {logging_mixin.py:188} INFO - [2024-04-26T23:57:35.344+0000] {dag.py:3096} INFO - Sync 1 DAGs
[2024-04-26T23:57:35.379+0000] {logging_mixin.py:188} INFO - [2024-04-26T23:57:35.379+0000] {dag.py:3954} INFO - Setting next_dagrun for welcome_dag to 2024-04-25 23:00:00+00:00, run_after=2024-04-26 23:00:00+00:00
[2024-04-26T23:57:35.463+0000] {processor.py:183} INFO - Processing /opt/airflow/dags/welcome_dag.py took 0.175 seconds
[2024-04-26T23:58:13.239+0000] {processor.py:161} INFO - Started process (PID=49) to work on /opt/airflow/dags/welcome_dag.py
[2024-04-26T23:58:13.240+0000] {processor.py:830} INFO - Processing file /opt/airflow/dags/welcome_dag.py for tasks to queue
[2024-04-26T23:58:13.243+0000] {logging_mixin.py:188} INFO - [2024-04-26T23:58:13.242+0000] {dagbag.py:540} INFO - Filling up the DagBag from /opt/airflow/dags/welcome_dag.py
[2024-04-26T23:58:13.282+0000] {processor.py:840} INFO - DAG(s) 'welcome_dag' retrieved from /opt/airflow/dags/welcome_dag.py
[2024-04-26T23:58:13.462+0000] {logging_mixin.py:188} INFO - [2024-04-26T23:58:13.461+0000] {dag.py:3096} INFO - Sync 1 DAGs
[2024-04-26T23:58:13.490+0000] {logging_mixin.py:188} INFO - [2024-04-26T23:58:13.490+0000] {dag.py:3954} INFO - Setting next_dagrun for welcome_dag to 2024-04-25 23:00:00+00:00, run_after=2024-04-26 23:00:00+00:00
[2024-04-26T23:58:13.559+0000] {processor.py:183} INFO - Processing /opt/airflow/dags/welcome_dag.py took 0.334 seconds
