[2024-04-27T00:08:00.180+0000] {processor.py:161} INFO - Started process (PID=42) to work on /opt/airflow/dags/welcome_dag.py
[2024-04-27T00:08:00.181+0000] {processor.py:830} INFO - Processing file /opt/airflow/dags/welcome_dag.py for tasks to queue
[2024-04-27T00:08:00.183+0000] {logging_mixin.py:188} INFO - [2024-04-27T00:08:00.183+0000] {dagbag.py:540} INFO - Filling up the DagBag from /opt/airflow/dags/welcome_dag.py
[2024-04-27T00:08:00.212+0000] {processor.py:840} INFO - DAG(s) 'welcome_dag' retrieved from /opt/airflow/dags/welcome_dag.py
[2024-04-27T00:08:00.225+0000] {logging_mixin.py:188} INFO - [2024-04-27T00:08:00.225+0000] {dag.py:3096} INFO - Sync 1 DAGs
[2024-04-27T00:08:00.270+0000] {logging_mixin.py:188} INFO - [2024-04-27T00:08:00.269+0000] {dag.py:3954} INFO - Setting next_dagrun for welcome_dag to 2024-04-26 23:00:00+00:00, run_after=2024-04-27 23:00:00+00:00
[2024-04-27T00:08:00.369+0000] {processor.py:183} INFO - Processing /opt/airflow/dags/welcome_dag.py took 0.196 seconds
[2024-04-27T00:08:31.173+0000] {processor.py:161} INFO - Started process (PID=49) to work on /opt/airflow/dags/welcome_dag.py
[2024-04-27T00:08:31.174+0000] {processor.py:830} INFO - Processing file /opt/airflow/dags/welcome_dag.py for tasks to queue
[2024-04-27T00:08:31.176+0000] {logging_mixin.py:188} INFO - [2024-04-27T00:08:31.176+0000] {dagbag.py:540} INFO - Filling up the DagBag from /opt/airflow/dags/welcome_dag.py
[2024-04-27T00:08:31.203+0000] {processor.py:840} INFO - DAG(s) 'welcome_dag' retrieved from /opt/airflow/dags/welcome_dag.py
[2024-04-27T00:08:31.348+0000] {logging_mixin.py:188} INFO - [2024-04-27T00:08:31.348+0000] {dag.py:3096} INFO - Sync 1 DAGs
[2024-04-27T00:08:31.380+0000] {logging_mixin.py:188} INFO - [2024-04-27T00:08:31.379+0000] {dag.py:3954} INFO - Setting next_dagrun for welcome_dag to 2024-04-26 23:00:00+00:00, run_after=2024-04-27 23:00:00+00:00
[2024-04-27T00:08:31.470+0000] {processor.py:183} INFO - Processing /opt/airflow/dags/welcome_dag.py took 0.305 seconds
[2024-04-27T00:09:03.300+0000] {processor.py:161} INFO - Started process (PID=52) to work on /opt/airflow/dags/welcome_dag.py
[2024-04-27T00:09:03.302+0000] {processor.py:830} INFO - Processing file /opt/airflow/dags/welcome_dag.py for tasks to queue
[2024-04-27T00:09:03.304+0000] {logging_mixin.py:188} INFO - [2024-04-27T00:09:03.304+0000] {dagbag.py:540} INFO - Filling up the DagBag from /opt/airflow/dags/welcome_dag.py
[2024-04-27T00:09:03.330+0000] {processor.py:840} INFO - DAG(s) 'welcome_dag' retrieved from /opt/airflow/dags/welcome_dag.py
[2024-04-27T00:09:03.364+0000] {logging_mixin.py:188} INFO - [2024-04-27T00:09:03.363+0000] {dag.py:3096} INFO - Sync 1 DAGs
[2024-04-27T00:09:03.392+0000] {logging_mixin.py:188} INFO - [2024-04-27T00:09:03.392+0000] {dag.py:3954} INFO - Setting next_dagrun for welcome_dag to 2024-04-26 23:00:00+00:00, run_after=2024-04-27 23:00:00+00:00
[2024-04-27T00:09:03.454+0000] {processor.py:183} INFO - Processing /opt/airflow/dags/welcome_dag.py took 0.161 seconds
[2024-04-27T00:09:34.991+0000] {processor.py:161} INFO - Started process (PID=55) to work on /opt/airflow/dags/welcome_dag.py
[2024-04-27T00:09:34.994+0000] {processor.py:830} INFO - Processing file /opt/airflow/dags/welcome_dag.py for tasks to queue
[2024-04-27T00:09:35.002+0000] {logging_mixin.py:188} INFO - [2024-04-27T00:09:35.001+0000] {dagbag.py:540} INFO - Filling up the DagBag from /opt/airflow/dags/welcome_dag.py
[2024-04-27T00:09:35.051+0000] {processor.py:840} INFO - DAG(s) 'welcome_dag' retrieved from /opt/airflow/dags/welcome_dag.py
[2024-04-27T00:09:35.118+0000] {logging_mixin.py:188} INFO - [2024-04-27T00:09:35.118+0000] {dag.py:3096} INFO - Sync 1 DAGs
[2024-04-27T00:09:35.160+0000] {logging_mixin.py:188} INFO - [2024-04-27T00:09:35.160+0000] {dag.py:3954} INFO - Setting next_dagrun for welcome_dag to 2024-04-26 23:00:00+00:00, run_after=2024-04-27 23:00:00+00:00
[2024-04-27T00:09:35.254+0000] {processor.py:183} INFO - Processing /opt/airflow/dags/welcome_dag.py took 0.272 seconds
[2024-04-27T00:10:07.539+0000] {processor.py:161} INFO - Started process (PID=58) to work on /opt/airflow/dags/welcome_dag.py
[2024-04-27T00:10:07.540+0000] {processor.py:830} INFO - Processing file /opt/airflow/dags/welcome_dag.py for tasks to queue
[2024-04-27T00:10:07.542+0000] {logging_mixin.py:188} INFO - [2024-04-27T00:10:07.541+0000] {dagbag.py:540} INFO - Filling up the DagBag from /opt/airflow/dags/welcome_dag.py
[2024-04-27T00:10:07.564+0000] {processor.py:840} INFO - DAG(s) 'welcome_dag' retrieved from /opt/airflow/dags/welcome_dag.py
[2024-04-27T00:10:07.593+0000] {logging_mixin.py:188} INFO - [2024-04-27T00:10:07.593+0000] {dag.py:3096} INFO - Sync 1 DAGs
[2024-04-27T00:10:07.621+0000] {logging_mixin.py:188} INFO - [2024-04-27T00:10:07.621+0000] {dag.py:3954} INFO - Setting next_dagrun for welcome_dag to 2024-04-26 23:00:00+00:00, run_after=2024-04-27 23:00:00+00:00
[2024-04-27T00:10:07.722+0000] {processor.py:183} INFO - Processing /opt/airflow/dags/welcome_dag.py took 0.187 seconds
[2024-04-27T00:10:38.894+0000] {processor.py:161} INFO - Started process (PID=61) to work on /opt/airflow/dags/welcome_dag.py
[2024-04-27T00:10:38.896+0000] {processor.py:830} INFO - Processing file /opt/airflow/dags/welcome_dag.py for tasks to queue
[2024-04-27T00:10:38.899+0000] {logging_mixin.py:188} INFO - [2024-04-27T00:10:38.898+0000] {dagbag.py:540} INFO - Filling up the DagBag from /opt/airflow/dags/welcome_dag.py
[2024-04-27T00:10:38.924+0000] {processor.py:840} INFO - DAG(s) 'welcome_dag' retrieved from /opt/airflow/dags/welcome_dag.py
[2024-04-27T00:10:38.952+0000] {logging_mixin.py:188} INFO - [2024-04-27T00:10:38.952+0000] {dag.py:3096} INFO - Sync 1 DAGs
[2024-04-27T00:10:38.985+0000] {logging_mixin.py:188} INFO - [2024-04-27T00:10:38.985+0000] {dag.py:3954} INFO - Setting next_dagrun for welcome_dag to 2024-04-26 23:00:00+00:00, run_after=2024-04-27 23:00:00+00:00
[2024-04-27T00:10:39.080+0000] {processor.py:183} INFO - Processing /opt/airflow/dags/welcome_dag.py took 0.194 seconds
[2024-04-27T00:11:09.648+0000] {processor.py:161} INFO - Started process (PID=64) to work on /opt/airflow/dags/welcome_dag.py
[2024-04-27T00:11:09.650+0000] {processor.py:830} INFO - Processing file /opt/airflow/dags/welcome_dag.py for tasks to queue
[2024-04-27T00:11:09.652+0000] {logging_mixin.py:188} INFO - [2024-04-27T00:11:09.652+0000] {dagbag.py:540} INFO - Filling up the DagBag from /opt/airflow/dags/welcome_dag.py
[2024-04-27T00:11:09.681+0000] {processor.py:840} INFO - DAG(s) 'welcome_dag' retrieved from /opt/airflow/dags/welcome_dag.py
[2024-04-27T00:11:09.714+0000] {logging_mixin.py:188} INFO - [2024-04-27T00:11:09.714+0000] {dag.py:3096} INFO - Sync 1 DAGs
[2024-04-27T00:11:09.747+0000] {logging_mixin.py:188} INFO - [2024-04-27T00:11:09.746+0000] {dag.py:3954} INFO - Setting next_dagrun for welcome_dag to 2024-04-26 23:00:00+00:00, run_after=2024-04-27 23:00:00+00:00
[2024-04-27T00:11:09.810+0000] {processor.py:183} INFO - Processing /opt/airflow/dags/welcome_dag.py took 0.170 seconds
[2024-04-27T00:11:41.582+0000] {processor.py:161} INFO - Started process (PID=67) to work on /opt/airflow/dags/welcome_dag.py
[2024-04-27T00:11:41.583+0000] {processor.py:830} INFO - Processing file /opt/airflow/dags/welcome_dag.py for tasks to queue
[2024-04-27T00:11:41.586+0000] {logging_mixin.py:188} INFO - [2024-04-27T00:11:41.586+0000] {dagbag.py:540} INFO - Filling up the DagBag from /opt/airflow/dags/welcome_dag.py
[2024-04-27T00:11:41.630+0000] {processor.py:840} INFO - DAG(s) 'welcome_dag' retrieved from /opt/airflow/dags/welcome_dag.py
[2024-04-27T00:11:41.713+0000] {logging_mixin.py:188} INFO - [2024-04-27T00:11:41.709+0000] {dag.py:3096} INFO - Sync 1 DAGs
[2024-04-27T00:11:41.785+0000] {logging_mixin.py:188} INFO - [2024-04-27T00:11:41.785+0000] {dag.py:3954} INFO - Setting next_dagrun for welcome_dag to 2024-04-26 23:00:00+00:00, run_after=2024-04-27 23:00:00+00:00
[2024-04-27T00:11:41.860+0000] {processor.py:183} INFO - Processing /opt/airflow/dags/welcome_dag.py took 0.284 seconds
[2024-04-27T00:12:12.950+0000] {processor.py:161} INFO - Started process (PID=70) to work on /opt/airflow/dags/welcome_dag.py
[2024-04-27T00:12:12.952+0000] {processor.py:830} INFO - Processing file /opt/airflow/dags/welcome_dag.py for tasks to queue
[2024-04-27T00:12:12.954+0000] {logging_mixin.py:188} INFO - [2024-04-27T00:12:12.953+0000] {dagbag.py:540} INFO - Filling up the DagBag from /opt/airflow/dags/welcome_dag.py
[2024-04-27T00:12:12.978+0000] {processor.py:840} INFO - DAG(s) 'welcome_dag' retrieved from /opt/airflow/dags/welcome_dag.py
[2024-04-27T00:12:13.009+0000] {logging_mixin.py:188} INFO - [2024-04-27T00:12:13.009+0000] {dag.py:3096} INFO - Sync 1 DAGs
[2024-04-27T00:12:13.039+0000] {logging_mixin.py:188} INFO - [2024-04-27T00:12:13.039+0000] {dag.py:3954} INFO - Setting next_dagrun for welcome_dag to 2024-04-26 23:00:00+00:00, run_after=2024-04-27 23:00:00+00:00
[2024-04-27T00:12:13.106+0000] {processor.py:183} INFO - Processing /opt/airflow/dags/welcome_dag.py took 0.161 seconds
[2024-04-27T00:12:44.145+0000] {processor.py:161} INFO - Started process (PID=73) to work on /opt/airflow/dags/welcome_dag.py
[2024-04-27T00:12:44.146+0000] {processor.py:830} INFO - Processing file /opt/airflow/dags/welcome_dag.py for tasks to queue
[2024-04-27T00:12:44.148+0000] {logging_mixin.py:188} INFO - [2024-04-27T00:12:44.147+0000] {dagbag.py:540} INFO - Filling up the DagBag from /opt/airflow/dags/welcome_dag.py
[2024-04-27T00:12:44.172+0000] {processor.py:840} INFO - DAG(s) 'welcome_dag' retrieved from /opt/airflow/dags/welcome_dag.py
[2024-04-27T00:12:44.201+0000] {logging_mixin.py:188} INFO - [2024-04-27T00:12:44.200+0000] {dag.py:3096} INFO - Sync 1 DAGs
[2024-04-27T00:12:44.230+0000] {logging_mixin.py:188} INFO - [2024-04-27T00:12:44.230+0000] {dag.py:3954} INFO - Setting next_dagrun for welcome_dag to 2024-04-26 23:00:00+00:00, run_after=2024-04-27 23:00:00+00:00
[2024-04-27T00:12:44.297+0000] {processor.py:183} INFO - Processing /opt/airflow/dags/welcome_dag.py took 0.158 seconds
[2024-04-27T00:13:16.496+0000] {processor.py:161} INFO - Started process (PID=76) to work on /opt/airflow/dags/welcome_dag.py
[2024-04-27T00:13:16.497+0000] {processor.py:830} INFO - Processing file /opt/airflow/dags/welcome_dag.py for tasks to queue
[2024-04-27T00:13:16.499+0000] {logging_mixin.py:188} INFO - [2024-04-27T00:13:16.499+0000] {dagbag.py:540} INFO - Filling up the DagBag from /opt/airflow/dags/welcome_dag.py
[2024-04-27T00:13:16.524+0000] {processor.py:840} INFO - DAG(s) 'welcome_dag' retrieved from /opt/airflow/dags/welcome_dag.py
[2024-04-27T00:13:16.557+0000] {logging_mixin.py:188} INFO - [2024-04-27T00:13:16.556+0000] {dag.py:3096} INFO - Sync 1 DAGs
[2024-04-27T00:13:16.586+0000] {logging_mixin.py:188} INFO - [2024-04-27T00:13:16.586+0000] {dag.py:3954} INFO - Setting next_dagrun for welcome_dag to 2024-04-26 23:00:00+00:00, run_after=2024-04-27 23:00:00+00:00
[2024-04-27T00:13:16.651+0000] {processor.py:183} INFO - Processing /opt/airflow/dags/welcome_dag.py took 0.162 seconds
[2024-04-27T00:13:48.040+0000] {processor.py:161} INFO - Started process (PID=79) to work on /opt/airflow/dags/welcome_dag.py
[2024-04-27T00:13:48.041+0000] {processor.py:830} INFO - Processing file /opt/airflow/dags/welcome_dag.py for tasks to queue
[2024-04-27T00:13:48.043+0000] {logging_mixin.py:188} INFO - [2024-04-27T00:13:48.042+0000] {dagbag.py:540} INFO - Filling up the DagBag from /opt/airflow/dags/welcome_dag.py
[2024-04-27T00:13:48.067+0000] {processor.py:840} INFO - DAG(s) 'welcome_dag' retrieved from /opt/airflow/dags/welcome_dag.py
[2024-04-27T00:13:48.098+0000] {logging_mixin.py:188} INFO - [2024-04-27T00:13:48.097+0000] {dag.py:3096} INFO - Sync 1 DAGs
[2024-04-27T00:13:48.129+0000] {logging_mixin.py:188} INFO - [2024-04-27T00:13:48.129+0000] {dag.py:3954} INFO - Setting next_dagrun for welcome_dag to 2024-04-26 23:00:00+00:00, run_after=2024-04-27 23:00:00+00:00
[2024-04-27T00:13:48.195+0000] {processor.py:183} INFO - Processing /opt/airflow/dags/welcome_dag.py took 0.161 seconds
[2024-04-27T00:14:19.435+0000] {processor.py:161} INFO - Started process (PID=82) to work on /opt/airflow/dags/welcome_dag.py
[2024-04-27T00:14:19.436+0000] {processor.py:830} INFO - Processing file /opt/airflow/dags/welcome_dag.py for tasks to queue
[2024-04-27T00:14:19.439+0000] {logging_mixin.py:188} INFO - [2024-04-27T00:14:19.439+0000] {dagbag.py:540} INFO - Filling up the DagBag from /opt/airflow/dags/welcome_dag.py
[2024-04-27T00:14:19.469+0000] {processor.py:840} INFO - DAG(s) 'welcome_dag' retrieved from /opt/airflow/dags/welcome_dag.py
[2024-04-27T00:14:19.500+0000] {logging_mixin.py:188} INFO - [2024-04-27T00:14:19.499+0000] {dag.py:3096} INFO - Sync 1 DAGs
[2024-04-27T00:14:19.528+0000] {logging_mixin.py:188} INFO - [2024-04-27T00:14:19.527+0000] {dag.py:3954} INFO - Setting next_dagrun for welcome_dag to 2024-04-26 23:00:00+00:00, run_after=2024-04-27 23:00:00+00:00
[2024-04-27T00:14:19.593+0000] {processor.py:183} INFO - Processing /opt/airflow/dags/welcome_dag.py took 0.164 seconds
[2024-04-27T00:14:50.893+0000] {processor.py:161} INFO - Started process (PID=85) to work on /opt/airflow/dags/welcome_dag.py
[2024-04-27T00:14:50.894+0000] {processor.py:830} INFO - Processing file /opt/airflow/dags/welcome_dag.py for tasks to queue
[2024-04-27T00:14:50.897+0000] {logging_mixin.py:188} INFO - [2024-04-27T00:14:50.896+0000] {dagbag.py:540} INFO - Filling up the DagBag from /opt/airflow/dags/welcome_dag.py
[2024-04-27T00:14:50.921+0000] {processor.py:840} INFO - DAG(s) 'welcome_dag' retrieved from /opt/airflow/dags/welcome_dag.py
[2024-04-27T00:14:50.950+0000] {logging_mixin.py:188} INFO - [2024-04-27T00:14:50.950+0000] {dag.py:3096} INFO - Sync 1 DAGs
[2024-04-27T00:14:50.982+0000] {logging_mixin.py:188} INFO - [2024-04-27T00:14:50.982+0000] {dag.py:3954} INFO - Setting next_dagrun for welcome_dag to 2024-04-26 23:00:00+00:00, run_after=2024-04-27 23:00:00+00:00
[2024-04-27T00:14:51.046+0000] {processor.py:183} INFO - Processing /opt/airflow/dags/welcome_dag.py took 0.158 seconds
[2024-04-27T00:15:22.266+0000] {processor.py:161} INFO - Started process (PID=88) to work on /opt/airflow/dags/welcome_dag.py
[2024-04-27T00:15:22.267+0000] {processor.py:830} INFO - Processing file /opt/airflow/dags/welcome_dag.py for tasks to queue
[2024-04-27T00:15:22.269+0000] {logging_mixin.py:188} INFO - [2024-04-27T00:15:22.269+0000] {dagbag.py:540} INFO - Filling up the DagBag from /opt/airflow/dags/welcome_dag.py
[2024-04-27T00:15:22.301+0000] {processor.py:840} INFO - DAG(s) 'welcome_dag' retrieved from /opt/airflow/dags/welcome_dag.py
[2024-04-27T00:15:22.337+0000] {logging_mixin.py:188} INFO - [2024-04-27T00:15:22.337+0000] {dag.py:3096} INFO - Sync 1 DAGs
[2024-04-27T00:15:22.380+0000] {logging_mixin.py:188} INFO - [2024-04-27T00:15:22.380+0000] {dag.py:3954} INFO - Setting next_dagrun for welcome_dag to 2024-04-26 23:00:00+00:00, run_after=2024-04-27 23:00:00+00:00
[2024-04-27T00:15:22.475+0000] {processor.py:183} INFO - Processing /opt/airflow/dags/welcome_dag.py took 0.218 seconds
[2024-04-27T00:15:53.627+0000] {processor.py:161} INFO - Started process (PID=91) to work on /opt/airflow/dags/welcome_dag.py
[2024-04-27T00:15:53.628+0000] {processor.py:830} INFO - Processing file /opt/airflow/dags/welcome_dag.py for tasks to queue
[2024-04-27T00:15:53.630+0000] {logging_mixin.py:188} INFO - [2024-04-27T00:15:53.630+0000] {dagbag.py:540} INFO - Filling up the DagBag from /opt/airflow/dags/welcome_dag.py
[2024-04-27T00:15:53.656+0000] {processor.py:840} INFO - DAG(s) 'welcome_dag' retrieved from /opt/airflow/dags/welcome_dag.py
[2024-04-27T00:15:53.686+0000] {logging_mixin.py:188} INFO - [2024-04-27T00:15:53.686+0000] {dag.py:3096} INFO - Sync 1 DAGs
[2024-04-27T00:15:53.714+0000] {logging_mixin.py:188} INFO - [2024-04-27T00:15:53.714+0000] {dag.py:3954} INFO - Setting next_dagrun for welcome_dag to 2024-04-26 23:00:00+00:00, run_after=2024-04-27 23:00:00+00:00
[2024-04-27T00:15:53.779+0000] {processor.py:183} INFO - Processing /opt/airflow/dags/welcome_dag.py took 0.159 seconds
[2024-04-27T00:16:24.922+0000] {processor.py:161} INFO - Started process (PID=94) to work on /opt/airflow/dags/welcome_dag.py
[2024-04-27T00:16:24.923+0000] {processor.py:830} INFO - Processing file /opt/airflow/dags/welcome_dag.py for tasks to queue
[2024-04-27T00:16:24.926+0000] {logging_mixin.py:188} INFO - [2024-04-27T00:16:24.925+0000] {dagbag.py:540} INFO - Filling up the DagBag from /opt/airflow/dags/welcome_dag.py
[2024-04-27T00:16:24.951+0000] {processor.py:840} INFO - DAG(s) 'welcome_dag' retrieved from /opt/airflow/dags/welcome_dag.py
[2024-04-27T00:16:24.981+0000] {logging_mixin.py:188} INFO - [2024-04-27T00:16:24.980+0000] {dag.py:3096} INFO - Sync 1 DAGs
[2024-04-27T00:16:25.008+0000] {logging_mixin.py:188} INFO - [2024-04-27T00:16:25.007+0000] {dag.py:3954} INFO - Setting next_dagrun for welcome_dag to 2024-04-26 23:00:00+00:00, run_after=2024-04-27 23:00:00+00:00
[2024-04-27T00:16:25.073+0000] {processor.py:183} INFO - Processing /opt/airflow/dags/welcome_dag.py took 0.160 seconds
[2024-04-27T00:16:55.978+0000] {processor.py:161} INFO - Started process (PID=97) to work on /opt/airflow/dags/welcome_dag.py
[2024-04-27T00:16:55.979+0000] {processor.py:830} INFO - Processing file /opt/airflow/dags/welcome_dag.py for tasks to queue
[2024-04-27T00:16:55.981+0000] {logging_mixin.py:188} INFO - [2024-04-27T00:16:55.981+0000] {dagbag.py:540} INFO - Filling up the DagBag from /opt/airflow/dags/welcome_dag.py
[2024-04-27T00:16:56.015+0000] {processor.py:840} INFO - DAG(s) 'welcome_dag' retrieved from /opt/airflow/dags/welcome_dag.py
[2024-04-27T00:16:56.078+0000] {logging_mixin.py:188} INFO - [2024-04-27T00:16:56.078+0000] {dag.py:3096} INFO - Sync 1 DAGs
[2024-04-27T00:16:56.116+0000] {logging_mixin.py:188} INFO - [2024-04-27T00:16:56.116+0000] {dag.py:3954} INFO - Setting next_dagrun for welcome_dag to 2024-04-26 23:00:00+00:00, run_after=2024-04-27 23:00:00+00:00
[2024-04-27T00:16:56.185+0000] {processor.py:183} INFO - Processing /opt/airflow/dags/welcome_dag.py took 0.215 seconds
[2024-04-27T00:17:27.746+0000] {processor.py:161} INFO - Started process (PID=100) to work on /opt/airflow/dags/welcome_dag.py
[2024-04-27T00:17:27.747+0000] {processor.py:830} INFO - Processing file /opt/airflow/dags/welcome_dag.py for tasks to queue
[2024-04-27T00:17:27.751+0000] {logging_mixin.py:188} INFO - [2024-04-27T00:17:27.751+0000] {dagbag.py:540} INFO - Filling up the DagBag from /opt/airflow/dags/welcome_dag.py
[2024-04-27T00:17:27.788+0000] {processor.py:840} INFO - DAG(s) 'welcome_dag' retrieved from /opt/airflow/dags/welcome_dag.py
[2024-04-27T00:17:27.846+0000] {logging_mixin.py:188} INFO - [2024-04-27T00:17:27.846+0000] {dag.py:3096} INFO - Sync 1 DAGs
[2024-04-27T00:17:27.881+0000] {logging_mixin.py:188} INFO - [2024-04-27T00:17:27.881+0000] {dag.py:3954} INFO - Setting next_dagrun for welcome_dag to 2024-04-26 23:00:00+00:00, run_after=2024-04-27 23:00:00+00:00
[2024-04-27T00:17:27.944+0000] {processor.py:183} INFO - Processing /opt/airflow/dags/welcome_dag.py took 0.211 seconds
[2024-04-27T00:20:22.130+0000] {processor.py:161} INFO - Started process (PID=43) to work on /opt/airflow/dags/welcome_dag.py
[2024-04-27T00:20:22.133+0000] {processor.py:830} INFO - Processing file /opt/airflow/dags/welcome_dag.py for tasks to queue
[2024-04-27T00:20:22.135+0000] {logging_mixin.py:188} INFO - [2024-04-27T00:20:22.135+0000] {dagbag.py:540} INFO - Filling up the DagBag from /opt/airflow/dags/welcome_dag.py
[2024-04-27T00:20:22.163+0000] {processor.py:840} INFO - DAG(s) 'welcome_dag' retrieved from /opt/airflow/dags/welcome_dag.py
[2024-04-27T00:20:22.178+0000] {logging_mixin.py:188} INFO - [2024-04-27T00:20:22.178+0000] {dag.py:3096} INFO - Sync 1 DAGs
[2024-04-27T00:20:22.211+0000] {logging_mixin.py:188} INFO - [2024-04-27T00:20:22.211+0000] {dag.py:3954} INFO - Setting next_dagrun for welcome_dag to 2024-04-26 23:00:00+00:00, run_after=2024-04-27 23:00:00+00:00
[2024-04-27T00:20:22.296+0000] {processor.py:183} INFO - Processing /opt/airflow/dags/welcome_dag.py took 0.173 seconds
[2024-04-27T00:20:53.823+0000] {processor.py:161} INFO - Started process (PID=50) to work on /opt/airflow/dags/welcome_dag.py
[2024-04-27T00:20:53.825+0000] {processor.py:830} INFO - Processing file /opt/airflow/dags/welcome_dag.py for tasks to queue
[2024-04-27T00:20:53.830+0000] {logging_mixin.py:188} INFO - [2024-04-27T00:20:53.827+0000] {dagbag.py:540} INFO - Filling up the DagBag from /opt/airflow/dags/welcome_dag.py
[2024-04-27T00:20:53.877+0000] {processor.py:840} INFO - DAG(s) 'welcome_dag' retrieved from /opt/airflow/dags/welcome_dag.py
[2024-04-27T00:20:54.024+0000] {logging_mixin.py:188} INFO - [2024-04-27T00:20:54.024+0000] {dag.py:3096} INFO - Sync 1 DAGs
[2024-04-27T00:20:54.053+0000] {logging_mixin.py:188} INFO - [2024-04-27T00:20:54.053+0000] {dag.py:3954} INFO - Setting next_dagrun for welcome_dag to 2024-04-26 23:00:00+00:00, run_after=2024-04-27 23:00:00+00:00
[2024-04-27T00:20:54.117+0000] {processor.py:183} INFO - Processing /opt/airflow/dags/welcome_dag.py took 0.299 seconds
[2024-04-27T00:21:25.573+0000] {processor.py:161} INFO - Started process (PID=53) to work on /opt/airflow/dags/welcome_dag.py
[2024-04-27T00:21:25.574+0000] {processor.py:830} INFO - Processing file /opt/airflow/dags/welcome_dag.py for tasks to queue
[2024-04-27T00:21:25.576+0000] {logging_mixin.py:188} INFO - [2024-04-27T00:21:25.575+0000] {dagbag.py:540} INFO - Filling up the DagBag from /opt/airflow/dags/welcome_dag.py
[2024-04-27T00:21:25.605+0000] {processor.py:840} INFO - DAG(s) 'welcome_dag' retrieved from /opt/airflow/dags/welcome_dag.py
[2024-04-27T00:21:25.644+0000] {logging_mixin.py:188} INFO - [2024-04-27T00:21:25.643+0000] {dag.py:3096} INFO - Sync 1 DAGs
[2024-04-27T00:21:25.676+0000] {logging_mixin.py:188} INFO - [2024-04-27T00:21:25.675+0000] {dag.py:3954} INFO - Setting next_dagrun for welcome_dag to 2024-04-26 23:00:00+00:00, run_after=2024-04-27 23:00:00+00:00
[2024-04-27T00:21:25.747+0000] {processor.py:183} INFO - Processing /opt/airflow/dags/welcome_dag.py took 0.181 seconds
[2024-04-27T00:21:57.208+0000] {processor.py:161} INFO - Started process (PID=56) to work on /opt/airflow/dags/welcome_dag.py
[2024-04-27T00:21:57.209+0000] {processor.py:830} INFO - Processing file /opt/airflow/dags/welcome_dag.py for tasks to queue
[2024-04-27T00:21:57.213+0000] {logging_mixin.py:188} INFO - [2024-04-27T00:21:57.212+0000] {dagbag.py:540} INFO - Filling up the DagBag from /opt/airflow/dags/welcome_dag.py
[2024-04-27T00:21:57.240+0000] {processor.py:840} INFO - DAG(s) 'welcome_dag' retrieved from /opt/airflow/dags/welcome_dag.py
[2024-04-27T00:21:57.270+0000] {logging_mixin.py:188} INFO - [2024-04-27T00:21:57.270+0000] {dag.py:3096} INFO - Sync 1 DAGs
[2024-04-27T00:21:57.298+0000] {logging_mixin.py:188} INFO - [2024-04-27T00:21:57.297+0000] {dag.py:3954} INFO - Setting next_dagrun for welcome_dag to 2024-04-26 23:00:00+00:00, run_after=2024-04-27 23:00:00+00:00
[2024-04-27T00:21:57.365+0000] {processor.py:183} INFO - Processing /opt/airflow/dags/welcome_dag.py took 0.162 seconds
[2024-04-27T00:33:29.746+0000] {processor.py:161} INFO - Started process (PID=43) to work on /opt/airflow/dags/welcome_dag.py
[2024-04-27T00:33:29.748+0000] {processor.py:830} INFO - Processing file /opt/airflow/dags/welcome_dag.py for tasks to queue
[2024-04-27T00:33:29.751+0000] {logging_mixin.py:188} INFO - [2024-04-27T00:33:29.750+0000] {dagbag.py:540} INFO - Filling up the DagBag from /opt/airflow/dags/welcome_dag.py
[2024-04-27T00:33:29.777+0000] {processor.py:840} INFO - DAG(s) 'welcome_dag' retrieved from /opt/airflow/dags/welcome_dag.py
[2024-04-27T00:33:29.790+0000] {logging_mixin.py:188} INFO - [2024-04-27T00:33:29.790+0000] {dag.py:3096} INFO - Sync 1 DAGs
[2024-04-27T00:33:29.821+0000] {logging_mixin.py:188} INFO - [2024-04-27T00:33:29.821+0000] {dag.py:3954} INFO - Setting next_dagrun for welcome_dag to 2024-04-26 23:00:00+00:00, run_after=2024-04-27 23:00:00+00:00
[2024-04-27T00:33:29.911+0000] {processor.py:183} INFO - Processing /opt/airflow/dags/welcome_dag.py took 0.171 seconds
[2024-04-27T00:34:02.105+0000] {processor.py:161} INFO - Started process (PID=60) to work on /opt/airflow/dags/welcome_dag.py
[2024-04-27T00:34:02.106+0000] {processor.py:830} INFO - Processing file /opt/airflow/dags/welcome_dag.py for tasks to queue
[2024-04-27T00:34:02.109+0000] {logging_mixin.py:188} INFO - [2024-04-27T00:34:02.108+0000] {dagbag.py:540} INFO - Filling up the DagBag from /opt/airflow/dags/welcome_dag.py
[2024-04-27T00:34:02.151+0000] {processor.py:840} INFO - DAG(s) 'welcome_dag' retrieved from /opt/airflow/dags/welcome_dag.py
[2024-04-27T00:34:02.305+0000] {logging_mixin.py:188} INFO - [2024-04-27T00:34:02.304+0000] {dag.py:3096} INFO - Sync 1 DAGs
[2024-04-27T00:34:02.338+0000] {logging_mixin.py:188} INFO - [2024-04-27T00:34:02.337+0000] {dag.py:3954} INFO - Setting next_dagrun for welcome_dag to 2024-04-26 23:00:00+00:00, run_after=2024-04-27 23:00:00+00:00
[2024-04-27T00:34:02.416+0000] {processor.py:183} INFO - Processing /opt/airflow/dags/welcome_dag.py took 0.317 seconds
[2024-04-27T00:34:34.029+0000] {processor.py:161} INFO - Started process (PID=80) to work on /opt/airflow/dags/welcome_dag.py
[2024-04-27T00:34:34.030+0000] {processor.py:830} INFO - Processing file /opt/airflow/dags/welcome_dag.py for tasks to queue
[2024-04-27T00:34:34.033+0000] {logging_mixin.py:188} INFO - [2024-04-27T00:34:34.032+0000] {dagbag.py:540} INFO - Filling up the DagBag from /opt/airflow/dags/welcome_dag.py
[2024-04-27T00:34:34.055+0000] {processor.py:840} INFO - DAG(s) 'welcome_dag' retrieved from /opt/airflow/dags/welcome_dag.py
[2024-04-27T00:34:34.088+0000] {logging_mixin.py:188} INFO - [2024-04-27T00:34:34.088+0000] {dag.py:3096} INFO - Sync 1 DAGs
[2024-04-27T00:34:34.118+0000] {logging_mixin.py:188} INFO - [2024-04-27T00:34:34.118+0000] {dag.py:3954} INFO - Setting next_dagrun for welcome_dag to 2024-04-26 23:00:00+00:00, run_after=2024-04-27 23:00:00+00:00
[2024-04-27T00:34:34.210+0000] {processor.py:183} INFO - Processing /opt/airflow/dags/welcome_dag.py took 0.186 seconds
[2024-04-27T00:35:05.592+0000] {processor.py:161} INFO - Started process (PID=83) to work on /opt/airflow/dags/welcome_dag.py
[2024-04-27T00:35:05.593+0000] {processor.py:830} INFO - Processing file /opt/airflow/dags/welcome_dag.py for tasks to queue
[2024-04-27T00:35:05.595+0000] {logging_mixin.py:188} INFO - [2024-04-27T00:35:05.595+0000] {dagbag.py:540} INFO - Filling up the DagBag from /opt/airflow/dags/welcome_dag.py
[2024-04-27T00:35:05.621+0000] {processor.py:840} INFO - DAG(s) 'welcome_dag' retrieved from /opt/airflow/dags/welcome_dag.py
[2024-04-27T00:35:05.657+0000] {logging_mixin.py:188} INFO - [2024-04-27T00:35:05.657+0000] {dag.py:3096} INFO - Sync 1 DAGs
[2024-04-27T00:35:05.687+0000] {logging_mixin.py:188} INFO - [2024-04-27T00:35:05.686+0000] {dag.py:3954} INFO - Setting next_dagrun for welcome_dag to 2024-04-26 23:00:00+00:00, run_after=2024-04-27 23:00:00+00:00
[2024-04-27T00:35:05.908+0000] {processor.py:183} INFO - Processing /opt/airflow/dags/welcome_dag.py took 0.325 seconds
[2024-04-27T00:35:36.180+0000] {processor.py:161} INFO - Started process (PID=103) to work on /opt/airflow/dags/welcome_dag.py
[2024-04-27T00:35:36.181+0000] {processor.py:830} INFO - Processing file /opt/airflow/dags/welcome_dag.py for tasks to queue
[2024-04-27T00:35:36.184+0000] {logging_mixin.py:188} INFO - [2024-04-27T00:35:36.184+0000] {dagbag.py:540} INFO - Filling up the DagBag from /opt/airflow/dags/welcome_dag.py
[2024-04-27T00:35:36.214+0000] {processor.py:840} INFO - DAG(s) 'welcome_dag' retrieved from /opt/airflow/dags/welcome_dag.py
[2024-04-27T00:35:36.255+0000] {logging_mixin.py:188} INFO - [2024-04-27T00:35:36.254+0000] {dag.py:3096} INFO - Sync 1 DAGs
[2024-04-27T00:35:36.289+0000] {logging_mixin.py:188} INFO - [2024-04-27T00:35:36.288+0000] {dag.py:3954} INFO - Setting next_dagrun for welcome_dag to 2024-04-26 23:00:00+00:00, run_after=2024-04-27 23:00:00+00:00
[2024-04-27T00:35:36.363+0000] {processor.py:183} INFO - Processing /opt/airflow/dags/welcome_dag.py took 0.190 seconds
[2024-04-27T00:36:07.660+0000] {processor.py:161} INFO - Started process (PID=106) to work on /opt/airflow/dags/welcome_dag.py
[2024-04-27T00:36:07.661+0000] {processor.py:830} INFO - Processing file /opt/airflow/dags/welcome_dag.py for tasks to queue
[2024-04-27T00:36:07.665+0000] {logging_mixin.py:188} INFO - [2024-04-27T00:36:07.664+0000] {dagbag.py:540} INFO - Filling up the DagBag from /opt/airflow/dags/welcome_dag.py
[2024-04-27T00:36:07.694+0000] {processor.py:840} INFO - DAG(s) 'welcome_dag' retrieved from /opt/airflow/dags/welcome_dag.py
[2024-04-27T00:36:07.728+0000] {logging_mixin.py:188} INFO - [2024-04-27T00:36:07.728+0000] {dag.py:3096} INFO - Sync 1 DAGs
[2024-04-27T00:36:07.758+0000] {logging_mixin.py:188} INFO - [2024-04-27T00:36:07.758+0000] {dag.py:3954} INFO - Setting next_dagrun for welcome_dag to 2024-04-26 23:00:00+00:00, run_after=2024-04-27 23:00:00+00:00
[2024-04-27T00:36:07.827+0000] {processor.py:183} INFO - Processing /opt/airflow/dags/welcome_dag.py took 0.180 seconds
[2024-04-27T00:36:39.044+0000] {processor.py:161} INFO - Started process (PID=109) to work on /opt/airflow/dags/welcome_dag.py
[2024-04-27T00:36:39.046+0000] {processor.py:830} INFO - Processing file /opt/airflow/dags/welcome_dag.py for tasks to queue
[2024-04-27T00:36:39.050+0000] {logging_mixin.py:188} INFO - [2024-04-27T00:36:39.049+0000] {dagbag.py:540} INFO - Filling up the DagBag from /opt/airflow/dags/welcome_dag.py
[2024-04-27T00:36:39.087+0000] {processor.py:840} INFO - DAG(s) 'welcome_dag' retrieved from /opt/airflow/dags/welcome_dag.py
[2024-04-27T00:36:39.137+0000] {logging_mixin.py:188} INFO - [2024-04-27T00:36:39.137+0000] {dag.py:3096} INFO - Sync 1 DAGs
[2024-04-27T00:36:39.187+0000] {logging_mixin.py:188} INFO - [2024-04-27T00:36:39.187+0000] {dag.py:3954} INFO - Setting next_dagrun for welcome_dag to 2024-04-26 23:00:00+00:00, run_after=2024-04-27 23:00:00+00:00
[2024-04-27T00:36:39.256+0000] {processor.py:183} INFO - Processing /opt/airflow/dags/welcome_dag.py took 0.222 seconds
[2024-04-27T00:37:14.960+0000] {processor.py:161} INFO - Started process (PID=112) to work on /opt/airflow/dags/welcome_dag.py
[2024-04-27T00:37:14.965+0000] {processor.py:830} INFO - Processing file /opt/airflow/dags/welcome_dag.py for tasks to queue
[2024-04-27T00:37:14.974+0000] {logging_mixin.py:188} INFO - [2024-04-27T00:37:14.974+0000] {dagbag.py:540} INFO - Filling up the DagBag from /opt/airflow/dags/welcome_dag.py
[2024-04-27T00:37:15.128+0000] {processor.py:840} INFO - DAG(s) 'welcome_dag' retrieved from /opt/airflow/dags/welcome_dag.py
[2024-04-27T00:37:15.279+0000] {logging_mixin.py:188} INFO - [2024-04-27T00:37:15.279+0000] {dag.py:3096} INFO - Sync 1 DAGs
[2024-04-27T00:37:15.389+0000] {logging_mixin.py:188} INFO - [2024-04-27T00:37:15.388+0000] {dag.py:3954} INFO - Setting next_dagrun for welcome_dag to 2024-04-26 23:00:00+00:00, run_after=2024-04-27 23:00:00+00:00
[2024-04-27T00:37:15.781+0000] {processor.py:183} INFO - Processing /opt/airflow/dags/welcome_dag.py took 0.831 seconds
[2024-04-27T00:37:45.927+0000] {processor.py:161} INFO - Started process (PID=115) to work on /opt/airflow/dags/welcome_dag.py
[2024-04-27T00:37:45.928+0000] {processor.py:830} INFO - Processing file /opt/airflow/dags/welcome_dag.py for tasks to queue
[2024-04-27T00:37:45.930+0000] {logging_mixin.py:188} INFO - [2024-04-27T00:37:45.929+0000] {dagbag.py:540} INFO - Filling up the DagBag from /opt/airflow/dags/welcome_dag.py
[2024-04-27T00:37:45.956+0000] {processor.py:840} INFO - DAG(s) 'welcome_dag' retrieved from /opt/airflow/dags/welcome_dag.py
[2024-04-27T00:37:45.990+0000] {logging_mixin.py:188} INFO - [2024-04-27T00:37:45.989+0000] {dag.py:3096} INFO - Sync 1 DAGs
[2024-04-27T00:37:46.020+0000] {logging_mixin.py:188} INFO - [2024-04-27T00:37:46.019+0000] {dag.py:3954} INFO - Setting next_dagrun for welcome_dag to 2024-04-26 23:00:00+00:00, run_after=2024-04-27 23:00:00+00:00
[2024-04-27T00:37:46.099+0000] {processor.py:183} INFO - Processing /opt/airflow/dags/welcome_dag.py took 0.179 seconds
[2024-04-27T00:38:17.452+0000] {processor.py:161} INFO - Started process (PID=118) to work on /opt/airflow/dags/welcome_dag.py
[2024-04-27T00:38:17.453+0000] {processor.py:830} INFO - Processing file /opt/airflow/dags/welcome_dag.py for tasks to queue
[2024-04-27T00:38:17.456+0000] {logging_mixin.py:188} INFO - [2024-04-27T00:38:17.455+0000] {dagbag.py:540} INFO - Filling up the DagBag from /opt/airflow/dags/welcome_dag.py
[2024-04-27T00:38:17.487+0000] {processor.py:840} INFO - DAG(s) 'welcome_dag' retrieved from /opt/airflow/dags/welcome_dag.py
[2024-04-27T00:38:17.524+0000] {logging_mixin.py:188} INFO - [2024-04-27T00:38:17.523+0000] {dag.py:3096} INFO - Sync 1 DAGs
[2024-04-27T00:38:17.602+0000] {logging_mixin.py:188} INFO - [2024-04-27T00:38:17.602+0000] {dag.py:3954} INFO - Setting next_dagrun for welcome_dag to 2024-04-26 23:00:00+00:00, run_after=2024-04-27 23:00:00+00:00
[2024-04-27T00:38:17.729+0000] {processor.py:183} INFO - Processing /opt/airflow/dags/welcome_dag.py took 0.284 seconds
[2024-04-27T00:38:49.072+0000] {processor.py:161} INFO - Started process (PID=121) to work on /opt/airflow/dags/welcome_dag.py
[2024-04-27T00:38:49.073+0000] {processor.py:830} INFO - Processing file /opt/airflow/dags/welcome_dag.py for tasks to queue
[2024-04-27T00:38:49.075+0000] {logging_mixin.py:188} INFO - [2024-04-27T00:38:49.074+0000] {dagbag.py:540} INFO - Filling up the DagBag from /opt/airflow/dags/welcome_dag.py
[2024-04-27T00:38:49.099+0000] {processor.py:840} INFO - DAG(s) 'welcome_dag' retrieved from /opt/airflow/dags/welcome_dag.py
[2024-04-27T00:38:49.131+0000] {logging_mixin.py:188} INFO - [2024-04-27T00:38:49.131+0000] {dag.py:3096} INFO - Sync 1 DAGs
[2024-04-27T00:38:49.160+0000] {logging_mixin.py:188} INFO - [2024-04-27T00:38:49.160+0000] {dag.py:3954} INFO - Setting next_dagrun for welcome_dag to 2024-04-26 23:00:00+00:00, run_after=2024-04-27 23:00:00+00:00
[2024-04-27T00:38:49.235+0000] {processor.py:183} INFO - Processing /opt/airflow/dags/welcome_dag.py took 0.169 seconds
[2024-04-27T00:39:21.110+0000] {processor.py:161} INFO - Started process (PID=124) to work on /opt/airflow/dags/welcome_dag.py
[2024-04-27T00:39:21.111+0000] {processor.py:830} INFO - Processing file /opt/airflow/dags/welcome_dag.py for tasks to queue
[2024-04-27T00:39:21.113+0000] {logging_mixin.py:188} INFO - [2024-04-27T00:39:21.112+0000] {dagbag.py:540} INFO - Filling up the DagBag from /opt/airflow/dags/welcome_dag.py
[2024-04-27T00:39:21.136+0000] {processor.py:840} INFO - DAG(s) 'welcome_dag' retrieved from /opt/airflow/dags/welcome_dag.py
[2024-04-27T00:39:21.167+0000] {logging_mixin.py:188} INFO - [2024-04-27T00:39:21.166+0000] {dag.py:3096} INFO - Sync 1 DAGs
[2024-04-27T00:39:21.195+0000] {logging_mixin.py:188} INFO - [2024-04-27T00:39:21.195+0000] {dag.py:3954} INFO - Setting next_dagrun for welcome_dag to 2024-04-26 23:00:00+00:00, run_after=2024-04-27 23:00:00+00:00
[2024-04-27T00:39:21.273+0000] {processor.py:183} INFO - Processing /opt/airflow/dags/welcome_dag.py took 0.168 seconds
[2024-04-27T00:39:51.968+0000] {processor.py:161} INFO - Started process (PID=127) to work on /opt/airflow/dags/welcome_dag.py
[2024-04-27T00:39:51.970+0000] {processor.py:830} INFO - Processing file /opt/airflow/dags/welcome_dag.py for tasks to queue
[2024-04-27T00:39:51.973+0000] {logging_mixin.py:188} INFO - [2024-04-27T00:39:51.972+0000] {dagbag.py:540} INFO - Filling up the DagBag from /opt/airflow/dags/welcome_dag.py
[2024-04-27T00:39:51.997+0000] {processor.py:840} INFO - DAG(s) 'welcome_dag' retrieved from /opt/airflow/dags/welcome_dag.py
[2024-04-27T00:39:52.030+0000] {logging_mixin.py:188} INFO - [2024-04-27T00:39:52.030+0000] {dag.py:3096} INFO - Sync 1 DAGs
[2024-04-27T00:39:52.058+0000] {logging_mixin.py:188} INFO - [2024-04-27T00:39:52.058+0000] {dag.py:3954} INFO - Setting next_dagrun for welcome_dag to 2024-04-26 23:00:00+00:00, run_after=2024-04-27 23:00:00+00:00
[2024-04-27T00:39:52.130+0000] {processor.py:183} INFO - Processing /opt/airflow/dags/welcome_dag.py took 0.168 seconds
[2024-04-27T00:40:24.110+0000] {processor.py:161} INFO - Started process (PID=130) to work on /opt/airflow/dags/welcome_dag.py
[2024-04-27T00:40:24.111+0000] {processor.py:830} INFO - Processing file /opt/airflow/dags/welcome_dag.py for tasks to queue
[2024-04-27T00:40:24.113+0000] {logging_mixin.py:188} INFO - [2024-04-27T00:40:24.113+0000] {dagbag.py:540} INFO - Filling up the DagBag from /opt/airflow/dags/welcome_dag.py
[2024-04-27T00:40:24.141+0000] {processor.py:840} INFO - DAG(s) 'welcome_dag' retrieved from /opt/airflow/dags/welcome_dag.py
[2024-04-27T00:40:24.172+0000] {logging_mixin.py:188} INFO - [2024-04-27T00:40:24.172+0000] {dag.py:3096} INFO - Sync 1 DAGs
[2024-04-27T00:40:24.206+0000] {logging_mixin.py:188} INFO - [2024-04-27T00:40:24.205+0000] {dag.py:3954} INFO - Setting next_dagrun for welcome_dag to 2024-04-26 23:00:00+00:00, run_after=2024-04-27 23:00:00+00:00
[2024-04-27T00:40:24.311+0000] {processor.py:183} INFO - Processing /opt/airflow/dags/welcome_dag.py took 0.209 seconds
[2024-04-27T00:40:56.133+0000] {processor.py:161} INFO - Started process (PID=133) to work on /opt/airflow/dags/welcome_dag.py
[2024-04-27T00:40:56.135+0000] {processor.py:830} INFO - Processing file /opt/airflow/dags/welcome_dag.py for tasks to queue
[2024-04-27T00:40:56.138+0000] {logging_mixin.py:188} INFO - [2024-04-27T00:40:56.138+0000] {dagbag.py:540} INFO - Filling up the DagBag from /opt/airflow/dags/welcome_dag.py
[2024-04-27T00:40:56.172+0000] {processor.py:840} INFO - DAG(s) 'welcome_dag' retrieved from /opt/airflow/dags/welcome_dag.py
[2024-04-27T00:40:56.235+0000] {logging_mixin.py:188} INFO - [2024-04-27T00:40:56.234+0000] {dag.py:3096} INFO - Sync 1 DAGs
[2024-04-27T00:40:56.318+0000] {logging_mixin.py:188} INFO - [2024-04-27T00:40:56.317+0000] {dag.py:3954} INFO - Setting next_dagrun for welcome_dag to 2024-04-26 23:00:00+00:00, run_after=2024-04-27 23:00:00+00:00
[2024-04-27T00:40:56.431+0000] {processor.py:183} INFO - Processing /opt/airflow/dags/welcome_dag.py took 0.311 seconds
[2024-04-27T00:41:27.702+0000] {processor.py:161} INFO - Started process (PID=136) to work on /opt/airflow/dags/welcome_dag.py
[2024-04-27T00:41:27.703+0000] {processor.py:830} INFO - Processing file /opt/airflow/dags/welcome_dag.py for tasks to queue
[2024-04-27T00:41:27.705+0000] {logging_mixin.py:188} INFO - [2024-04-27T00:41:27.704+0000] {dagbag.py:540} INFO - Filling up the DagBag from /opt/airflow/dags/welcome_dag.py
[2024-04-27T00:41:27.733+0000] {processor.py:840} INFO - DAG(s) 'welcome_dag' retrieved from /opt/airflow/dags/welcome_dag.py
[2024-04-27T00:41:27.771+0000] {logging_mixin.py:188} INFO - [2024-04-27T00:41:27.771+0000] {dag.py:3096} INFO - Sync 1 DAGs
[2024-04-27T00:41:27.805+0000] {logging_mixin.py:188} INFO - [2024-04-27T00:41:27.805+0000] {dag.py:3954} INFO - Setting next_dagrun for welcome_dag to 2024-04-26 23:00:00+00:00, run_after=2024-04-27 23:00:00+00:00
[2024-04-27T00:41:27.887+0000] {processor.py:183} INFO - Processing /opt/airflow/dags/welcome_dag.py took 0.193 seconds
[2024-04-27T00:41:59.152+0000] {processor.py:161} INFO - Started process (PID=139) to work on /opt/airflow/dags/welcome_dag.py
[2024-04-27T00:41:59.153+0000] {processor.py:830} INFO - Processing file /opt/airflow/dags/welcome_dag.py for tasks to queue
[2024-04-27T00:41:59.156+0000] {logging_mixin.py:188} INFO - [2024-04-27T00:41:59.156+0000] {dagbag.py:540} INFO - Filling up the DagBag from /opt/airflow/dags/welcome_dag.py
[2024-04-27T00:41:59.184+0000] {processor.py:840} INFO - DAG(s) 'welcome_dag' retrieved from /opt/airflow/dags/welcome_dag.py
[2024-04-27T00:41:59.229+0000] {logging_mixin.py:188} INFO - [2024-04-27T00:41:59.228+0000] {dag.py:3096} INFO - Sync 1 DAGs
[2024-04-27T00:41:59.271+0000] {logging_mixin.py:188} INFO - [2024-04-27T00:41:59.270+0000] {dag.py:3954} INFO - Setting next_dagrun for welcome_dag to 2024-04-26 23:00:00+00:00, run_after=2024-04-27 23:00:00+00:00
[2024-04-27T00:41:59.346+0000] {processor.py:183} INFO - Processing /opt/airflow/dags/welcome_dag.py took 0.202 seconds
[2024-04-27T00:42:30.278+0000] {processor.py:161} INFO - Started process (PID=142) to work on /opt/airflow/dags/welcome_dag.py
[2024-04-27T00:42:30.280+0000] {processor.py:830} INFO - Processing file /opt/airflow/dags/welcome_dag.py for tasks to queue
[2024-04-27T00:42:30.282+0000] {logging_mixin.py:188} INFO - [2024-04-27T00:42:30.281+0000] {dagbag.py:540} INFO - Filling up the DagBag from /opt/airflow/dags/welcome_dag.py
[2024-04-27T00:42:30.305+0000] {processor.py:840} INFO - DAG(s) 'welcome_dag' retrieved from /opt/airflow/dags/welcome_dag.py
[2024-04-27T00:42:30.336+0000] {logging_mixin.py:188} INFO - [2024-04-27T00:42:30.335+0000] {dag.py:3096} INFO - Sync 1 DAGs
[2024-04-27T00:42:30.364+0000] {logging_mixin.py:188} INFO - [2024-04-27T00:42:30.364+0000] {dag.py:3954} INFO - Setting next_dagrun for welcome_dag to 2024-04-26 23:00:00+00:00, run_after=2024-04-27 23:00:00+00:00
[2024-04-27T00:42:30.431+0000] {processor.py:183} INFO - Processing /opt/airflow/dags/welcome_dag.py took 0.159 seconds
[2024-04-27T00:43:02.200+0000] {processor.py:161} INFO - Started process (PID=145) to work on /opt/airflow/dags/welcome_dag.py
[2024-04-27T00:43:02.207+0000] {processor.py:830} INFO - Processing file /opt/airflow/dags/welcome_dag.py for tasks to queue
[2024-04-27T00:43:02.212+0000] {logging_mixin.py:188} INFO - [2024-04-27T00:43:02.211+0000] {dagbag.py:540} INFO - Filling up the DagBag from /opt/airflow/dags/welcome_dag.py
[2024-04-27T00:43:02.290+0000] {processor.py:840} INFO - DAG(s) 'welcome_dag' retrieved from /opt/airflow/dags/welcome_dag.py
[2024-04-27T00:43:02.457+0000] {logging_mixin.py:188} INFO - [2024-04-27T00:43:02.457+0000] {dag.py:3096} INFO - Sync 1 DAGs
[2024-04-27T00:43:02.516+0000] {logging_mixin.py:188} INFO - [2024-04-27T00:43:02.516+0000] {dag.py:3954} INFO - Setting next_dagrun for welcome_dag to 2024-04-26 23:00:00+00:00, run_after=2024-04-27 23:00:00+00:00
[2024-04-27T00:43:02.674+0000] {processor.py:183} INFO - Processing /opt/airflow/dags/welcome_dag.py took 0.484 seconds
[2024-04-27T00:43:33.521+0000] {processor.py:161} INFO - Started process (PID=148) to work on /opt/airflow/dags/welcome_dag.py
[2024-04-27T00:43:33.523+0000] {processor.py:830} INFO - Processing file /opt/airflow/dags/welcome_dag.py for tasks to queue
[2024-04-27T00:43:33.526+0000] {logging_mixin.py:188} INFO - [2024-04-27T00:43:33.525+0000] {dagbag.py:540} INFO - Filling up the DagBag from /opt/airflow/dags/welcome_dag.py
[2024-04-27T00:43:33.557+0000] {processor.py:840} INFO - DAG(s) 'welcome_dag' retrieved from /opt/airflow/dags/welcome_dag.py
[2024-04-27T00:43:33.592+0000] {logging_mixin.py:188} INFO - [2024-04-27T00:43:33.591+0000] {dag.py:3096} INFO - Sync 1 DAGs
[2024-04-27T00:43:33.629+0000] {logging_mixin.py:188} INFO - [2024-04-27T00:43:33.629+0000] {dag.py:3954} INFO - Setting next_dagrun for welcome_dag to 2024-04-26 23:00:00+00:00, run_after=2024-04-27 23:00:00+00:00
[2024-04-27T00:43:33.711+0000] {processor.py:183} INFO - Processing /opt/airflow/dags/welcome_dag.py took 0.196 seconds
[2024-04-27T00:44:04.867+0000] {processor.py:161} INFO - Started process (PID=151) to work on /opt/airflow/dags/welcome_dag.py
[2024-04-27T00:44:04.868+0000] {processor.py:830} INFO - Processing file /opt/airflow/dags/welcome_dag.py for tasks to queue
[2024-04-27T00:44:04.870+0000] {logging_mixin.py:188} INFO - [2024-04-27T00:44:04.870+0000] {dagbag.py:540} INFO - Filling up the DagBag from /opt/airflow/dags/welcome_dag.py
[2024-04-27T00:44:04.897+0000] {processor.py:840} INFO - DAG(s) 'welcome_dag' retrieved from /opt/airflow/dags/welcome_dag.py
[2024-04-27T00:44:04.926+0000] {logging_mixin.py:188} INFO - [2024-04-27T00:44:04.925+0000] {dag.py:3096} INFO - Sync 1 DAGs
[2024-04-27T00:44:04.953+0000] {logging_mixin.py:188} INFO - [2024-04-27T00:44:04.953+0000] {dag.py:3954} INFO - Setting next_dagrun for welcome_dag to 2024-04-26 23:00:00+00:00, run_after=2024-04-27 23:00:00+00:00
[2024-04-27T00:44:05.019+0000] {processor.py:183} INFO - Processing /opt/airflow/dags/welcome_dag.py took 0.159 seconds
[2024-04-27T00:44:38.125+0000] {processor.py:161} INFO - Started process (PID=154) to work on /opt/airflow/dags/welcome_dag.py
[2024-04-27T00:44:38.127+0000] {processor.py:830} INFO - Processing file /opt/airflow/dags/welcome_dag.py for tasks to queue
[2024-04-27T00:44:38.131+0000] {logging_mixin.py:188} INFO - [2024-04-27T00:44:38.130+0000] {dagbag.py:540} INFO - Filling up the DagBag from /opt/airflow/dags/welcome_dag.py
[2024-04-27T00:44:38.181+0000] {processor.py:840} INFO - DAG(s) 'welcome_dag' retrieved from /opt/airflow/dags/welcome_dag.py
[2024-04-27T00:44:38.221+0000] {logging_mixin.py:188} INFO - [2024-04-27T00:44:38.221+0000] {dag.py:3096} INFO - Sync 1 DAGs
[2024-04-27T00:44:38.259+0000] {logging_mixin.py:188} INFO - [2024-04-27T00:44:38.258+0000] {dag.py:3954} INFO - Setting next_dagrun for welcome_dag to 2024-04-26 23:00:00+00:00, run_after=2024-04-27 23:00:00+00:00
[2024-04-27T00:44:38.344+0000] {processor.py:183} INFO - Processing /opt/airflow/dags/welcome_dag.py took 0.227 seconds
[2024-04-27T00:45:08.999+0000] {processor.py:161} INFO - Started process (PID=157) to work on /opt/airflow/dags/welcome_dag.py
[2024-04-27T00:45:09.000+0000] {processor.py:830} INFO - Processing file /opt/airflow/dags/welcome_dag.py for tasks to queue
[2024-04-27T00:45:09.004+0000] {logging_mixin.py:188} INFO - [2024-04-27T00:45:09.003+0000] {dagbag.py:540} INFO - Filling up the DagBag from /opt/airflow/dags/welcome_dag.py
[2024-04-27T00:45:09.029+0000] {processor.py:840} INFO - DAG(s) 'welcome_dag' retrieved from /opt/airflow/dags/welcome_dag.py
[2024-04-27T00:45:09.062+0000] {logging_mixin.py:188} INFO - [2024-04-27T00:45:09.062+0000] {dag.py:3096} INFO - Sync 1 DAGs
[2024-04-27T00:45:09.089+0000] {logging_mixin.py:188} INFO - [2024-04-27T00:45:09.089+0000] {dag.py:3954} INFO - Setting next_dagrun for welcome_dag to 2024-04-26 23:00:00+00:00, run_after=2024-04-27 23:00:00+00:00
[2024-04-27T00:45:09.156+0000] {processor.py:183} INFO - Processing /opt/airflow/dags/welcome_dag.py took 0.168 seconds
[2024-04-27T00:45:47.935+0000] {processor.py:161} INFO - Started process (PID=160) to work on /opt/airflow/dags/welcome_dag.py
[2024-04-27T00:45:47.939+0000] {processor.py:830} INFO - Processing file /opt/airflow/dags/welcome_dag.py for tasks to queue
[2024-04-27T00:45:47.941+0000] {logging_mixin.py:188} INFO - [2024-04-27T00:45:47.941+0000] {dagbag.py:540} INFO - Filling up the DagBag from /opt/airflow/dags/welcome_dag.py
[2024-04-27T00:45:48.020+0000] {processor.py:840} INFO - DAG(s) 'welcome_dag' retrieved from /opt/airflow/dags/welcome_dag.py
[2024-04-27T00:45:48.279+0000] {logging_mixin.py:188} INFO - [2024-04-27T00:45:48.279+0000] {dag.py:3096} INFO - Sync 1 DAGs
[2024-04-27T00:45:48.411+0000] {logging_mixin.py:188} INFO - [2024-04-27T00:45:48.411+0000] {dag.py:3954} INFO - Setting next_dagrun for welcome_dag to 2024-04-26 23:00:00+00:00, run_after=2024-04-27 23:00:00+00:00
[2024-04-27T00:45:48.707+0000] {processor.py:183} INFO - Processing /opt/airflow/dags/welcome_dag.py took 0.781 seconds
[2024-04-27T00:46:19.873+0000] {processor.py:161} INFO - Started process (PID=163) to work on /opt/airflow/dags/welcome_dag.py
[2024-04-27T00:46:19.875+0000] {processor.py:830} INFO - Processing file /opt/airflow/dags/welcome_dag.py for tasks to queue
[2024-04-27T00:46:19.878+0000] {logging_mixin.py:188} INFO - [2024-04-27T00:46:19.877+0000] {dagbag.py:540} INFO - Filling up the DagBag from /opt/airflow/dags/welcome_dag.py
[2024-04-27T00:46:19.913+0000] {processor.py:840} INFO - DAG(s) 'welcome_dag' retrieved from /opt/airflow/dags/welcome_dag.py
[2024-04-27T00:46:19.944+0000] {logging_mixin.py:188} INFO - [2024-04-27T00:46:19.944+0000] {dag.py:3096} INFO - Sync 1 DAGs
[2024-04-27T00:46:19.976+0000] {logging_mixin.py:188} INFO - [2024-04-27T00:46:19.976+0000] {dag.py:3954} INFO - Setting next_dagrun for welcome_dag to 2024-04-26 23:00:00+00:00, run_after=2024-04-27 23:00:00+00:00
[2024-04-27T00:46:20.053+0000] {processor.py:183} INFO - Processing /opt/airflow/dags/welcome_dag.py took 0.189 seconds
[2024-04-27T00:46:50.860+0000] {processor.py:161} INFO - Started process (PID=166) to work on /opt/airflow/dags/welcome_dag.py
[2024-04-27T00:46:50.861+0000] {processor.py:830} INFO - Processing file /opt/airflow/dags/welcome_dag.py for tasks to queue
[2024-04-27T00:46:50.864+0000] {logging_mixin.py:188} INFO - [2024-04-27T00:46:50.863+0000] {dagbag.py:540} INFO - Filling up the DagBag from /opt/airflow/dags/welcome_dag.py
[2024-04-27T00:46:50.897+0000] {processor.py:840} INFO - DAG(s) 'welcome_dag' retrieved from /opt/airflow/dags/welcome_dag.py
[2024-04-27T00:46:50.937+0000] {logging_mixin.py:188} INFO - [2024-04-27T00:46:50.936+0000] {dag.py:3096} INFO - Sync 1 DAGs
[2024-04-27T00:46:50.972+0000] {logging_mixin.py:188} INFO - [2024-04-27T00:46:50.971+0000] {dag.py:3954} INFO - Setting next_dagrun for welcome_dag to 2024-04-26 23:00:00+00:00, run_after=2024-04-27 23:00:00+00:00
[2024-04-27T00:46:51.046+0000] {processor.py:183} INFO - Processing /opt/airflow/dags/welcome_dag.py took 0.193 seconds
[2024-04-27T01:04:16.460+0000] {processor.py:161} INFO - Started process (PID=42) to work on /opt/airflow/dags/welcome_dag.py
[2024-04-27T01:04:16.462+0000] {processor.py:830} INFO - Processing file /opt/airflow/dags/welcome_dag.py for tasks to queue
[2024-04-27T01:04:16.464+0000] {logging_mixin.py:188} INFO - [2024-04-27T01:04:16.464+0000] {dagbag.py:540} INFO - Filling up the DagBag from /opt/airflow/dags/welcome_dag.py
[2024-04-27T01:04:16.503+0000] {processor.py:840} INFO - DAG(s) 'welcome_dag' retrieved from /opt/airflow/dags/welcome_dag.py
[2024-04-27T01:04:16.523+0000] {logging_mixin.py:188} INFO - [2024-04-27T01:04:16.523+0000] {dag.py:3096} INFO - Sync 1 DAGs
[2024-04-27T01:04:16.571+0000] {logging_mixin.py:188} INFO - [2024-04-27T01:04:16.571+0000] {dag.py:3954} INFO - Setting next_dagrun for welcome_dag to 2024-04-26 23:00:00+00:00, run_after=2024-04-27 23:00:00+00:00
[2024-04-27T01:04:16.642+0000] {processor.py:183} INFO - Processing /opt/airflow/dags/welcome_dag.py took 0.190 seconds
[2024-04-27T01:04:48.865+0000] {processor.py:161} INFO - Started process (PID=49) to work on /opt/airflow/dags/welcome_dag.py
[2024-04-27T01:04:48.866+0000] {processor.py:830} INFO - Processing file /opt/airflow/dags/welcome_dag.py for tasks to queue
[2024-04-27T01:04:48.869+0000] {logging_mixin.py:188} INFO - [2024-04-27T01:04:48.868+0000] {dagbag.py:540} INFO - Filling up the DagBag from /opt/airflow/dags/welcome_dag.py
[2024-04-27T01:04:48.896+0000] {processor.py:840} INFO - DAG(s) 'welcome_dag' retrieved from /opt/airflow/dags/welcome_dag.py
[2024-04-27T01:04:49.069+0000] {logging_mixin.py:188} INFO - [2024-04-27T01:04:49.068+0000] {dag.py:3096} INFO - Sync 1 DAGs
[2024-04-27T01:04:49.098+0000] {logging_mixin.py:188} INFO - [2024-04-27T01:04:49.097+0000] {dag.py:3954} INFO - Setting next_dagrun for welcome_dag to 2024-04-26 23:00:00+00:00, run_after=2024-04-27 23:00:00+00:00
[2024-04-27T01:04:49.176+0000] {processor.py:183} INFO - Processing /opt/airflow/dags/welcome_dag.py took 0.318 seconds
[2024-04-27T01:05:20.101+0000] {processor.py:161} INFO - Started process (PID=52) to work on /opt/airflow/dags/welcome_dag.py
[2024-04-27T01:05:20.102+0000] {processor.py:830} INFO - Processing file /opt/airflow/dags/welcome_dag.py for tasks to queue
[2024-04-27T01:05:20.104+0000] {logging_mixin.py:188} INFO - [2024-04-27T01:05:20.104+0000] {dagbag.py:540} INFO - Filling up the DagBag from /opt/airflow/dags/welcome_dag.py
[2024-04-27T01:05:20.128+0000] {processor.py:840} INFO - DAG(s) 'welcome_dag' retrieved from /opt/airflow/dags/welcome_dag.py
[2024-04-27T01:05:20.161+0000] {logging_mixin.py:188} INFO - [2024-04-27T01:05:20.160+0000] {dag.py:3096} INFO - Sync 1 DAGs
[2024-04-27T01:05:20.228+0000] {logging_mixin.py:188} INFO - [2024-04-27T01:05:20.227+0000] {dag.py:3954} INFO - Setting next_dagrun for welcome_dag to 2024-04-26 23:00:00+00:00, run_after=2024-04-27 23:00:00+00:00
[2024-04-27T01:05:20.334+0000] {processor.py:183} INFO - Processing /opt/airflow/dags/welcome_dag.py took 0.238 seconds
[2024-04-27T01:05:51.474+0000] {processor.py:161} INFO - Started process (PID=55) to work on /opt/airflow/dags/welcome_dag.py
[2024-04-27T01:05:51.476+0000] {processor.py:830} INFO - Processing file /opt/airflow/dags/welcome_dag.py for tasks to queue
[2024-04-27T01:05:51.478+0000] {logging_mixin.py:188} INFO - [2024-04-27T01:05:51.478+0000] {dagbag.py:540} INFO - Filling up the DagBag from /opt/airflow/dags/welcome_dag.py
[2024-04-27T01:05:51.536+0000] {processor.py:840} INFO - DAG(s) 'welcome_dag' retrieved from /opt/airflow/dags/welcome_dag.py
[2024-04-27T01:05:51.595+0000] {logging_mixin.py:188} INFO - [2024-04-27T01:05:51.595+0000] {dag.py:3096} INFO - Sync 1 DAGs
[2024-04-27T01:05:51.678+0000] {logging_mixin.py:188} INFO - [2024-04-27T01:05:51.677+0000] {dag.py:3954} INFO - Setting next_dagrun for welcome_dag to 2024-04-26 23:00:00+00:00, run_after=2024-04-27 23:00:00+00:00
[2024-04-27T01:05:51.810+0000] {processor.py:183} INFO - Processing /opt/airflow/dags/welcome_dag.py took 0.342 seconds
[2024-04-27T01:06:22.824+0000] {processor.py:161} INFO - Started process (PID=58) to work on /opt/airflow/dags/welcome_dag.py
[2024-04-27T01:06:22.825+0000] {processor.py:830} INFO - Processing file /opt/airflow/dags/welcome_dag.py for tasks to queue
[2024-04-27T01:06:22.827+0000] {logging_mixin.py:188} INFO - [2024-04-27T01:06:22.827+0000] {dagbag.py:540} INFO - Filling up the DagBag from /opt/airflow/dags/welcome_dag.py
[2024-04-27T01:06:22.851+0000] {processor.py:840} INFO - DAG(s) 'welcome_dag' retrieved from /opt/airflow/dags/welcome_dag.py
[2024-04-27T01:06:22.883+0000] {logging_mixin.py:188} INFO - [2024-04-27T01:06:22.882+0000] {dag.py:3096} INFO - Sync 1 DAGs
[2024-04-27T01:06:22.912+0000] {logging_mixin.py:188} INFO - [2024-04-27T01:06:22.912+0000] {dag.py:3954} INFO - Setting next_dagrun for welcome_dag to 2024-04-26 23:00:00+00:00, run_after=2024-04-27 23:00:00+00:00
[2024-04-27T01:06:22.977+0000] {processor.py:183} INFO - Processing /opt/airflow/dags/welcome_dag.py took 0.159 seconds
[2024-04-27T01:06:54.022+0000] {processor.py:161} INFO - Started process (PID=61) to work on /opt/airflow/dags/welcome_dag.py
[2024-04-27T01:06:54.023+0000] {processor.py:830} INFO - Processing file /opt/airflow/dags/welcome_dag.py for tasks to queue
[2024-04-27T01:06:54.025+0000] {logging_mixin.py:188} INFO - [2024-04-27T01:06:54.025+0000] {dagbag.py:540} INFO - Filling up the DagBag from /opt/airflow/dags/welcome_dag.py
[2024-04-27T01:06:54.051+0000] {processor.py:840} INFO - DAG(s) 'welcome_dag' retrieved from /opt/airflow/dags/welcome_dag.py
[2024-04-27T01:06:54.080+0000] {logging_mixin.py:188} INFO - [2024-04-27T01:06:54.080+0000] {dag.py:3096} INFO - Sync 1 DAGs
[2024-04-27T01:06:54.108+0000] {logging_mixin.py:188} INFO - [2024-04-27T01:06:54.107+0000] {dag.py:3954} INFO - Setting next_dagrun for welcome_dag to 2024-04-26 23:00:00+00:00, run_after=2024-04-27 23:00:00+00:00
[2024-04-27T01:06:54.164+0000] {processor.py:183} INFO - Processing /opt/airflow/dags/welcome_dag.py took 0.148 seconds
[2024-04-27T01:07:26.684+0000] {processor.py:161} INFO - Started process (PID=64) to work on /opt/airflow/dags/welcome_dag.py
[2024-04-27T01:07:26.685+0000] {processor.py:830} INFO - Processing file /opt/airflow/dags/welcome_dag.py for tasks to queue
[2024-04-27T01:07:26.687+0000] {logging_mixin.py:188} INFO - [2024-04-27T01:07:26.687+0000] {dagbag.py:540} INFO - Filling up the DagBag from /opt/airflow/dags/welcome_dag.py
[2024-04-27T01:07:26.714+0000] {processor.py:840} INFO - DAG(s) 'welcome_dag' retrieved from /opt/airflow/dags/welcome_dag.py
[2024-04-27T01:07:26.748+0000] {logging_mixin.py:188} INFO - [2024-04-27T01:07:26.748+0000] {dag.py:3096} INFO - Sync 1 DAGs
[2024-04-27T01:07:26.775+0000] {logging_mixin.py:188} INFO - [2024-04-27T01:07:26.775+0000] {dag.py:3954} INFO - Setting next_dagrun for welcome_dag to 2024-04-26 23:00:00+00:00, run_after=2024-04-27 23:00:00+00:00
[2024-04-27T01:07:26.837+0000] {processor.py:183} INFO - Processing /opt/airflow/dags/welcome_dag.py took 0.160 seconds
[2024-04-27T01:08:12.254+0000] {processor.py:161} INFO - Started process (PID=43) to work on /opt/airflow/dags/welcome_dag.py
[2024-04-27T01:08:12.255+0000] {processor.py:830} INFO - Processing file /opt/airflow/dags/welcome_dag.py for tasks to queue
[2024-04-27T01:08:12.257+0000] {logging_mixin.py:188} INFO - [2024-04-27T01:08:12.257+0000] {dagbag.py:540} INFO - Filling up the DagBag from /opt/airflow/dags/welcome_dag.py
[2024-04-27T01:08:12.286+0000] {processor.py:840} INFO - DAG(s) 'welcome_dag' retrieved from /opt/airflow/dags/welcome_dag.py
[2024-04-27T01:08:12.302+0000] {logging_mixin.py:188} INFO - [2024-04-27T01:08:12.301+0000] {dag.py:3096} INFO - Sync 1 DAGs
[2024-04-27T01:08:12.338+0000] {logging_mixin.py:188} INFO - [2024-04-27T01:08:12.338+0000] {dag.py:3954} INFO - Setting next_dagrun for welcome_dag to 2024-04-26 23:00:00+00:00, run_after=2024-04-27 23:00:00+00:00
[2024-04-27T01:08:12.414+0000] {processor.py:183} INFO - Processing /opt/airflow/dags/welcome_dag.py took 0.167 seconds
[2024-04-27T01:08:43.785+0000] {processor.py:161} INFO - Started process (PID=60) to work on /opt/airflow/dags/welcome_dag.py
[2024-04-27T01:08:43.787+0000] {processor.py:830} INFO - Processing file /opt/airflow/dags/welcome_dag.py for tasks to queue
[2024-04-27T01:08:43.789+0000] {logging_mixin.py:188} INFO - [2024-04-27T01:08:43.789+0000] {dagbag.py:540} INFO - Filling up the DagBag from /opt/airflow/dags/welcome_dag.py
[2024-04-27T01:08:43.813+0000] {processor.py:840} INFO - DAG(s) 'welcome_dag' retrieved from /opt/airflow/dags/welcome_dag.py
[2024-04-27T01:08:43.995+0000] {logging_mixin.py:188} INFO - [2024-04-27T01:08:43.994+0000] {dag.py:3096} INFO - Sync 1 DAGs
[2024-04-27T01:08:44.034+0000] {logging_mixin.py:188} INFO - [2024-04-27T01:08:44.034+0000] {dag.py:3954} INFO - Setting next_dagrun for welcome_dag to 2024-04-26 23:00:00+00:00, run_after=2024-04-27 23:00:00+00:00
[2024-04-27T01:08:44.107+0000] {processor.py:183} INFO - Processing /opt/airflow/dags/welcome_dag.py took 0.327 seconds
[2024-04-27T01:09:15.788+0000] {processor.py:161} INFO - Started process (PID=80) to work on /opt/airflow/dags/welcome_dag.py
[2024-04-27T01:09:15.792+0000] {processor.py:830} INFO - Processing file /opt/airflow/dags/welcome_dag.py for tasks to queue
[2024-04-27T01:09:15.795+0000] {logging_mixin.py:188} INFO - [2024-04-27T01:09:15.795+0000] {dagbag.py:540} INFO - Filling up the DagBag from /opt/airflow/dags/welcome_dag.py
[2024-04-27T01:09:15.841+0000] {processor.py:840} INFO - DAG(s) 'welcome_dag' retrieved from /opt/airflow/dags/welcome_dag.py
[2024-04-27T01:09:15.921+0000] {logging_mixin.py:188} INFO - [2024-04-27T01:09:15.921+0000] {dag.py:3096} INFO - Sync 1 DAGs
[2024-04-27T01:09:15.957+0000] {logging_mixin.py:188} INFO - [2024-04-27T01:09:15.957+0000] {dag.py:3954} INFO - Setting next_dagrun for welcome_dag to 2024-04-26 23:00:00+00:00, run_after=2024-04-27 23:00:00+00:00
[2024-04-27T01:09:16.027+0000] {processor.py:183} INFO - Processing /opt/airflow/dags/welcome_dag.py took 0.248 seconds
[2024-04-27T01:09:47.136+0000] {processor.py:161} INFO - Started process (PID=83) to work on /opt/airflow/dags/welcome_dag.py
[2024-04-27T01:09:47.139+0000] {processor.py:830} INFO - Processing file /opt/airflow/dags/welcome_dag.py for tasks to queue
[2024-04-27T01:09:47.146+0000] {logging_mixin.py:188} INFO - [2024-04-27T01:09:47.145+0000] {dagbag.py:540} INFO - Filling up the DagBag from /opt/airflow/dags/welcome_dag.py
[2024-04-27T01:09:47.234+0000] {processor.py:840} INFO - DAG(s) 'welcome_dag' retrieved from /opt/airflow/dags/welcome_dag.py
[2024-04-27T01:09:47.310+0000] {logging_mixin.py:188} INFO - [2024-04-27T01:09:47.310+0000] {dag.py:3096} INFO - Sync 1 DAGs
[2024-04-27T01:09:47.424+0000] {logging_mixin.py:188} INFO - [2024-04-27T01:09:47.423+0000] {dag.py:3954} INFO - Setting next_dagrun for welcome_dag to 2024-04-26 23:00:00+00:00, run_after=2024-04-27 23:00:00+00:00
[2024-04-27T01:09:47.524+0000] {processor.py:183} INFO - Processing /opt/airflow/dags/welcome_dag.py took 0.406 seconds
[2024-04-27T01:10:18.566+0000] {processor.py:161} INFO - Started process (PID=86) to work on /opt/airflow/dags/welcome_dag.py
[2024-04-27T01:10:18.567+0000] {processor.py:830} INFO - Processing file /opt/airflow/dags/welcome_dag.py for tasks to queue
[2024-04-27T01:10:18.570+0000] {logging_mixin.py:188} INFO - [2024-04-27T01:10:18.569+0000] {dagbag.py:540} INFO - Filling up the DagBag from /opt/airflow/dags/welcome_dag.py
[2024-04-27T01:10:18.593+0000] {processor.py:840} INFO - DAG(s) 'welcome_dag' retrieved from /opt/airflow/dags/welcome_dag.py
[2024-04-27T01:10:18.626+0000] {logging_mixin.py:188} INFO - [2024-04-27T01:10:18.626+0000] {dag.py:3096} INFO - Sync 1 DAGs
[2024-04-27T01:10:18.657+0000] {logging_mixin.py:188} INFO - [2024-04-27T01:10:18.657+0000] {dag.py:3954} INFO - Setting next_dagrun for welcome_dag to 2024-04-26 23:00:00+00:00, run_after=2024-04-27 23:00:00+00:00
[2024-04-27T01:10:18.769+0000] {processor.py:183} INFO - Processing /opt/airflow/dags/welcome_dag.py took 0.210 seconds
[2024-04-27T01:10:50.049+0000] {processor.py:161} INFO - Started process (PID=89) to work on /opt/airflow/dags/welcome_dag.py
[2024-04-27T01:10:50.050+0000] {processor.py:830} INFO - Processing file /opt/airflow/dags/welcome_dag.py for tasks to queue
[2024-04-27T01:10:50.052+0000] {logging_mixin.py:188} INFO - [2024-04-27T01:10:50.052+0000] {dagbag.py:540} INFO - Filling up the DagBag from /opt/airflow/dags/welcome_dag.py
[2024-04-27T01:10:50.076+0000] {processor.py:840} INFO - DAG(s) 'welcome_dag' retrieved from /opt/airflow/dags/welcome_dag.py
[2024-04-27T01:10:50.107+0000] {logging_mixin.py:188} INFO - [2024-04-27T01:10:50.107+0000] {dag.py:3096} INFO - Sync 1 DAGs
[2024-04-27T01:10:50.141+0000] {logging_mixin.py:188} INFO - [2024-04-27T01:10:50.140+0000] {dag.py:3954} INFO - Setting next_dagrun for welcome_dag to 2024-04-26 23:00:00+00:00, run_after=2024-04-27 23:00:00+00:00
[2024-04-27T01:10:50.276+0000] {processor.py:183} INFO - Processing /opt/airflow/dags/welcome_dag.py took 0.232 seconds
[2024-04-27T01:11:20.721+0000] {processor.py:161} INFO - Started process (PID=92) to work on /opt/airflow/dags/welcome_dag.py
[2024-04-27T01:11:20.723+0000] {processor.py:830} INFO - Processing file /opt/airflow/dags/welcome_dag.py for tasks to queue
[2024-04-27T01:11:20.725+0000] {logging_mixin.py:188} INFO - [2024-04-27T01:11:20.724+0000] {dagbag.py:540} INFO - Filling up the DagBag from /opt/airflow/dags/welcome_dag.py
[2024-04-27T01:11:20.748+0000] {processor.py:840} INFO - DAG(s) 'welcome_dag' retrieved from /opt/airflow/dags/welcome_dag.py
[2024-04-27T01:11:20.781+0000] {logging_mixin.py:188} INFO - [2024-04-27T01:11:20.780+0000] {dag.py:3096} INFO - Sync 1 DAGs
[2024-04-27T01:11:20.814+0000] {logging_mixin.py:188} INFO - [2024-04-27T01:11:20.813+0000] {dag.py:3954} INFO - Setting next_dagrun for welcome_dag to 2024-04-26 23:00:00+00:00, run_after=2024-04-27 23:00:00+00:00
[2024-04-27T01:11:20.899+0000] {processor.py:183} INFO - Processing /opt/airflow/dags/welcome_dag.py took 0.183 seconds
[2024-04-27T01:34:55.375+0000] {processor.py:161} INFO - Started process (PID=42) to work on /opt/airflow/dags/welcome_dag.py
[2024-04-27T01:34:55.383+0000] {processor.py:830} INFO - Processing file /opt/airflow/dags/welcome_dag.py for tasks to queue
[2024-04-27T01:34:55.385+0000] {logging_mixin.py:188} INFO - [2024-04-27T01:34:55.385+0000] {dagbag.py:540} INFO - Filling up the DagBag from /opt/airflow/dags/welcome_dag.py
[2024-04-27T01:34:55.911+0000] {processor.py:840} INFO - DAG(s) 'welcome_dag' retrieved from /opt/airflow/dags/welcome_dag.py
[2024-04-27T01:34:55.938+0000] {logging_mixin.py:188} INFO - [2024-04-27T01:34:55.938+0000] {dag.py:3096} INFO - Sync 1 DAGs
[2024-04-27T01:34:55.993+0000] {logging_mixin.py:188} INFO - [2024-04-27T01:34:55.993+0000] {dag.py:3954} INFO - Setting next_dagrun for welcome_dag to 2024-04-26 23:00:00+00:00, run_after=2024-04-27 23:00:00+00:00
[2024-04-27T01:34:56.093+0000] {processor.py:183} INFO - Processing /opt/airflow/dags/welcome_dag.py took 0.727 seconds
[2024-04-27T01:35:27.021+0000] {processor.py:161} INFO - Started process (PID=49) to work on /opt/airflow/dags/welcome_dag.py
[2024-04-27T01:35:27.024+0000] {processor.py:830} INFO - Processing file /opt/airflow/dags/welcome_dag.py for tasks to queue
[2024-04-27T01:35:27.028+0000] {logging_mixin.py:188} INFO - [2024-04-27T01:35:27.027+0000] {dagbag.py:540} INFO - Filling up the DagBag from /opt/airflow/dags/welcome_dag.py
[2024-04-27T01:35:27.065+0000] {processor.py:840} INFO - DAG(s) 'welcome_dag' retrieved from /opt/airflow/dags/welcome_dag.py
[2024-04-27T01:35:27.250+0000] {logging_mixin.py:188} INFO - [2024-04-27T01:35:27.250+0000] {dag.py:3096} INFO - Sync 1 DAGs
[2024-04-27T01:35:27.282+0000] {logging_mixin.py:188} INFO - [2024-04-27T01:35:27.281+0000] {dag.py:3954} INFO - Setting next_dagrun for welcome_dag to 2024-04-26 23:00:00+00:00, run_after=2024-04-27 23:00:00+00:00
[2024-04-27T01:35:27.360+0000] {processor.py:183} INFO - Processing /opt/airflow/dags/welcome_dag.py took 0.349 seconds
[2024-04-27T01:36:58.388+0000] {processor.py:161} INFO - Started process (PID=42) to work on /opt/airflow/dags/welcome_dag.py
[2024-04-27T01:36:58.389+0000] {processor.py:830} INFO - Processing file /opt/airflow/dags/welcome_dag.py for tasks to queue
[2024-04-27T01:36:58.393+0000] {logging_mixin.py:188} INFO - [2024-04-27T01:36:58.392+0000] {dagbag.py:540} INFO - Filling up the DagBag from /opt/airflow/dags/welcome_dag.py
[2024-04-27T01:36:58.424+0000] {processor.py:840} INFO - DAG(s) 'welcome_dag' retrieved from /opt/airflow/dags/welcome_dag.py
[2024-04-27T01:36:58.442+0000] {logging_mixin.py:188} INFO - [2024-04-27T01:36:58.442+0000] {dag.py:3096} INFO - Sync 1 DAGs
[2024-04-27T01:36:58.503+0000] {logging_mixin.py:188} INFO - [2024-04-27T01:36:58.502+0000] {dag.py:3954} INFO - Setting next_dagrun for welcome_dag to 2024-04-26 23:00:00+00:00, run_after=2024-04-27 23:00:00+00:00
[2024-04-27T01:36:58.601+0000] {processor.py:183} INFO - Processing /opt/airflow/dags/welcome_dag.py took 0.224 seconds
[2024-04-27T01:43:29.163+0000] {processor.py:161} INFO - Started process (PID=41) to work on /opt/airflow/dags/welcome_dag.py
[2024-04-27T01:43:29.164+0000] {processor.py:830} INFO - Processing file /opt/airflow/dags/welcome_dag.py for tasks to queue
[2024-04-27T01:43:29.167+0000] {logging_mixin.py:188} INFO - [2024-04-27T01:43:29.167+0000] {dagbag.py:540} INFO - Filling up the DagBag from /opt/airflow/dags/welcome_dag.py
[2024-04-27T01:43:29.201+0000] {processor.py:840} INFO - DAG(s) 'welcome_dag' retrieved from /opt/airflow/dags/welcome_dag.py
[2024-04-27T01:43:29.221+0000] {logging_mixin.py:188} INFO - [2024-04-27T01:43:29.220+0000] {dag.py:3096} INFO - Sync 1 DAGs
[2024-04-27T01:43:29.287+0000] {logging_mixin.py:188} INFO - [2024-04-27T01:43:29.287+0000] {dag.py:3954} INFO - Setting next_dagrun for welcome_dag to 2024-04-26 23:00:00+00:00, run_after=2024-04-27 23:00:00+00:00
[2024-04-27T01:43:29.391+0000] {processor.py:183} INFO - Processing /opt/airflow/dags/welcome_dag.py took 0.236 seconds
[2024-04-27T01:44:00.687+0000] {processor.py:161} INFO - Started process (PID=48) to work on /opt/airflow/dags/welcome_dag.py
[2024-04-27T01:44:00.692+0000] {processor.py:830} INFO - Processing file /opt/airflow/dags/welcome_dag.py for tasks to queue
[2024-04-27T01:44:00.698+0000] {logging_mixin.py:188} INFO - [2024-04-27T01:44:00.697+0000] {dagbag.py:540} INFO - Filling up the DagBag from /opt/airflow/dags/welcome_dag.py
[2024-04-27T01:44:00.812+0000] {processor.py:840} INFO - DAG(s) 'welcome_dag' retrieved from /opt/airflow/dags/welcome_dag.py
[2024-04-27T01:44:01.021+0000] {logging_mixin.py:188} INFO - [2024-04-27T01:44:01.021+0000] {dag.py:3096} INFO - Sync 1 DAGs
[2024-04-27T01:44:01.090+0000] {logging_mixin.py:188} INFO - [2024-04-27T01:44:01.089+0000] {dag.py:3954} INFO - Setting next_dagrun for welcome_dag to 2024-04-26 23:00:00+00:00, run_after=2024-04-27 23:00:00+00:00
[2024-04-27T01:44:01.321+0000] {processor.py:183} INFO - Processing /opt/airflow/dags/welcome_dag.py took 0.656 seconds
[2024-04-27T01:44:34.407+0000] {processor.py:161} INFO - Started process (PID=51) to work on /opt/airflow/dags/welcome_dag.py
[2024-04-27T01:44:34.412+0000] {processor.py:830} INFO - Processing file /opt/airflow/dags/welcome_dag.py for tasks to queue
[2024-04-27T01:44:34.425+0000] {logging_mixin.py:188} INFO - [2024-04-27T01:44:34.424+0000] {dagbag.py:540} INFO - Filling up the DagBag from /opt/airflow/dags/welcome_dag.py
[2024-04-27T01:44:34.518+0000] {processor.py:840} INFO - DAG(s) 'welcome_dag' retrieved from /opt/airflow/dags/welcome_dag.py
[2024-04-27T01:44:34.646+0000] {logging_mixin.py:188} INFO - [2024-04-27T01:44:34.645+0000] {dag.py:3096} INFO - Sync 1 DAGs
[2024-04-27T01:44:34.750+0000] {logging_mixin.py:188} INFO - [2024-04-27T01:44:34.750+0000] {dag.py:3954} INFO - Setting next_dagrun for welcome_dag to 2024-04-26 23:00:00+00:00, run_after=2024-04-27 23:00:00+00:00
[2024-04-27T01:44:34.991+0000] {processor.py:183} INFO - Processing /opt/airflow/dags/welcome_dag.py took 0.602 seconds
[2024-04-27T01:45:07.188+0000] {processor.py:161} INFO - Started process (PID=54) to work on /opt/airflow/dags/welcome_dag.py
[2024-04-27T01:45:07.381+0000] {processor.py:830} INFO - Processing file /opt/airflow/dags/welcome_dag.py for tasks to queue
[2024-04-27T01:45:07.383+0000] {logging_mixin.py:188} INFO - [2024-04-27T01:45:07.383+0000] {dagbag.py:540} INFO - Filling up the DagBag from /opt/airflow/dags/welcome_dag.py
[2024-04-27T01:45:07.422+0000] {processor.py:840} INFO - DAG(s) 'welcome_dag' retrieved from /opt/airflow/dags/welcome_dag.py
[2024-04-27T01:45:07.455+0000] {logging_mixin.py:188} INFO - [2024-04-27T01:45:07.455+0000] {dag.py:3096} INFO - Sync 1 DAGs
[2024-04-27T01:45:07.484+0000] {logging_mixin.py:188} INFO - [2024-04-27T01:45:07.484+0000] {dag.py:3954} INFO - Setting next_dagrun for welcome_dag to 2024-04-26 23:00:00+00:00, run_after=2024-04-27 23:00:00+00:00
[2024-04-27T01:45:07.662+0000] {processor.py:183} INFO - Processing /opt/airflow/dags/welcome_dag.py took 0.485 seconds
[2024-04-27T01:45:55.870+0000] {processor.py:161} INFO - Started process (PID=42) to work on /opt/airflow/dags/welcome_dag.py
[2024-04-27T01:45:55.871+0000] {processor.py:830} INFO - Processing file /opt/airflow/dags/welcome_dag.py for tasks to queue
[2024-04-27T01:45:55.875+0000] {logging_mixin.py:188} INFO - [2024-04-27T01:45:55.873+0000] {dagbag.py:540} INFO - Filling up the DagBag from /opt/airflow/dags/welcome_dag.py
[2024-04-27T01:45:55.912+0000] {processor.py:840} INFO - DAG(s) 'welcome_dag' retrieved from /opt/airflow/dags/welcome_dag.py
[2024-04-27T01:45:55.931+0000] {logging_mixin.py:188} INFO - [2024-04-27T01:45:55.931+0000] {dag.py:3096} INFO - Sync 1 DAGs
[2024-04-27T01:45:55.979+0000] {logging_mixin.py:188} INFO - [2024-04-27T01:45:55.979+0000] {dag.py:3954} INFO - Setting next_dagrun for welcome_dag to 2024-04-26 23:00:00+00:00, run_after=2024-04-27 23:00:00+00:00
[2024-04-27T01:45:56.070+0000] {processor.py:183} INFO - Processing /opt/airflow/dags/welcome_dag.py took 0.209 seconds
[2024-04-27T01:46:28.242+0000] {processor.py:161} INFO - Started process (PID=60) to work on /opt/airflow/dags/welcome_dag.py
[2024-04-27T01:46:28.253+0000] {processor.py:830} INFO - Processing file /opt/airflow/dags/welcome_dag.py for tasks to queue
[2024-04-27T01:46:28.256+0000] {logging_mixin.py:188} INFO - [2024-04-27T01:46:28.255+0000] {dagbag.py:540} INFO - Filling up the DagBag from /opt/airflow/dags/welcome_dag.py
[2024-04-27T01:46:28.302+0000] {processor.py:840} INFO - DAG(s) 'welcome_dag' retrieved from /opt/airflow/dags/welcome_dag.py
[2024-04-27T01:46:28.488+0000] {logging_mixin.py:188} INFO - [2024-04-27T01:46:28.487+0000] {dag.py:3096} INFO - Sync 1 DAGs
[2024-04-27T01:46:28.521+0000] {logging_mixin.py:188} INFO - [2024-04-27T01:46:28.520+0000] {dag.py:3954} INFO - Setting next_dagrun for welcome_dag to 2024-04-26 23:00:00+00:00, run_after=2024-04-27 23:00:00+00:00
[2024-04-27T01:46:28.597+0000] {processor.py:183} INFO - Processing /opt/airflow/dags/welcome_dag.py took 0.365 seconds
[2024-04-27T01:47:01.722+0000] {processor.py:161} INFO - Started process (PID=63) to work on /opt/airflow/dags/welcome_dag.py
[2024-04-27T01:47:01.733+0000] {processor.py:830} INFO - Processing file /opt/airflow/dags/welcome_dag.py for tasks to queue
[2024-04-27T01:47:01.735+0000] {logging_mixin.py:188} INFO - [2024-04-27T01:47:01.735+0000] {dagbag.py:540} INFO - Filling up the DagBag from /opt/airflow/dags/welcome_dag.py
[2024-04-27T01:47:01.781+0000] {processor.py:840} INFO - DAG(s) 'welcome_dag' retrieved from /opt/airflow/dags/welcome_dag.py
[2024-04-27T01:47:01.844+0000] {logging_mixin.py:188} INFO - [2024-04-27T01:47:01.843+0000] {dag.py:3096} INFO - Sync 1 DAGs
[2024-04-27T01:47:01.882+0000] {logging_mixin.py:188} INFO - [2024-04-27T01:47:01.882+0000] {dag.py:3954} INFO - Setting next_dagrun for welcome_dag to 2024-04-26 23:00:00+00:00, run_after=2024-04-27 23:00:00+00:00
[2024-04-27T01:47:02.226+0000] {processor.py:183} INFO - Processing /opt/airflow/dags/welcome_dag.py took 0.511 seconds
[2024-04-27T01:47:49.328+0000] {processor.py:161} INFO - Started process (PID=66) to work on /opt/airflow/dags/welcome_dag.py
[2024-04-27T01:47:49.485+0000] {processor.py:830} INFO - Processing file /opt/airflow/dags/welcome_dag.py for tasks to queue
[2024-04-27T01:47:49.493+0000] {logging_mixin.py:188} INFO - [2024-04-27T01:47:49.493+0000] {dagbag.py:540} INFO - Filling up the DagBag from /opt/airflow/dags/welcome_dag.py
[2024-04-27T01:47:49.649+0000] {processor.py:840} INFO - DAG(s) 'welcome_dag' retrieved from /opt/airflow/dags/welcome_dag.py
[2024-04-27T01:47:49.785+0000] {logging_mixin.py:188} INFO - [2024-04-27T01:47:49.784+0000] {dag.py:3096} INFO - Sync 1 DAGs
[2024-04-27T01:47:49.993+0000] {logging_mixin.py:188} INFO - [2024-04-27T01:47:49.993+0000] {dag.py:3954} INFO - Setting next_dagrun for welcome_dag to 2024-04-26 23:00:00+00:00, run_after=2024-04-27 23:00:00+00:00
[2024-04-27T01:47:50.302+0000] {processor.py:183} INFO - Processing /opt/airflow/dags/welcome_dag.py took 0.992 seconds
[2024-04-27T01:48:32.841+0000] {processor.py:161} INFO - Started process (PID=69) to work on /opt/airflow/dags/welcome_dag.py
[2024-04-27T01:48:32.844+0000] {processor.py:830} INFO - Processing file /opt/airflow/dags/welcome_dag.py for tasks to queue
[2024-04-27T01:48:32.848+0000] {logging_mixin.py:188} INFO - [2024-04-27T01:48:32.847+0000] {dagbag.py:540} INFO - Filling up the DagBag from /opt/airflow/dags/welcome_dag.py
[2024-04-27T01:48:32.937+0000] {processor.py:840} INFO - DAG(s) 'welcome_dag' retrieved from /opt/airflow/dags/welcome_dag.py
[2024-04-27T01:48:33.039+0000] {logging_mixin.py:188} INFO - [2024-04-27T01:48:33.039+0000] {dag.py:3096} INFO - Sync 1 DAGs
[2024-04-27T01:48:33.177+0000] {logging_mixin.py:188} INFO - [2024-04-27T01:48:33.177+0000] {dag.py:3954} INFO - Setting next_dagrun for welcome_dag to 2024-04-26 23:00:00+00:00, run_after=2024-04-27 23:00:00+00:00
[2024-04-27T01:48:33.446+0000] {processor.py:183} INFO - Processing /opt/airflow/dags/welcome_dag.py took 0.628 seconds
[2024-04-27T01:49:04.401+0000] {processor.py:161} INFO - Started process (PID=72) to work on /opt/airflow/dags/welcome_dag.py
[2024-04-27T01:49:04.402+0000] {processor.py:830} INFO - Processing file /opt/airflow/dags/welcome_dag.py for tasks to queue
[2024-04-27T01:49:04.406+0000] {logging_mixin.py:188} INFO - [2024-04-27T01:49:04.405+0000] {dagbag.py:540} INFO - Filling up the DagBag from /opt/airflow/dags/welcome_dag.py
[2024-04-27T01:49:04.446+0000] {processor.py:840} INFO - DAG(s) 'welcome_dag' retrieved from /opt/airflow/dags/welcome_dag.py
[2024-04-27T01:49:04.505+0000] {logging_mixin.py:188} INFO - [2024-04-27T01:49:04.504+0000] {dag.py:3096} INFO - Sync 1 DAGs
[2024-04-27T01:49:04.541+0000] {logging_mixin.py:188} INFO - [2024-04-27T01:49:04.540+0000] {dag.py:3954} INFO - Setting next_dagrun for welcome_dag to 2024-04-26 23:00:00+00:00, run_after=2024-04-27 23:00:00+00:00
[2024-04-27T01:49:04.630+0000] {processor.py:183} INFO - Processing /opt/airflow/dags/welcome_dag.py took 0.237 seconds
[2024-04-27T01:49:51.073+0000] {processor.py:161} INFO - Started process (PID=92) to work on /opt/airflow/dags/welcome_dag.py
[2024-04-27T01:49:51.075+0000] {processor.py:830} INFO - Processing file /opt/airflow/dags/welcome_dag.py for tasks to queue
[2024-04-27T01:49:51.078+0000] {logging_mixin.py:188} INFO - [2024-04-27T01:49:51.077+0000] {dagbag.py:540} INFO - Filling up the DagBag from /opt/airflow/dags/welcome_dag.py
[2024-04-27T01:49:51.121+0000] {processor.py:840} INFO - DAG(s) 'welcome_dag' retrieved from /opt/airflow/dags/welcome_dag.py
[2024-04-27T01:49:51.166+0000] {logging_mixin.py:188} INFO - [2024-04-27T01:49:51.166+0000] {dag.py:3096} INFO - Sync 1 DAGs
[2024-04-27T01:49:51.212+0000] {logging_mixin.py:188} INFO - [2024-04-27T01:49:51.211+0000] {dag.py:3954} INFO - Setting next_dagrun for welcome_dag to 2024-04-26 23:00:00+00:00, run_after=2024-04-27 23:00:00+00:00
[2024-04-27T01:49:51.328+0000] {processor.py:183} INFO - Processing /opt/airflow/dags/welcome_dag.py took 0.264 seconds
[2024-04-27T01:50:21.629+0000] {processor.py:161} INFO - Started process (PID=95) to work on /opt/airflow/dags/welcome_dag.py
[2024-04-27T01:50:21.630+0000] {processor.py:830} INFO - Processing file /opt/airflow/dags/welcome_dag.py for tasks to queue
[2024-04-27T01:50:21.637+0000] {logging_mixin.py:188} INFO - [2024-04-27T01:50:21.637+0000] {dagbag.py:540} INFO - Filling up the DagBag from /opt/airflow/dags/welcome_dag.py
[2024-04-27T01:50:21.713+0000] {processor.py:840} INFO - DAG(s) 'welcome_dag' retrieved from /opt/airflow/dags/welcome_dag.py
[2024-04-27T01:50:21.811+0000] {logging_mixin.py:188} INFO - [2024-04-27T01:50:21.810+0000] {dag.py:3096} INFO - Sync 1 DAGs
[2024-04-27T01:50:21.958+0000] {logging_mixin.py:188} INFO - [2024-04-27T01:50:21.957+0000] {dag.py:3954} INFO - Setting next_dagrun for welcome_dag to 2024-04-26 23:00:00+00:00, run_after=2024-04-27 23:00:00+00:00
[2024-04-27T01:50:22.090+0000] {processor.py:183} INFO - Processing /opt/airflow/dags/welcome_dag.py took 0.479 seconds
[2024-04-27T01:50:52.686+0000] {processor.py:161} INFO - Started process (PID=98) to work on /opt/airflow/dags/welcome_dag.py
[2024-04-27T01:50:52.687+0000] {processor.py:830} INFO - Processing file /opt/airflow/dags/welcome_dag.py for tasks to queue
[2024-04-27T01:50:52.689+0000] {logging_mixin.py:188} INFO - [2024-04-27T01:50:52.689+0000] {dagbag.py:540} INFO - Filling up the DagBag from /opt/airflow/dags/welcome_dag.py
[2024-04-27T01:50:52.714+0000] {processor.py:840} INFO - DAG(s) 'welcome_dag' retrieved from /opt/airflow/dags/welcome_dag.py
[2024-04-27T01:50:52.753+0000] {logging_mixin.py:188} INFO - [2024-04-27T01:50:52.753+0000] {dag.py:3096} INFO - Sync 1 DAGs
[2024-04-27T01:50:52.784+0000] {logging_mixin.py:188} INFO - [2024-04-27T01:50:52.784+0000] {dag.py:3954} INFO - Setting next_dagrun for welcome_dag to 2024-04-26 23:00:00+00:00, run_after=2024-04-27 23:00:00+00:00
[2024-04-27T01:50:52.852+0000] {processor.py:183} INFO - Processing /opt/airflow/dags/welcome_dag.py took 0.173 seconds
[2024-04-27T01:51:23.480+0000] {processor.py:161} INFO - Started process (PID=101) to work on /opt/airflow/dags/welcome_dag.py
[2024-04-27T01:51:23.481+0000] {processor.py:830} INFO - Processing file /opt/airflow/dags/welcome_dag.py for tasks to queue
[2024-04-27T01:51:23.483+0000] {logging_mixin.py:188} INFO - [2024-04-27T01:51:23.483+0000] {dagbag.py:540} INFO - Filling up the DagBag from /opt/airflow/dags/welcome_dag.py
[2024-04-27T01:51:23.506+0000] {processor.py:840} INFO - DAG(s) 'welcome_dag' retrieved from /opt/airflow/dags/welcome_dag.py
[2024-04-27T01:51:23.536+0000] {logging_mixin.py:188} INFO - [2024-04-27T01:51:23.536+0000] {dag.py:3096} INFO - Sync 1 DAGs
[2024-04-27T01:51:23.563+0000] {logging_mixin.py:188} INFO - [2024-04-27T01:51:23.563+0000] {dag.py:3954} INFO - Setting next_dagrun for welcome_dag to 2024-04-26 23:00:00+00:00, run_after=2024-04-27 23:00:00+00:00
[2024-04-27T01:51:23.623+0000] {processor.py:183} INFO - Processing /opt/airflow/dags/welcome_dag.py took 0.148 seconds
[2024-04-27T01:51:54.137+0000] {processor.py:161} INFO - Started process (PID=104) to work on /opt/airflow/dags/welcome_dag.py
[2024-04-27T01:51:54.146+0000] {processor.py:830} INFO - Processing file /opt/airflow/dags/welcome_dag.py for tasks to queue
[2024-04-27T01:51:54.152+0000] {logging_mixin.py:188} INFO - [2024-04-27T01:51:54.151+0000] {dagbag.py:540} INFO - Filling up the DagBag from /opt/airflow/dags/welcome_dag.py
[2024-04-27T01:51:54.259+0000] {processor.py:840} INFO - DAG(s) 'welcome_dag' retrieved from /opt/airflow/dags/welcome_dag.py
[2024-04-27T01:51:54.336+0000] {logging_mixin.py:188} INFO - [2024-04-27T01:51:54.336+0000] {dag.py:3096} INFO - Sync 1 DAGs
[2024-04-27T01:51:54.418+0000] {logging_mixin.py:188} INFO - [2024-04-27T01:51:54.418+0000] {dag.py:3954} INFO - Setting next_dagrun for welcome_dag to 2024-04-26 23:00:00+00:00, run_after=2024-04-27 23:00:00+00:00
[2024-04-27T01:51:54.542+0000] {processor.py:183} INFO - Processing /opt/airflow/dags/welcome_dag.py took 0.427 seconds
[2024-04-27T01:52:25.148+0000] {processor.py:161} INFO - Started process (PID=107) to work on /opt/airflow/dags/welcome_dag.py
[2024-04-27T01:52:25.149+0000] {processor.py:830} INFO - Processing file /opt/airflow/dags/welcome_dag.py for tasks to queue
[2024-04-27T01:52:25.152+0000] {logging_mixin.py:188} INFO - [2024-04-27T01:52:25.151+0000] {dagbag.py:540} INFO - Filling up the DagBag from /opt/airflow/dags/welcome_dag.py
[2024-04-27T01:52:25.175+0000] {processor.py:840} INFO - DAG(s) 'welcome_dag' retrieved from /opt/airflow/dags/welcome_dag.py
[2024-04-27T01:52:25.207+0000] {logging_mixin.py:188} INFO - [2024-04-27T01:52:25.207+0000] {dag.py:3096} INFO - Sync 1 DAGs
[2024-04-27T01:52:25.237+0000] {logging_mixin.py:188} INFO - [2024-04-27T01:52:25.237+0000] {dag.py:3954} INFO - Setting next_dagrun for welcome_dag to 2024-04-26 23:00:00+00:00, run_after=2024-04-27 23:00:00+00:00
[2024-04-27T01:52:25.302+0000] {processor.py:183} INFO - Processing /opt/airflow/dags/welcome_dag.py took 0.159 seconds
[2024-04-27T01:52:55.915+0000] {processor.py:161} INFO - Started process (PID=110) to work on /opt/airflow/dags/welcome_dag.py
[2024-04-27T01:52:55.916+0000] {processor.py:830} INFO - Processing file /opt/airflow/dags/welcome_dag.py for tasks to queue
[2024-04-27T01:52:55.918+0000] {logging_mixin.py:188} INFO - [2024-04-27T01:52:55.918+0000] {dagbag.py:540} INFO - Filling up the DagBag from /opt/airflow/dags/welcome_dag.py
[2024-04-27T01:52:55.942+0000] {processor.py:840} INFO - DAG(s) 'welcome_dag' retrieved from /opt/airflow/dags/welcome_dag.py
[2024-04-27T01:52:55.974+0000] {logging_mixin.py:188} INFO - [2024-04-27T01:52:55.974+0000] {dag.py:3096} INFO - Sync 1 DAGs
[2024-04-27T01:52:56.007+0000] {logging_mixin.py:188} INFO - [2024-04-27T01:52:56.007+0000] {dag.py:3954} INFO - Setting next_dagrun for welcome_dag to 2024-04-26 23:00:00+00:00, run_after=2024-04-27 23:00:00+00:00
[2024-04-27T01:52:56.072+0000] {processor.py:183} INFO - Processing /opt/airflow/dags/welcome_dag.py took 0.162 seconds
[2024-04-27T01:53:26.572+0000] {processor.py:161} INFO - Started process (PID=113) to work on /opt/airflow/dags/welcome_dag.py
[2024-04-27T01:53:26.574+0000] {processor.py:830} INFO - Processing file /opt/airflow/dags/welcome_dag.py for tasks to queue
[2024-04-27T01:53:26.576+0000] {logging_mixin.py:188} INFO - [2024-04-27T01:53:26.575+0000] {dagbag.py:540} INFO - Filling up the DagBag from /opt/airflow/dags/welcome_dag.py
[2024-04-27T01:53:26.601+0000] {processor.py:840} INFO - DAG(s) 'welcome_dag' retrieved from /opt/airflow/dags/welcome_dag.py
[2024-04-27T01:53:26.638+0000] {logging_mixin.py:188} INFO - [2024-04-27T01:53:26.638+0000] {dag.py:3096} INFO - Sync 1 DAGs
[2024-04-27T01:53:26.681+0000] {logging_mixin.py:188} INFO - [2024-04-27T01:53:26.681+0000] {dag.py:3954} INFO - Setting next_dagrun for welcome_dag to 2024-04-26 23:00:00+00:00, run_after=2024-04-27 23:00:00+00:00
[2024-04-27T01:53:26.778+0000] {processor.py:183} INFO - Processing /opt/airflow/dags/welcome_dag.py took 0.212 seconds
[2024-04-27T01:53:57.485+0000] {processor.py:161} INFO - Started process (PID=116) to work on /opt/airflow/dags/welcome_dag.py
[2024-04-27T01:53:57.503+0000] {processor.py:830} INFO - Processing file /opt/airflow/dags/welcome_dag.py for tasks to queue
[2024-04-27T01:53:57.524+0000] {logging_mixin.py:188} INFO - [2024-04-27T01:53:57.524+0000] {dagbag.py:540} INFO - Filling up the DagBag from /opt/airflow/dags/welcome_dag.py
[2024-04-27T01:53:57.726+0000] {processor.py:840} INFO - DAG(s) 'welcome_dag' retrieved from /opt/airflow/dags/welcome_dag.py
[2024-04-27T01:53:58.091+0000] {logging_mixin.py:188} INFO - [2024-04-27T01:53:58.090+0000] {dag.py:3096} INFO - Sync 1 DAGs
[2024-04-27T01:53:58.214+0000] {logging_mixin.py:188} INFO - [2024-04-27T01:53:58.213+0000] {dag.py:3954} INFO - Setting next_dagrun for welcome_dag to 2024-04-26 23:00:00+00:00, run_after=2024-04-27 23:00:00+00:00
[2024-04-27T01:53:58.311+0000] {processor.py:183} INFO - Processing /opt/airflow/dags/welcome_dag.py took 0.845 seconds
[2024-04-27T01:54:28.437+0000] {processor.py:161} INFO - Started process (PID=119) to work on /opt/airflow/dags/welcome_dag.py
[2024-04-27T01:54:28.438+0000] {processor.py:830} INFO - Processing file /opt/airflow/dags/welcome_dag.py for tasks to queue
[2024-04-27T01:54:28.440+0000] {logging_mixin.py:188} INFO - [2024-04-27T01:54:28.440+0000] {dagbag.py:540} INFO - Filling up the DagBag from /opt/airflow/dags/welcome_dag.py
[2024-04-27T01:54:28.462+0000] {processor.py:840} INFO - DAG(s) 'welcome_dag' retrieved from /opt/airflow/dags/welcome_dag.py
[2024-04-27T01:54:28.493+0000] {logging_mixin.py:188} INFO - [2024-04-27T01:54:28.492+0000] {dag.py:3096} INFO - Sync 1 DAGs
[2024-04-27T01:54:28.525+0000] {logging_mixin.py:188} INFO - [2024-04-27T01:54:28.525+0000] {dag.py:3954} INFO - Setting next_dagrun for welcome_dag to 2024-04-26 23:00:00+00:00, run_after=2024-04-27 23:00:00+00:00
[2024-04-27T01:54:28.584+0000] {processor.py:183} INFO - Processing /opt/airflow/dags/welcome_dag.py took 0.152 seconds
[2024-04-27T01:54:59.945+0000] {processor.py:161} INFO - Started process (PID=122) to work on /opt/airflow/dags/welcome_dag.py
[2024-04-27T01:54:59.948+0000] {processor.py:830} INFO - Processing file /opt/airflow/dags/welcome_dag.py for tasks to queue
[2024-04-27T01:54:59.951+0000] {logging_mixin.py:188} INFO - [2024-04-27T01:54:59.950+0000] {dagbag.py:540} INFO - Filling up the DagBag from /opt/airflow/dags/welcome_dag.py
[2024-04-27T01:54:59.984+0000] {processor.py:840} INFO - DAG(s) 'welcome_dag' retrieved from /opt/airflow/dags/welcome_dag.py
[2024-04-27T01:55:00.025+0000] {logging_mixin.py:188} INFO - [2024-04-27T01:55:00.025+0000] {dag.py:3096} INFO - Sync 1 DAGs
[2024-04-27T01:55:00.060+0000] {logging_mixin.py:188} INFO - [2024-04-27T01:55:00.060+0000] {dag.py:3954} INFO - Setting next_dagrun for welcome_dag to 2024-04-26 23:00:00+00:00, run_after=2024-04-27 23:00:00+00:00
[2024-04-27T01:55:00.138+0000] {processor.py:183} INFO - Processing /opt/airflow/dags/welcome_dag.py took 0.199 seconds
[2024-04-27T01:55:30.502+0000] {processor.py:161} INFO - Started process (PID=125) to work on /opt/airflow/dags/welcome_dag.py
[2024-04-27T01:55:30.503+0000] {processor.py:830} INFO - Processing file /opt/airflow/dags/welcome_dag.py for tasks to queue
[2024-04-27T01:55:30.506+0000] {logging_mixin.py:188} INFO - [2024-04-27T01:55:30.505+0000] {dagbag.py:540} INFO - Filling up the DagBag from /opt/airflow/dags/welcome_dag.py
[2024-04-27T01:55:30.541+0000] {processor.py:840} INFO - DAG(s) 'welcome_dag' retrieved from /opt/airflow/dags/welcome_dag.py
[2024-04-27T01:55:30.583+0000] {logging_mixin.py:188} INFO - [2024-04-27T01:55:30.582+0000] {dag.py:3096} INFO - Sync 1 DAGs
[2024-04-27T01:55:30.620+0000] {logging_mixin.py:188} INFO - [2024-04-27T01:55:30.619+0000] {dag.py:3954} INFO - Setting next_dagrun for welcome_dag to 2024-04-26 23:00:00+00:00, run_after=2024-04-27 23:00:00+00:00
[2024-04-27T01:55:30.724+0000] {processor.py:183} INFO - Processing /opt/airflow/dags/welcome_dag.py took 0.228 seconds
[2024-04-27T01:56:02.877+0000] {processor.py:161} INFO - Started process (PID=128) to work on /opt/airflow/dags/welcome_dag.py
[2024-04-27T01:56:02.878+0000] {processor.py:830} INFO - Processing file /opt/airflow/dags/welcome_dag.py for tasks to queue
[2024-04-27T01:56:02.881+0000] {logging_mixin.py:188} INFO - [2024-04-27T01:56:02.880+0000] {dagbag.py:540} INFO - Filling up the DagBag from /opt/airflow/dags/welcome_dag.py
[2024-04-27T01:56:02.903+0000] {processor.py:840} INFO - DAG(s) 'welcome_dag' retrieved from /opt/airflow/dags/welcome_dag.py
[2024-04-27T01:56:02.933+0000] {logging_mixin.py:188} INFO - [2024-04-27T01:56:02.932+0000] {dag.py:3096} INFO - Sync 1 DAGs
[2024-04-27T01:56:02.961+0000] {logging_mixin.py:188} INFO - [2024-04-27T01:56:02.961+0000] {dag.py:3954} INFO - Setting next_dagrun for welcome_dag to 2024-04-26 23:00:00+00:00, run_after=2024-04-27 23:00:00+00:00
[2024-04-27T01:56:03.019+0000] {processor.py:183} INFO - Processing /opt/airflow/dags/welcome_dag.py took 0.148 seconds
[2024-04-27T01:56:34.665+0000] {processor.py:161} INFO - Started process (PID=131) to work on /opt/airflow/dags/welcome_dag.py
[2024-04-27T01:56:34.670+0000] {processor.py:830} INFO - Processing file /opt/airflow/dags/welcome_dag.py for tasks to queue
[2024-04-27T01:56:34.673+0000] {logging_mixin.py:188} INFO - [2024-04-27T01:56:34.672+0000] {dagbag.py:540} INFO - Filling up the DagBag from /opt/airflow/dags/welcome_dag.py
[2024-04-27T01:56:34.719+0000] {processor.py:840} INFO - DAG(s) 'welcome_dag' retrieved from /opt/airflow/dags/welcome_dag.py
[2024-04-27T01:56:34.765+0000] {logging_mixin.py:188} INFO - [2024-04-27T01:56:34.764+0000] {dag.py:3096} INFO - Sync 1 DAGs
[2024-04-27T01:56:34.807+0000] {logging_mixin.py:188} INFO - [2024-04-27T01:56:34.806+0000] {dag.py:3954} INFO - Setting next_dagrun for welcome_dag to 2024-04-26 23:00:00+00:00, run_after=2024-04-27 23:00:00+00:00
[2024-04-27T01:56:34.891+0000] {processor.py:183} INFO - Processing /opt/airflow/dags/welcome_dag.py took 0.231 seconds
[2024-04-27T01:57:06.038+0000] {processor.py:161} INFO - Started process (PID=134) to work on /opt/airflow/dags/welcome_dag.py
[2024-04-27T01:57:06.039+0000] {processor.py:830} INFO - Processing file /opt/airflow/dags/welcome_dag.py for tasks to queue
[2024-04-27T01:57:06.042+0000] {logging_mixin.py:188} INFO - [2024-04-27T01:57:06.041+0000] {dagbag.py:540} INFO - Filling up the DagBag from /opt/airflow/dags/welcome_dag.py
[2024-04-27T01:57:06.067+0000] {processor.py:840} INFO - DAG(s) 'welcome_dag' retrieved from /opt/airflow/dags/welcome_dag.py
[2024-04-27T01:57:06.099+0000] {logging_mixin.py:188} INFO - [2024-04-27T01:57:06.099+0000] {dag.py:3096} INFO - Sync 1 DAGs
[2024-04-27T01:57:06.131+0000] {logging_mixin.py:188} INFO - [2024-04-27T01:57:06.131+0000] {dag.py:3954} INFO - Setting next_dagrun for welcome_dag to 2024-04-26 23:00:00+00:00, run_after=2024-04-27 23:00:00+00:00
[2024-04-27T01:57:06.192+0000] {processor.py:183} INFO - Processing /opt/airflow/dags/welcome_dag.py took 0.161 seconds
[2024-04-27T01:57:37.498+0000] {processor.py:161} INFO - Started process (PID=137) to work on /opt/airflow/dags/welcome_dag.py
[2024-04-27T01:57:37.499+0000] {processor.py:830} INFO - Processing file /opt/airflow/dags/welcome_dag.py for tasks to queue
[2024-04-27T01:57:37.501+0000] {logging_mixin.py:188} INFO - [2024-04-27T01:57:37.500+0000] {dagbag.py:540} INFO - Filling up the DagBag from /opt/airflow/dags/welcome_dag.py
[2024-04-27T01:57:37.530+0000] {processor.py:840} INFO - DAG(s) 'welcome_dag' retrieved from /opt/airflow/dags/welcome_dag.py
[2024-04-27T01:57:37.584+0000] {logging_mixin.py:188} INFO - [2024-04-27T01:57:37.584+0000] {dag.py:3096} INFO - Sync 1 DAGs
[2024-04-27T01:57:37.668+0000] {logging_mixin.py:188} INFO - [2024-04-27T01:57:37.668+0000] {dag.py:3954} INFO - Setting next_dagrun for welcome_dag to 2024-04-26 23:00:00+00:00, run_after=2024-04-27 23:00:00+00:00
[2024-04-27T01:57:37.820+0000] {processor.py:183} INFO - Processing /opt/airflow/dags/welcome_dag.py took 0.329 seconds
[2024-04-27T01:58:08.170+0000] {processor.py:161} INFO - Started process (PID=140) to work on /opt/airflow/dags/welcome_dag.py
[2024-04-27T01:58:08.171+0000] {processor.py:830} INFO - Processing file /opt/airflow/dags/welcome_dag.py for tasks to queue
[2024-04-27T01:58:08.173+0000] {logging_mixin.py:188} INFO - [2024-04-27T01:58:08.173+0000] {dagbag.py:540} INFO - Filling up the DagBag from /opt/airflow/dags/welcome_dag.py
[2024-04-27T01:58:08.206+0000] {processor.py:840} INFO - DAG(s) 'welcome_dag' retrieved from /opt/airflow/dags/welcome_dag.py
[2024-04-27T01:58:08.242+0000] {logging_mixin.py:188} INFO - [2024-04-27T01:58:08.242+0000] {dag.py:3096} INFO - Sync 1 DAGs
[2024-04-27T01:58:08.276+0000] {logging_mixin.py:188} INFO - [2024-04-27T01:58:08.276+0000] {dag.py:3954} INFO - Setting next_dagrun for welcome_dag to 2024-04-26 23:00:00+00:00, run_after=2024-04-27 23:00:00+00:00
[2024-04-27T01:58:08.346+0000] {processor.py:183} INFO - Processing /opt/airflow/dags/welcome_dag.py took 0.182 seconds
[2024-04-27T01:58:40.130+0000] {processor.py:161} INFO - Started process (PID=143) to work on /opt/airflow/dags/welcome_dag.py
[2024-04-27T01:58:40.132+0000] {processor.py:830} INFO - Processing file /opt/airflow/dags/welcome_dag.py for tasks to queue
[2024-04-27T01:58:40.139+0000] {logging_mixin.py:188} INFO - [2024-04-27T01:58:40.138+0000] {dagbag.py:540} INFO - Filling up the DagBag from /opt/airflow/dags/welcome_dag.py
[2024-04-27T01:58:40.174+0000] {processor.py:840} INFO - DAG(s) 'welcome_dag' retrieved from /opt/airflow/dags/welcome_dag.py
[2024-04-27T01:58:40.220+0000] {logging_mixin.py:188} INFO - [2024-04-27T01:58:40.219+0000] {dag.py:3096} INFO - Sync 1 DAGs
[2024-04-27T01:58:40.266+0000] {logging_mixin.py:188} INFO - [2024-04-27T01:58:40.265+0000] {dag.py:3954} INFO - Setting next_dagrun for welcome_dag to 2024-04-26 23:00:00+00:00, run_after=2024-04-27 23:00:00+00:00
[2024-04-27T01:58:40.336+0000] {processor.py:183} INFO - Processing /opt/airflow/dags/welcome_dag.py took 0.217 seconds
