[2024-04-26T23:03:04.360+0000] {local_task_job_runner.py:120} INFO - ::group::Pre task execution logs
[2024-04-26T23:03:04.396+0000] {taskinstance.py:2073} INFO - Dependencies all met for dep_context=non-requeueable deps ti=<TaskInstance: crypto_etl_dag.obtener_datos manual__2024-04-26T23:02:50.654372+00:00 [queued]>
[2024-04-26T23:03:04.409+0000] {taskinstance.py:2073} INFO - Dependencies all met for dep_context=requeueable deps ti=<TaskInstance: crypto_etl_dag.obtener_datos manual__2024-04-26T23:02:50.654372+00:00 [queued]>
[2024-04-26T23:03:04.409+0000] {taskinstance.py:2303} INFO - Starting attempt 1 of 2
[2024-04-26T23:03:04.442+0000] {taskinstance.py:2327} INFO - Executing <Task(PythonOperator): obtener_datos> on 2024-04-26 23:02:50.654372+00:00
[2024-04-26T23:03:04.452+0000] {standard_task_runner.py:90} INFO - Running: ['airflow', 'tasks', 'run', 'crypto_etl_dag', 'obtener_datos', 'manual__2024-04-26T23:02:50.654372+00:00', '--job-id', '45', '--raw', '--subdir', 'DAGS_FOLDER/Crypto_etl_dag.py', '--cfg-path', '/tmp/tmpn_tlbkxv']
[2024-04-26T23:03:04.454+0000] {standard_task_runner.py:91} INFO - Job 45: Subtask obtener_datos
[2024-04-26T23:03:04.466+0000] {logging_mixin.py:188} WARNING - /home/airflow/.local/lib/python3.12/site-packages/airflow/task/task_runner/standard_task_runner.py:61 DeprecationWarning: This process (pid=61) is multi-threaded, use of fork() may lead to deadlocks in the child.
[2024-04-26T23:03:04.467+0000] {standard_task_runner.py:63} INFO - Started process 66 to run task
[2024-04-26T23:03:04.563+0000] {task_command.py:426} INFO - Running <TaskInstance: crypto_etl_dag.obtener_datos manual__2024-04-26T23:02:50.654372+00:00 [running]> on host cfc50b94fda3
[2024-04-26T23:03:04.825+0000] {taskinstance.py:2644} INFO - Exporting env vars: AIRFLOW_CTX_DAG_OWNER='airflow' AIRFLOW_CTX_DAG_ID='crypto_etl_dag' AIRFLOW_CTX_TASK_ID='obtener_datos' AIRFLOW_CTX_EXECUTION_DATE='2024-04-26T23:02:50.654372+00:00' AIRFLOW_CTX_TRY_NUMBER='1' AIRFLOW_CTX_DAG_RUN_ID='manual__2024-04-26T23:02:50.654372+00:00'
[2024-04-26T23:03:04.827+0000] {taskinstance.py:430} INFO - ::endgroup::
[2024-04-26T23:03:05.158+0000] {python.py:237} INFO - Done. Returned value was:                          id  ...                                             quotes
0               btc-bitcoin  ...  {'USD': {'price': 63852.42911360466, 'volume_2...
1              eth-ethereum  ...  {'USD': {'price': 3134.079778498248, 'volume_2...
2               usdt-tether  ...  {'USD': {'price': 1.0004730604003578, 'volume_...
3          bnb-binance-coin  ...  {'USD': {'price': 598.9288403246378, 'volume_2...
4                sol-solana  ...  {'USD': {'price': 139.25390661433366, 'volume_...
5             usdc-usd-coin  ...  {'USD': {'price': 1.001075091312826, 'volume_2...
6   steth-lido-staked-ether  ...  {'USD': {'price': 3131.396874518832, 'volume_2...
7                   xrp-xrp  ...  {'USD': {'price': 0.5247910913379086, 'volume_...
8             doge-dogecoin  ...  {'USD': {'price': 0.14738997403395354, 'volume...
9  toncoin-the-open-network  ...  {'USD': {'price': 5.316296664361388, 'volume_2...

[10 rows x 10 columns]
[2024-04-26T23:03:05.183+0000] {taskinstance.py:441} INFO - ::group::Post task execution logs
[2024-04-26T23:03:05.376+0000] {taskinstance.py:1205} INFO - Marking task as SUCCESS. dag_id=crypto_etl_dag, task_id=obtener_datos, execution_date=20240426T230250, start_date=20240426T230304, end_date=20240426T230305
[2024-04-26T23:03:05.487+0000] {local_task_job_runner.py:240} INFO - Task exited with return code 0
[2024-04-26T23:03:05.531+0000] {taskinstance.py:3482} INFO - 1 downstream tasks scheduled from follow-on schedule check
[2024-04-26T23:03:05.542+0000] {local_task_job_runner.py:222} INFO - ::endgroup::
