[2024-04-27T01:49:37.077+0000] {local_task_job_runner.py:120} INFO - ::group::Pre task execution logs
[2024-04-27T01:49:37.296+0000] {taskinstance.py:2073} INFO - Dependencies all met for dep_context=non-requeueable deps ti=<TaskInstance: crypto_etl_dag.obtener_datos manual__2024-04-27T01:49:15.672466+00:00 [queued]>
[2024-04-27T01:49:37.342+0000] {taskinstance.py:2073} INFO - Dependencies all met for dep_context=requeueable deps ti=<TaskInstance: crypto_etl_dag.obtener_datos manual__2024-04-27T01:49:15.672466+00:00 [queued]>
[2024-04-27T01:49:37.345+0000] {taskinstance.py:2303} INFO - Starting attempt 1 of 2
[2024-04-27T01:49:37.449+0000] {taskinstance.py:2327} INFO - Executing <Task(PythonOperator): obtener_datos> on 2024-04-27 01:49:15.672466+00:00
[2024-04-27T01:49:37.471+0000] {standard_task_runner.py:90} INFO - Running: ['airflow', 'tasks', 'run', 'crypto_etl_dag', 'obtener_datos', 'manual__2024-04-27T01:49:15.672466+00:00', '--job-id', '73', '--raw', '--subdir', 'DAGS_FOLDER/Crypto_etl_dag.py', '--cfg-path', '/tmp/tmpefvii8cx']
[2024-04-27T01:49:37.479+0000] {standard_task_runner.py:91} INFO - Job 73: Subtask obtener_datos
[2024-04-27T01:49:37.487+0000] {logging_mixin.py:188} WARNING - /home/airflow/.local/lib/python3.12/site-packages/airflow/task/task_runner/standard_task_runner.py:61 DeprecationWarning: This process (pid=73) is multi-threaded, use of fork() may lead to deadlocks in the child.
[2024-04-27T01:49:37.498+0000] {standard_task_runner.py:63} INFO - Started process 78 to run task
[2024-04-27T01:49:37.715+0000] {task_command.py:426} INFO - Running <TaskInstance: crypto_etl_dag.obtener_datos manual__2024-04-27T01:49:15.672466+00:00 [running]> on host e15c97520e84
[2024-04-27T01:49:37.868+0000] {taskinstance.py:2644} INFO - Exporting env vars: AIRFLOW_CTX_DAG_OWNER='airflow' AIRFLOW_CTX_DAG_ID='crypto_etl_dag' AIRFLOW_CTX_TASK_ID='obtener_datos' AIRFLOW_CTX_EXECUTION_DATE='2024-04-27T01:49:15.672466+00:00' AIRFLOW_CTX_TRY_NUMBER='1' AIRFLOW_CTX_DAG_RUN_ID='manual__2024-04-27T01:49:15.672466+00:00'
[2024-04-27T01:49:37.870+0000] {taskinstance.py:430} INFO - ::endgroup::
[2024-04-27T01:49:38.091+0000] {python.py:237} INFO - Done. Returned value was:                          id  ...                                             quotes
0               btc-bitcoin  ...  {'USD': {'price': 62761.529474540126, 'volume_...
1              eth-ethereum  ...  {'USD': {'price': 3096.891219557051, 'volume_2...
2               usdt-tether  ...  {'USD': {'price': 1.0016017315602588, 'volume_...
3          bnb-binance-coin  ...  {'USD': {'price': 588.8239686192761, 'volume_2...
4                sol-solana  ...  {'USD': {'price': 135.52381332042535, 'volume_...
5             usdc-usd-coin  ...  {'USD': {'price': 1.001785741951273, 'volume_2...
6   steth-lido-staked-ether  ...  {'USD': {'price': 3095.4360172873407, 'volume_...
7                   xrp-xrp  ...  {'USD': {'price': 0.5147292696846866, 'volume_...
8             doge-dogecoin  ...  {'USD': {'price': 0.14462337623182614, 'volume...
9  toncoin-the-open-network  ...  {'USD': {'price': 5.260118064699002, 'volume_2...

[10 rows x 10 columns]
[2024-04-27T01:49:38.162+0000] {taskinstance.py:441} INFO - ::group::Post task execution logs
[2024-04-27T01:49:38.520+0000] {taskinstance.py:1205} INFO - Marking task as SUCCESS. dag_id=crypto_etl_dag, task_id=obtener_datos, execution_date=20240427T014915, start_date=20240427T014937, end_date=20240427T014938
[2024-04-27T01:49:38.637+0000] {local_task_job_runner.py:240} INFO - Task exited with return code 0
[2024-04-27T01:49:38.696+0000] {taskinstance.py:3482} INFO - 1 downstream tasks scheduled from follow-on schedule check
[2024-04-27T01:49:38.710+0000] {local_task_job_runner.py:222} INFO - ::endgroup::
