[2024-04-27T00:35:16.561+0000] {local_task_job_runner.py:120} INFO - ::group::Pre task execution logs
[2024-04-27T00:35:16.749+0000] {taskinstance.py:2073} INFO - Dependencies all met for dep_context=non-requeueable deps ti=<TaskInstance: crypto_etl_dag.obtener_datos manual__2024-04-27T00:35:07.890055+00:00 [queued]>
[2024-04-27T00:35:16.786+0000] {taskinstance.py:2073} INFO - Dependencies all met for dep_context=requeueable deps ti=<TaskInstance: crypto_etl_dag.obtener_datos manual__2024-04-27T00:35:07.890055+00:00 [queued]>
[2024-04-27T00:35:16.788+0000] {taskinstance.py:2303} INFO - Starting attempt 1 of 2
[2024-04-27T00:35:16.855+0000] {taskinstance.py:2327} INFO - Executing <Task(PythonOperator): obtener_datos> on 2024-04-27 00:35:07.890055+00:00
[2024-04-27T00:35:16.866+0000] {standard_task_runner.py:90} INFO - Running: ['airflow', 'tasks', 'run', 'crypto_etl_dag', 'obtener_datos', 'manual__2024-04-27T00:35:07.890055+00:00', '--job-id', '57', '--raw', '--subdir', 'DAGS_FOLDER/Crypto_etl_dag.py', '--cfg-path', '/tmp/tmpzk7t7myt']
[2024-04-27T00:35:16.868+0000] {standard_task_runner.py:91} INFO - Job 57: Subtask obtener_datos
[2024-04-27T00:35:16.880+0000] {logging_mixin.py:188} WARNING - /home/airflow/.local/lib/python3.12/site-packages/airflow/task/task_runner/standard_task_runner.py:61 DeprecationWarning: This process (pid=84) is multi-threaded, use of fork() may lead to deadlocks in the child.
[2024-04-27T00:35:16.882+0000] {standard_task_runner.py:63} INFO - Started process 89 to run task
[2024-04-27T00:35:17.002+0000] {task_command.py:426} INFO - Running <TaskInstance: crypto_etl_dag.obtener_datos manual__2024-04-27T00:35:07.890055+00:00 [running]> on host cfc50b94fda3
[2024-04-27T00:35:17.243+0000] {taskinstance.py:2644} INFO - Exporting env vars: AIRFLOW_CTX_DAG_OWNER='airflow' AIRFLOW_CTX_DAG_ID='crypto_etl_dag' AIRFLOW_CTX_TASK_ID='obtener_datos' AIRFLOW_CTX_EXECUTION_DATE='2024-04-27T00:35:07.890055+00:00' AIRFLOW_CTX_TRY_NUMBER='1' AIRFLOW_CTX_DAG_RUN_ID='manual__2024-04-27T00:35:07.890055+00:00'
[2024-04-27T00:35:17.249+0000] {taskinstance.py:430} INFO - ::endgroup::
[2024-04-27T00:35:17.494+0000] {python.py:237} INFO - Done. Returned value was:                          id  ...                                             quotes
0               btc-bitcoin  ...  {'USD': {'price': 63678.504906959366, 'volume_...
1              eth-ethereum  ...  {'USD': {'price': 3120.8995093412486, 'volume_...
2               usdt-tether  ...  {'USD': {'price': 1.0006364933348146, 'volume_...
3          bnb-binance-coin  ...  {'USD': {'price': 596.6306827291037, 'volume_2...
4                sol-solana  ...  {'USD': {'price': 138.52435252069364, 'volume_...
5             usdc-usd-coin  ...  {'USD': {'price': 1.0008841854099528, 'volume_...
6   steth-lido-staked-ether  ...  {'USD': {'price': 3117.868651694238, 'volume_2...
7                   xrp-xrp  ...  {'USD': {'price': 0.5240273076319655, 'volume_...
8             doge-dogecoin  ...  {'USD': {'price': 0.14808465827250133, 'volume...
9  toncoin-the-open-network  ...  {'USD': {'price': 5.3737747037387695, 'volume_...

[10 rows x 10 columns]
[2024-04-27T00:35:17.519+0000] {taskinstance.py:441} INFO - ::group::Post task execution logs
[2024-04-27T00:35:17.592+0000] {taskinstance.py:1205} INFO - Marking task as SUCCESS. dag_id=crypto_etl_dag, task_id=obtener_datos, execution_date=20240427T003507, start_date=20240427T003516, end_date=20240427T003517
[2024-04-27T00:35:17.662+0000] {local_task_job_runner.py:240} INFO - Task exited with return code 0
[2024-04-27T00:35:17.707+0000] {taskinstance.py:3482} INFO - 1 downstream tasks scheduled from follow-on schedule check
[2024-04-27T00:35:17.718+0000] {local_task_job_runner.py:222} INFO - ::endgroup::
